{"/Users/davidmikulis/neuro-pilot-ai/inventory-enterprise/backend/middleware/audit.js": {"path":"/Users/davidmikulis/neuro-pilot-ai/inventory-enterprise/backend/middleware/audit.js","statementMap":{"0":{"start":{"line":6,"column":15},"end":{"line":6,"column":32}},"1":{"start":{"line":7,"column":24},"end":{"line":7,"column":59}},"2":{"start":{"line":11,"column":4},"end":{"line":11,"column":17}},"3":{"start":{"line":12,"column":4},"end":{"line":12,"column":61}},"4":{"start":{"line":13,"column":4},"end":{"line":13,"column":80}},"5":{"start":{"line":14,"column":4},"end":{"line":14,"column":75}},"6":{"start":{"line":16,"column":4},"end":{"line":16,"column":86}},"7":{"start":{"line":24,"column":4},"end":{"line":56,"column":6}},"8":{"start":{"line":25,"column":6},"end":{"line":27,"column":7}},"9":{"start":{"line":26,"column":8},"end":{"line":26,"column":22}},"10":{"start":{"line":30,"column":6},"end":{"line":32,"column":7}},"11":{"start":{"line":31,"column":8},"end":{"line":31,"column":22}},"12":{"start":{"line":34,"column":24},"end":{"line":34,"column":34}},"13":{"start":{"line":37,"column":27},"end":{"line":37,"column":45}},"14":{"start":{"line":38,"column":27},"end":{"line":38,"column":45}},"15":{"start":{"line":41,"column":6},"end":{"line":41,"column":33}},"16":{"start":{"line":42,"column":6},"end":{"line":42,"column":59}},"17":{"start":{"line":45,"column":6},"end":{"line":48,"column":8}},"18":{"start":{"line":46,"column":8},"end":{"line":46,"column":51}},"19":{"start":{"line":47,"column":8},"end":{"line":47,"column":34}},"20":{"start":{"line":50,"column":6},"end":{"line":53,"column":8}},"21":{"start":{"line":51,"column":8},"end":{"line":51,"column":51}},"22":{"start":{"line":52,"column":8},"end":{"line":52,"column":34}},"23":{"start":{"line":55,"column":6},"end":{"line":55,"column":13}},"24":{"start":{"line":63,"column":4},"end":{"line":108,"column":5}},"25":{"start":{"line":64,"column":23},"end":{"line":64,"column":45}},"26":{"start":{"line":67,"column":24},"end":{"line":67,"column":50}},"27":{"start":{"line":69,"column":6},"end":{"line":71,"column":7}},"28":{"start":{"line":70,"column":8},"end":{"line":70,"column":15}},"29":{"start":{"line":74,"column":25},"end":{"line":93,"column":7}},"30":{"start":{"line":96,"column":6},"end":{"line":96,"column":43}},"31":{"start":{"line":99,"column":6},"end":{"line":103,"column":8}},"32":{"start":{"line":107,"column":6},"end":{"line":107,"column":51}},"33":{"start":{"line":115,"column":19},"end":{"line":115,"column":29}},"34":{"start":{"line":116,"column":17},"end":{"line":116,"column":25}},"35":{"start":{"line":119,"column":4},"end":{"line":121,"column":5}},"36":{"start":{"line":120,"column":6},"end":{"line":120,"column":18}},"37":{"start":{"line":124,"column":4},"end":{"line":126,"column":5}},"38":{"start":{"line":125,"column":6},"end":{"line":125,"column":18}},"39":{"start":{"line":129,"column":4},"end":{"line":131,"column":5}},"40":{"start":{"line":130,"column":6},"end":{"line":130,"column":18}},"41":{"start":{"line":134,"column":4},"end":{"line":136,"column":5}},"42":{"start":{"line":135,"column":6},"end":{"line":135,"column":18}},"43":{"start":{"line":139,"column":4},"end":{"line":141,"column":5}},"44":{"start":{"line":140,"column":6},"end":{"line":140,"column":19}},"45":{"start":{"line":144,"column":4},"end":{"line":144,"column":16}},"46":{"start":{"line":151,"column":17},"end":{"line":151,"column":25}},"47":{"start":{"line":153,"column":4},"end":{"line":153,"column":62}},"48":{"start":{"line":153,"column":38},"end":{"line":153,"column":62}},"49":{"start":{"line":154,"column":4},"end":{"line":154,"column":63}},"50":{"start":{"line":154,"column":39},"end":{"line":154,"column":63}},"51":{"start":{"line":155,"column":4},"end":{"line":155,"column":51}},"52":{"start":{"line":155,"column":32},"end":{"line":155,"column":51}},"53":{"start":{"line":156,"column":4},"end":{"line":156,"column":59}},"54":{"start":{"line":156,"column":34},"end":{"line":156,"column":59}},"55":{"start":{"line":157,"column":4},"end":{"line":157,"column":67}},"56":{"start":{"line":157,"column":38},"end":{"line":157,"column":67}},"57":{"start":{"line":158,"column":4},"end":{"line":158,"column":65}},"58":{"start":{"line":158,"column":37},"end":{"line":158,"column":65}},"59":{"start":{"line":160,"column":4},"end":{"line":160,"column":78}},"60":{"start":{"line":160,"column":55},"end":{"line":160,"column":78}},"61":{"start":{"line":161,"column":4},"end":{"line":161,"column":56}},"62":{"start":{"line":161,"column":33},"end":{"line":161,"column":56}},"63":{"start":{"line":163,"column":4},"end":{"line":163,"column":25}},"64":{"start":{"line":171,"column":4},"end":{"line":171,"column":80}},"65":{"start":{"line":171,"column":62},"end":{"line":171,"column":80}},"66":{"start":{"line":172,"column":4},"end":{"line":172,"column":51}},"67":{"start":{"line":172,"column":33},"end":{"line":172,"column":51}},"68":{"start":{"line":173,"column":4},"end":{"line":173,"column":49}},"69":{"start":{"line":173,"column":31},"end":{"line":173,"column":49}},"70":{"start":{"line":176,"column":4},"end":{"line":176,"column":48}},"71":{"start":{"line":176,"column":31},"end":{"line":176,"column":48}},"72":{"start":{"line":179,"column":4},"end":{"line":179,"column":18}},"73":{"start":{"line":186,"column":4},"end":{"line":186,"column":60}},"74":{"start":{"line":186,"column":47},"end":{"line":186,"column":60}},"75":{"start":{"line":187,"column":4},"end":{"line":187,"column":60}},"76":{"start":{"line":187,"column":47},"end":{"line":187,"column":60}},"77":{"start":{"line":188,"column":4},"end":{"line":188,"column":60}},"78":{"start":{"line":188,"column":47},"end":{"line":188,"column":60}},"79":{"start":{"line":189,"column":4},"end":{"line":189,"column":40}},"80":{"start":{"line":189,"column":27},"end":{"line":189,"column":40}},"81":{"start":{"line":190,"column":4},"end":{"line":190,"column":21}},"82":{"start":{"line":197,"column":4},"end":{"line":203,"column":6}},"83":{"start":{"line":210,"column":4},"end":{"line":212,"column":5}},"84":{"start":{"line":211,"column":6},"end":{"line":211,"column":18}},"85":{"start":{"line":214,"column":21},"end":{"line":214,"column":32}},"86":{"start":{"line":216,"column":4},"end":{"line":220,"column":5}},"87":{"start":{"line":217,"column":6},"end":{"line":219,"column":7}},"88":{"start":{"line":218,"column":8},"end":{"line":218,"column":39}},"89":{"start":{"line":223,"column":4},"end":{"line":227,"column":5}},"90":{"start":{"line":224,"column":6},"end":{"line":226,"column":7}},"91":{"start":{"line":225,"column":8},"end":{"line":225,"column":53}},"92":{"start":{"line":229,"column":4},"end":{"line":229,"column":20}},"93":{"start":{"line":236,"column":21},"end":{"line":236,"column":35}},"94":{"start":{"line":238,"column":29},"end":{"line":238,"column":69}},"95":{"start":{"line":240,"column":4},"end":{"line":244,"column":5}},"96":{"start":{"line":241,"column":6},"end":{"line":243,"column":7}},"97":{"start":{"line":242,"column":8},"end":{"line":242,"column":40}},"98":{"start":{"line":246,"column":4},"end":{"line":246,"column":20}},"99":{"start":{"line":253,"column":4},"end":{"line":256,"column":5}},"100":{"start":{"line":254,"column":6},"end":{"line":254,"column":64}},"101":{"start":{"line":255,"column":6},"end":{"line":255,"column":13}},"102":{"start":{"line":258,"column":4},"end":{"line":286,"column":5}},"103":{"start":{"line":259,"column":18},"end":{"line":265,"column":7}},"104":{"start":{"line":267,"column":6},"end":{"line":282,"column":9}},"105":{"start":{"line":285,"column":6},"end":{"line":285,"column":57}},"106":{"start":{"line":296,"column":4},"end":{"line":298,"column":5}},"107":{"start":{"line":297,"column":6},"end":{"line":297,"column":49}},"108":{"start":{"line":300,"column":25},"end":{"line":300,"column":27}},"109":{"start":{"line":301,"column":19},"end":{"line":301,"column":21}},"110":{"start":{"line":303,"column":4},"end":{"line":306,"column":5}},"111":{"start":{"line":304,"column":6},"end":{"line":304,"column":39}},"112":{"start":{"line":305,"column":6},"end":{"line":305,"column":35}},"113":{"start":{"line":308,"column":4},"end":{"line":311,"column":5}},"114":{"start":{"line":309,"column":6},"end":{"line":309,"column":41}},"115":{"start":{"line":310,"column":6},"end":{"line":310,"column":37}},"116":{"start":{"line":313,"column":4},"end":{"line":316,"column":5}},"117":{"start":{"line":314,"column":6},"end":{"line":314,"column":42}},"118":{"start":{"line":315,"column":6},"end":{"line":315,"column":38}},"119":{"start":{"line":318,"column":4},"end":{"line":321,"column":5}},"120":{"start":{"line":319,"column":6},"end":{"line":319,"column":40}},"121":{"start":{"line":320,"column":6},"end":{"line":320,"column":36}},"122":{"start":{"line":323,"column":4},"end":{"line":326,"column":5}},"123":{"start":{"line":324,"column":6},"end":{"line":324,"column":43}},"124":{"start":{"line":325,"column":6},"end":{"line":325,"column":38}},"125":{"start":{"line":328,"column":4},"end":{"line":331,"column":5}},"126":{"start":{"line":329,"column":6},"end":{"line":329,"column":43}},"127":{"start":{"line":330,"column":6},"end":{"line":330,"column":36}},"128":{"start":{"line":333,"column":24},"end":{"line":335,"column":10}},"129":{"start":{"line":337,"column":16},"end":{"line":343,"column":5}},"130":{"start":{"line":345,"column":4},"end":{"line":345,"column":23}},"131":{"start":{"line":347,"column":17},"end":{"line":347,"column":47}},"132":{"start":{"line":349,"column":4},"end":{"line":353,"column":8}},"133":{"start":{"line":349,"column":28},"end":{"line":353,"column":5}},"134":{"start":{"line":363,"column":4},"end":{"line":365,"column":5}},"135":{"start":{"line":364,"column":6},"end":{"line":364,"column":49}},"136":{"start":{"line":367,"column":16},"end":{"line":379,"column":5}},"137":{"start":{"line":381,"column":18},"end":{"line":381,"column":58}},"138":{"start":{"line":383,"column":21},"end":{"line":388,"column":5}},"139":{"start":{"line":390,"column":18},"end":{"line":390,"column":63}},"140":{"start":{"line":392,"column":4},"end":{"line":397,"column":6}},"141":{"start":{"line":401,"column":0},"end":{"line":401,"column":29}}},"fnMap":{"0":{"name":"(anonymous_0)","decl":{"start":{"line":10,"column":2},"end":{"line":10,"column":3}},"loc":{"start":{"line":10,"column":18},"end":{"line":17,"column":3}},"line":10},"1":{"name":"(anonymous_1)","decl":{"start":{"line":23,"column":2},"end":{"line":23,"column":3}},"loc":{"start":{"line":23,"column":20},"end":{"line":57,"column":3}},"line":23},"2":{"name":"(anonymous_2)","decl":{"start":{"line":24,"column":11},"end":{"line":24,"column":12}},"loc":{"start":{"line":24,"column":37},"end":{"line":56,"column":5}},"line":24},"3":{"name":"(anonymous_3)","decl":{"start":{"line":45,"column":17},"end":{"line":45,"column":18}},"loc":{"start":{"line":45,"column":27},"end":{"line":48,"column":7}},"line":45},"4":{"name":"(anonymous_4)","decl":{"start":{"line":50,"column":17},"end":{"line":50,"column":18}},"loc":{"start":{"line":50,"column":27},"end":{"line":53,"column":7}},"line":50},"5":{"name":"(anonymous_5)","decl":{"start":{"line":62,"column":2},"end":{"line":62,"column":3}},"loc":{"start":{"line":62,"column":54},"end":{"line":109,"column":3}},"line":62},"6":{"name":"(anonymous_6)","decl":{"start":{"line":114,"column":2},"end":{"line":114,"column":3}},"loc":{"start":{"line":114,"column":24},"end":{"line":145,"column":3}},"line":114},"7":{"name":"(anonymous_7)","decl":{"start":{"line":150,"column":2},"end":{"line":150,"column":3}},"loc":{"start":{"line":150,"column":26},"end":{"line":164,"column":3}},"line":150},"8":{"name":"(anonymous_8)","decl":{"start":{"line":169,"column":2},"end":{"line":169,"column":3}},"loc":{"start":{"line":169,"column":30},"end":{"line":180,"column":3}},"line":169},"9":{"name":"(anonymous_9)","decl":{"start":{"line":185,"column":2},"end":{"line":185,"column":3}},"loc":{"start":{"line":185,"column":29},"end":{"line":191,"column":3}},"line":185},"10":{"name":"(anonymous_10)","decl":{"start":{"line":196,"column":2},"end":{"line":196,"column":3}},"loc":{"start":{"line":196,"column":19},"end":{"line":204,"column":3}},"line":196},"11":{"name":"(anonymous_11)","decl":{"start":{"line":209,"column":2},"end":{"line":209,"column":3}},"loc":{"start":{"line":209,"column":17},"end":{"line":230,"column":3}},"line":209},"12":{"name":"(anonymous_12)","decl":{"start":{"line":235,"column":2},"end":{"line":235,"column":3}},"loc":{"start":{"line":235,"column":24},"end":{"line":247,"column":3}},"line":235},"13":{"name":"(anonymous_13)","decl":{"start":{"line":252,"column":2},"end":{"line":252,"column":3}},"loc":{"start":{"line":252,"column":29},"end":{"line":287,"column":3}},"line":252},"14":{"name":"(anonymous_14)","decl":{"start":{"line":295,"column":2},"end":{"line":295,"column":3}},"loc":{"start":{"line":295,"column":50},"end":{"line":354,"column":3}},"line":295},"15":{"name":"(anonymous_15)","decl":{"start":{"line":349,"column":20},"end":{"line":349,"column":21}},"loc":{"start":{"line":349,"column":28},"end":{"line":353,"column":5}},"line":349},"16":{"name":"(anonymous_16)","decl":{"start":{"line":362,"column":2},"end":{"line":362,"column":3}},"loc":{"start":{"line":362,"column":42},"end":{"line":398,"column":3}},"line":362}},"branchMap":{"0":{"loc":{"start":{"line":14,"column":24},"end":{"line":14,"column":74}},"type":"binary-expr","locations":[{"start":{"line":14,"column":24},"end":{"line":14,"column":67}},{"start":{"line":14,"column":71},"end":{"line":14,"column":74}}],"line":14},"1":{"loc":{"start":{"line":16,"column":45},"end":{"line":16,"column":82}},"type":"cond-expr","locations":[{"start":{"line":16,"column":60},"end":{"line":16,"column":69}},{"start":{"line":16,"column":72},"end":{"line":16,"column":82}}],"line":16},"2":{"loc":{"start":{"line":25,"column":6},"end":{"line":27,"column":7}},"type":"if","locations":[{"start":{"line":25,"column":6},"end":{"line":27,"column":7}},{"start":{},"end":{}}],"line":25},"3":{"loc":{"start":{"line":30,"column":6},"end":{"line":32,"column":7}},"type":"if","locations":[{"start":{"line":30,"column":6},"end":{"line":32,"column":7}},{"start":{},"end":{}}],"line":30},"4":{"loc":{"start":{"line":69,"column":6},"end":{"line":71,"column":7}},"type":"if","locations":[{"start":{"line":69,"column":6},"end":{"line":71,"column":7}},{"start":{},"end":{}}],"line":69},"5":{"loc":{"start":{"line":78,"column":17},"end":{"line":78,"column":37}},"type":"binary-expr","locations":[{"start":{"line":78,"column":17},"end":{"line":78,"column":29}},{"start":{"line":78,"column":33},"end":{"line":78,"column":37}}],"line":78},"6":{"loc":{"start":{"line":79,"column":20},"end":{"line":79,"column":43}},"type":"binary-expr","locations":[{"start":{"line":79,"column":20},"end":{"line":79,"column":35}},{"start":{"line":79,"column":39},"end":{"line":79,"column":43}}],"line":79},"7":{"loc":{"start":{"line":80,"column":19},"end":{"line":80,"column":47}},"type":"binary-expr","locations":[{"start":{"line":80,"column":19},"end":{"line":80,"column":39}},{"start":{"line":80,"column":43},"end":{"line":80,"column":47}}],"line":80},"8":{"loc":{"start":{"line":82,"column":20},"end":{"line":82,"column":53}},"type":"binary-expr","locations":[{"start":{"line":82,"column":20},"end":{"line":82,"column":45}},{"start":{"line":82,"column":49},"end":{"line":82,"column":53}}],"line":82},"9":{"loc":{"start":{"line":86,"column":17},"end":{"line":86,"column":62}},"type":"binary-expr","locations":[{"start":{"line":86,"column":17},"end":{"line":86,"column":38}},{"start":{"line":86,"column":42},"end":{"line":86,"column":62}}],"line":86},"10":{"loc":{"start":{"line":119,"column":4},"end":{"line":121,"column":5}},"type":"if","locations":[{"start":{"line":119,"column":4},"end":{"line":121,"column":5}},{"start":{},"end":{}}],"line":119},"11":{"loc":{"start":{"line":124,"column":4},"end":{"line":126,"column":5}},"type":"if","locations":[{"start":{"line":124,"column":4},"end":{"line":126,"column":5}},{"start":{},"end":{}}],"line":124},"12":{"loc":{"start":{"line":129,"column":4},"end":{"line":131,"column":5}},"type":"if","locations":[{"start":{"line":129,"column":4},"end":{"line":131,"column":5}},{"start":{},"end":{}}],"line":129},"13":{"loc":{"start":{"line":134,"column":4},"end":{"line":136,"column":5}},"type":"if","locations":[{"start":{"line":134,"column":4},"end":{"line":136,"column":5}},{"start":{},"end":{}}],"line":134},"14":{"loc":{"start":{"line":134,"column":8},"end":{"line":134,"column":60}},"type":"binary-expr","locations":[{"start":{"line":134,"column":8},"end":{"line":134,"column":32}},{"start":{"line":134,"column":36},"end":{"line":134,"column":60}}],"line":134},"15":{"loc":{"start":{"line":139,"column":4},"end":{"line":141,"column":5}},"type":"if","locations":[{"start":{"line":139,"column":4},"end":{"line":141,"column":5}},{"start":{},"end":{}}],"line":139},"16":{"loc":{"start":{"line":139,"column":8},"end":{"line":139,"column":49}},"type":"binary-expr","locations":[{"start":{"line":139,"column":8},"end":{"line":139,"column":26}},{"start":{"line":139,"column":30},"end":{"line":139,"column":49}}],"line":139},"17":{"loc":{"start":{"line":153,"column":4},"end":{"line":153,"column":62}},"type":"if","locations":[{"start":{"line":153,"column":4},"end":{"line":153,"column":62}},{"start":{},"end":{}}],"line":153},"18":{"loc":{"start":{"line":154,"column":4},"end":{"line":154,"column":63}},"type":"if","locations":[{"start":{"line":154,"column":4},"end":{"line":154,"column":63}},{"start":{},"end":{}}],"line":154},"19":{"loc":{"start":{"line":155,"column":4},"end":{"line":155,"column":51}},"type":"if","locations":[{"start":{"line":155,"column":4},"end":{"line":155,"column":51}},{"start":{},"end":{}}],"line":155},"20":{"loc":{"start":{"line":156,"column":4},"end":{"line":156,"column":59}},"type":"if","locations":[{"start":{"line":156,"column":4},"end":{"line":156,"column":59}},{"start":{},"end":{}}],"line":156},"21":{"loc":{"start":{"line":157,"column":4},"end":{"line":157,"column":67}},"type":"if","locations":[{"start":{"line":157,"column":4},"end":{"line":157,"column":67}},{"start":{},"end":{}}],"line":157},"22":{"loc":{"start":{"line":158,"column":4},"end":{"line":158,"column":65}},"type":"if","locations":[{"start":{"line":158,"column":4},"end":{"line":158,"column":65}},{"start":{},"end":{}}],"line":158},"23":{"loc":{"start":{"line":160,"column":4},"end":{"line":160,"column":78}},"type":"if","locations":[{"start":{"line":160,"column":4},"end":{"line":160,"column":78}},{"start":{},"end":{}}],"line":160},"24":{"loc":{"start":{"line":161,"column":4},"end":{"line":161,"column":56}},"type":"if","locations":[{"start":{"line":161,"column":4},"end":{"line":161,"column":56}},{"start":{},"end":{}}],"line":161},"25":{"loc":{"start":{"line":171,"column":4},"end":{"line":171,"column":80}},"type":"if","locations":[{"start":{"line":171,"column":4},"end":{"line":171,"column":80}},{"start":{},"end":{}}],"line":171},"26":{"loc":{"start":{"line":171,"column":8},"end":{"line":171,"column":60}},"type":"binary-expr","locations":[{"start":{"line":171,"column":8},"end":{"line":171,"column":35}},{"start":{"line":171,"column":39},"end":{"line":171,"column":60}}],"line":171},"27":{"loc":{"start":{"line":172,"column":4},"end":{"line":172,"column":51}},"type":"if","locations":[{"start":{"line":172,"column":4},"end":{"line":172,"column":51}},{"start":{},"end":{}}],"line":172},"28":{"loc":{"start":{"line":173,"column":4},"end":{"line":173,"column":49}},"type":"if","locations":[{"start":{"line":173,"column":4},"end":{"line":173,"column":49}},{"start":{},"end":{}}],"line":173},"29":{"loc":{"start":{"line":176,"column":4},"end":{"line":176,"column":48}},"type":"if","locations":[{"start":{"line":176,"column":4},"end":{"line":176,"column":48}},{"start":{},"end":{}}],"line":176},"30":{"loc":{"start":{"line":186,"column":4},"end":{"line":186,"column":60}},"type":"if","locations":[{"start":{"line":186,"column":4},"end":{"line":186,"column":60}},{"start":{},"end":{}}],"line":186},"31":{"loc":{"start":{"line":186,"column":8},"end":{"line":186,"column":45}},"type":"binary-expr","locations":[{"start":{"line":186,"column":8},"end":{"line":186,"column":25}},{"start":{"line":186,"column":29},"end":{"line":186,"column":45}}],"line":186},"32":{"loc":{"start":{"line":187,"column":4},"end":{"line":187,"column":60}},"type":"if","locations":[{"start":{"line":187,"column":4},"end":{"line":187,"column":60}},{"start":{},"end":{}}],"line":187},"33":{"loc":{"start":{"line":187,"column":8},"end":{"line":187,"column":45}},"type":"binary-expr","locations":[{"start":{"line":187,"column":8},"end":{"line":187,"column":25}},{"start":{"line":187,"column":29},"end":{"line":187,"column":45}}],"line":187},"34":{"loc":{"start":{"line":188,"column":4},"end":{"line":188,"column":60}},"type":"if","locations":[{"start":{"line":188,"column":4},"end":{"line":188,"column":60}},{"start":{},"end":{}}],"line":188},"35":{"loc":{"start":{"line":188,"column":8},"end":{"line":188,"column":45}},"type":"binary-expr","locations":[{"start":{"line":188,"column":8},"end":{"line":188,"column":25}},{"start":{"line":188,"column":29},"end":{"line":188,"column":45}}],"line":188},"36":{"loc":{"start":{"line":189,"column":4},"end":{"line":189,"column":40}},"type":"if","locations":[{"start":{"line":189,"column":4},"end":{"line":189,"column":40}},{"start":{},"end":{}}],"line":189},"37":{"loc":{"start":{"line":198,"column":6},"end":{"line":202,"column":15}},"type":"binary-expr","locations":[{"start":{"line":198,"column":6},"end":{"line":198,"column":58}},{"start":{"line":199,"column":6},"end":{"line":199,"column":30}},{"start":{"line":200,"column":6},"end":{"line":200,"column":35}},{"start":{"line":201,"column":6},"end":{"line":201,"column":31}},{"start":{"line":202,"column":6},"end":{"line":202,"column":15}}],"line":198},"38":{"loc":{"start":{"line":210,"column":4},"end":{"line":212,"column":5}},"type":"if","locations":[{"start":{"line":210,"column":4},"end":{"line":212,"column":5}},{"start":{},"end":{}}],"line":210},"39":{"loc":{"start":{"line":210,"column":8},"end":{"line":210,"column":41}},"type":"binary-expr","locations":[{"start":{"line":210,"column":8},"end":{"line":210,"column":13}},{"start":{"line":210,"column":17},"end":{"line":210,"column":41}}],"line":210},"40":{"loc":{"start":{"line":217,"column":6},"end":{"line":219,"column":7}},"type":"if","locations":[{"start":{"line":217,"column":6},"end":{"line":219,"column":7}},{"start":{},"end":{}}],"line":217},"41":{"loc":{"start":{"line":224,"column":6},"end":{"line":226,"column":7}},"type":"if","locations":[{"start":{"line":224,"column":6},"end":{"line":226,"column":7}},{"start":{},"end":{}}],"line":224},"42":{"loc":{"start":{"line":224,"column":10},"end":{"line":224,"column":69}},"type":"binary-expr","locations":[{"start":{"line":224,"column":10},"end":{"line":224,"column":43}},{"start":{"line":224,"column":47},"end":{"line":224,"column":69}}],"line":224},"43":{"loc":{"start":{"line":241,"column":6},"end":{"line":243,"column":7}},"type":"if","locations":[{"start":{"line":241,"column":6},"end":{"line":243,"column":7}},{"start":{},"end":{}}],"line":241},"44":{"loc":{"start":{"line":253,"column":4},"end":{"line":256,"column":5}},"type":"if","locations":[{"start":{"line":253,"column":4},"end":{"line":256,"column":5}},{"start":{},"end":{}}],"line":253},"45":{"loc":{"start":{"line":279,"column":8},"end":{"line":279,"column":29}},"type":"cond-expr","locations":[{"start":{"line":279,"column":24},"end":{"line":279,"column":25}},{"start":{"line":279,"column":28},"end":{"line":279,"column":29}}],"line":279},"46":{"loc":{"start":{"line":295,"column":23},"end":{"line":295,"column":35}},"type":"default-arg","locations":[{"start":{"line":295,"column":33},"end":{"line":295,"column":35}}],"line":295},"47":{"loc":{"start":{"line":295,"column":37},"end":{"line":295,"column":48}},"type":"default-arg","locations":[{"start":{"line":295,"column":45},"end":{"line":295,"column":48}}],"line":295},"48":{"loc":{"start":{"line":296,"column":4},"end":{"line":298,"column":5}},"type":"if","locations":[{"start":{"line":296,"column":4},"end":{"line":298,"column":5}},{"start":{},"end":{}}],"line":296},"49":{"loc":{"start":{"line":303,"column":4},"end":{"line":306,"column":5}},"type":"if","locations":[{"start":{"line":303,"column":4},"end":{"line":306,"column":5}},{"start":{},"end":{}}],"line":303},"50":{"loc":{"start":{"line":308,"column":4},"end":{"line":311,"column":5}},"type":"if","locations":[{"start":{"line":308,"column":4},"end":{"line":311,"column":5}},{"start":{},"end":{}}],"line":308},"51":{"loc":{"start":{"line":313,"column":4},"end":{"line":316,"column":5}},"type":"if","locations":[{"start":{"line":313,"column":4},"end":{"line":316,"column":5}},{"start":{},"end":{}}],"line":313},"52":{"loc":{"start":{"line":318,"column":4},"end":{"line":321,"column":5}},"type":"if","locations":[{"start":{"line":318,"column":4},"end":{"line":321,"column":5}},{"start":{},"end":{}}],"line":318},"53":{"loc":{"start":{"line":323,"column":4},"end":{"line":326,"column":5}},"type":"if","locations":[{"start":{"line":323,"column":4},"end":{"line":326,"column":5}},{"start":{},"end":{}}],"line":323},"54":{"loc":{"start":{"line":328,"column":4},"end":{"line":331,"column":5}},"type":"if","locations":[{"start":{"line":328,"column":4},"end":{"line":331,"column":5}},{"start":{},"end":{}}],"line":328},"55":{"loc":{"start":{"line":333,"column":24},"end":{"line":335,"column":10}},"type":"cond-expr","locations":[{"start":{"line":334,"column":8},"end":{"line":334,"column":45}},{"start":{"line":335,"column":8},"end":{"line":335,"column":10}}],"line":333},"56":{"loc":{"start":{"line":351,"column":31},"end":{"line":351,"column":55}},"type":"binary-expr","locations":[{"start":{"line":351,"column":31},"end":{"line":351,"column":47}},{"start":{"line":351,"column":51},"end":{"line":351,"column":55}}],"line":351},"57":{"loc":{"start":{"line":352,"column":27},"end":{"line":352,"column":47}},"type":"binary-expr","locations":[{"start":{"line":352,"column":27},"end":{"line":352,"column":39}},{"start":{"line":352,"column":43},"end":{"line":352,"column":47}}],"line":352},"58":{"loc":{"start":{"line":362,"column":32},"end":{"line":362,"column":40}},"type":"default-arg","locations":[{"start":{"line":362,"column":39},"end":{"line":362,"column":40}}],"line":362},"59":{"loc":{"start":{"line":363,"column":4},"end":{"line":365,"column":5}},"type":"if","locations":[{"start":{"line":363,"column":4},"end":{"line":365,"column":5}},{"start":{},"end":{}}],"line":363}},"s":{"0":0,"1":0,"2":0,"3":0,"4":0,"5":0,"6":0,"7":0,"8":0,"9":0,"10":0,"11":0,"12":0,"13":0,"14":0,"15":0,"16":0,"17":0,"18":0,"19":0,"20":0,"21":0,"22":0,"23":0,"24":0,"25":0,"26":0,"27":0,"28":0,"29":0,"30":0,"31":0,"32":0,"33":0,"34":0,"35":0,"36":0,"37":0,"38":0,"39":0,"40":0,"41":0,"42":0,"43":0,"44":0,"45":0,"46":0,"47":0,"48":0,"49":0,"50":0,"51":0,"52":0,"53":0,"54":0,"55":0,"56":0,"57":0,"58":0,"59":0,"60":0,"61":0,"62":0,"63":0,"64":0,"65":0,"66":0,"67":0,"68":0,"69":0,"70":0,"71":0,"72":0,"73":0,"74":0,"75":0,"76":0,"77":0,"78":0,"79":0,"80":0,"81":0,"82":0,"83":0,"84":0,"85":0,"86":0,"87":0,"88":0,"89":0,"90":0,"91":0,"92":0,"93":0,"94":0,"95":0,"96":0,"97":0,"98":0,"99":0,"100":0,"101":0,"102":0,"103":0,"104":0,"105":0,"106":0,"107":0,"108":0,"109":0,"110":0,"111":0,"112":0,"113":0,"114":0,"115":0,"116":0,"117":0,"118":0,"119":0,"120":0,"121":0,"122":0,"123":0,"124":0,"125":0,"126":0,"127":0,"128":0,"129":0,"130":0,"131":0,"132":0,"133":0,"134":0,"135":0,"136":0,"137":0,"138":0,"139":0,"140":0,"141":0},"f":{"0":0,"1":0,"2":0,"3":0,"4":0,"5":0,"6":0,"7":0,"8":0,"9":0,"10":0,"11":0,"12":0,"13":0,"14":0,"15":0,"16":0},"b":{"0":[0,0],"1":[0,0],"2":[0,0],"3":[0,0],"4":[0,0],"5":[0,0],"6":[0,0],"7":[0,0],"8":[0,0],"9":[0,0],"10":[0,0],"11":[0,0],"12":[0,0],"13":[0,0],"14":[0,0],"15":[0,0],"16":[0,0],"17":[0,0],"18":[0,0],"19":[0,0],"20":[0,0],"21":[0,0],"22":[0,0],"23":[0,0],"24":[0,0],"25":[0,0],"26":[0,0],"27":[0,0],"28":[0,0],"29":[0,0],"30":[0,0],"31":[0,0],"32":[0,0],"33":[0,0],"34":[0,0],"35":[0,0],"36":[0,0],"37":[0,0,0,0,0],"38":[0,0],"39":[0,0],"40":[0,0],"41":[0,0],"42":[0,0],"43":[0,0],"44":[0,0],"45":[0,0],"46":[0],"47":[0],"48":[0,0],"49":[0,0],"50":[0,0],"51":[0,0],"52":[0,0],"53":[0,0],"54":[0,0],"55":[0,0],"56":[0,0],"57":[0,0],"58":[0],"59":[0,0]}}
,"/Users/davidmikulis/neuro-pilot-ai/inventory-enterprise/backend/middleware/auth.js": {"path":"/Users/davidmikulis/neuro-pilot-ai/inventory-enterprise/backend/middleware/auth.js","statementMap":{"0":{"start":{"line":1,"column":12},"end":{"line":1,"column":35}},"1":{"start":{"line":2,"column":15},"end":{"line":2,"column":34}},"2":{"start":{"line":3,"column":53},"end":{"line":3,"column":82}},"3":{"start":{"line":4,"column":19},"end":{"line":4,"column":46}},"4":{"start":{"line":7,"column":14},"end":{"line":12,"column":1}},"5":{"start":{"line":15,"column":20},"end":{"line":34,"column":1}},"6":{"start":{"line":37,"column":14},"end":{"line":37,"column":23}},"7":{"start":{"line":38,"column":22},"end":{"line":38,"column":31}},"8":{"start":{"line":43,"column":21},"end":{"line":55,"column":1}},"9":{"start":{"line":57,"column":0},"end":{"line":57,"column":44}},"10":{"start":{"line":60,"column":23},"end":{"line":94,"column":1}},"11":{"start":{"line":61,"column":18},"end":{"line":66,"column":3}},"12":{"start":{"line":68,"column":22},"end":{"line":73,"column":4}},"13":{"start":{"line":75,"column":23},"end":{"line":84,"column":3}},"14":{"start":{"line":87,"column":2},"end":{"line":91,"column":5}},"15":{"start":{"line":93,"column":2},"end":{"line":93,"column":39}},"16":{"start":{"line":97,"column":26},"end":{"line":134,"column":1}},"17":{"start":{"line":98,"column":21},"end":{"line":98,"column":49}},"18":{"start":{"line":99,"column":16},"end":{"line":99,"column":54}},"19":{"start":{"line":101,"column":2},"end":{"line":106,"column":3}},"20":{"start":{"line":102,"column":4},"end":{"line":105,"column":7}},"21":{"start":{"line":108,"column":2},"end":{"line":133,"column":5}},"22":{"start":{"line":109,"column":4},"end":{"line":120,"column":5}},"23":{"start":{"line":110,"column":6},"end":{"line":114,"column":9}},"24":{"start":{"line":116,"column":6},"end":{"line":119,"column":9}},"25":{"start":{"line":123,"column":17},"end":{"line":123,"column":74}},"26":{"start":{"line":123,"column":54},"end":{"line":123,"column":73}},"27":{"start":{"line":124,"column":4},"end":{"line":129,"column":5}},"28":{"start":{"line":125,"column":6},"end":{"line":128,"column":9}},"29":{"start":{"line":131,"column":4},"end":{"line":131,"column":23}},"30":{"start":{"line":132,"column":4},"end":{"line":132,"column":11}},"31":{"start":{"line":137,"column":20},"end":{"line":166,"column":1}},"32":{"start":{"line":138,"column":2},"end":{"line":165,"column":4}},"33":{"start":{"line":139,"column":4},"end":{"line":144,"column":5}},"34":{"start":{"line":140,"column":6},"end":{"line":143,"column":9}},"35":{"start":{"line":146,"column":22},"end":{"line":146,"column":84}},"36":{"start":{"line":148,"column":4},"end":{"line":162,"column":5}},"37":{"start":{"line":149,"column":6},"end":{"line":155,"column":9}},"38":{"start":{"line":157,"column":6},"end":{"line":161,"column":9}},"39":{"start":{"line":164,"column":4},"end":{"line":164,"column":11}},"40":{"start":{"line":169,"column":26},"end":{"line":197,"column":1}},"41":{"start":{"line":170,"column":2},"end":{"line":196,"column":4}},"42":{"start":{"line":171,"column":4},"end":{"line":176,"column":5}},"43":{"start":{"line":172,"column":6},"end":{"line":175,"column":9}},"44":{"start":{"line":178,"column":4},"end":{"line":193,"column":5}},"45":{"start":{"line":179,"column":6},"end":{"line":186,"column":9}},"46":{"start":{"line":188,"column":6},"end":{"line":192,"column":9}},"47":{"start":{"line":195,"column":4},"end":{"line":195,"column":11}},"48":{"start":{"line":200,"column":25},"end":{"line":227,"column":1}},"49":{"start":{"line":201,"column":17},"end":{"line":201,"column":19}},"50":{"start":{"line":203,"column":2},"end":{"line":205,"column":3}},"51":{"start":{"line":204,"column":4},"end":{"line":204,"column":89}},"52":{"start":{"line":207,"column":2},"end":{"line":209,"column":3}},"53":{"start":{"line":208,"column":4},"end":{"line":208,"column":71}},"54":{"start":{"line":211,"column":2},"end":{"line":213,"column":3}},"55":{"start":{"line":212,"column":4},"end":{"line":212,"column":71}},"56":{"start":{"line":215,"column":2},"end":{"line":217,"column":3}},"57":{"start":{"line":216,"column":4},"end":{"line":216,"column":61}},"58":{"start":{"line":219,"column":2},"end":{"line":221,"column":3}},"59":{"start":{"line":220,"column":4},"end":{"line":220,"column":72}},"60":{"start":{"line":223,"column":2},"end":{"line":226,"column":4}},"61":{"start":{"line":230,"column":25},"end":{"line":309,"column":1}},"62":{"start":{"line":231,"column":15},"end":{"line":231,"column":31}},"63":{"start":{"line":233,"column":2},"end":{"line":240,"column":3}},"64":{"start":{"line":234,"column":4},"end":{"line":238,"column":7}},"65":{"start":{"line":239,"column":4},"end":{"line":239,"column":60}},"66":{"start":{"line":243,"column":2},"end":{"line":254,"column":3}},"67":{"start":{"line":244,"column":30},"end":{"line":244,"column":84}},"68":{"start":{"line":245,"column":4},"end":{"line":249,"column":7}},"69":{"start":{"line":250,"column":4},"end":{"line":253,"column":6}},"70":{"start":{"line":257,"column":26},"end":{"line":257,"column":71}},"71":{"start":{"line":259,"column":2},"end":{"line":281,"column":3}},"72":{"start":{"line":261,"column":4},"end":{"line":261,"column":57}},"73":{"start":{"line":264,"column":4},"end":{"line":271,"column":5}},"74":{"start":{"line":265,"column":6},"end":{"line":265,"column":65}},"75":{"start":{"line":266,"column":6},"end":{"line":270,"column":9}},"76":{"start":{"line":273,"column":4},"end":{"line":278,"column":7}},"77":{"start":{"line":280,"column":4},"end":{"line":280,"column":60}},"78":{"start":{"line":284,"column":2},"end":{"line":284,"column":26}},"79":{"start":{"line":285,"column":2},"end":{"line":285,"column":26}},"80":{"start":{"line":286,"column":2},"end":{"line":286,"column":44}},"81":{"start":{"line":288,"column":17},"end":{"line":288,"column":37}},"82":{"start":{"line":290,"column":2},"end":{"line":295,"column":5}},"83":{"start":{"line":297,"column":2},"end":{"line":308,"column":4}},"84":{"start":{"line":312,"column":27},"end":{"line":339,"column":1}},"85":{"start":{"line":313,"column":20},"end":{"line":313,"column":51}},"86":{"start":{"line":315,"column":2},"end":{"line":318,"column":3}},"87":{"start":{"line":316,"column":4},"end":{"line":316,"column":39}},"88":{"start":{"line":317,"column":4},"end":{"line":317,"column":73}},"89":{"start":{"line":320,"column":2},"end":{"line":338,"column":3}},"90":{"start":{"line":321,"column":20},"end":{"line":321,"column":69}},"91":{"start":{"line":322,"column":17},"end":{"line":322,"column":74}},"92":{"start":{"line":322,"column":54},"end":{"line":322,"column":73}},"93":{"start":{"line":324,"column":4},"end":{"line":327,"column":5}},"94":{"start":{"line":325,"column":6},"end":{"line":325,"column":41}},"95":{"start":{"line":326,"column":6},"end":{"line":326,"column":67}},"96":{"start":{"line":329,"column":19},"end":{"line":329,"column":39}},"97":{"start":{"line":332,"column":4},"end":{"line":332,"column":39}},"98":{"start":{"line":334,"column":4},"end":{"line":334,"column":37}},"99":{"start":{"line":336,"column":4},"end":{"line":336,"column":39}},"100":{"start":{"line":337,"column":4},"end":{"line":337,"column":62}},"101":{"start":{"line":342,"column":15},"end":{"line":347,"column":1}},"102":{"start":{"line":343,"column":2},"end":{"line":345,"column":3}},"103":{"start":{"line":344,"column":4},"end":{"line":344,"column":39}},"104":{"start":{"line":346,"column":2},"end":{"line":346,"column":27}},"105":{"start":{"line":349,"column":0},"end":{"line":361,"column":2}}},"fnMap":{"0":{"name":"(anonymous_0)","decl":{"start":{"line":60,"column":23},"end":{"line":60,"column":24}},"loc":{"start":{"line":60,"column":33},"end":{"line":94,"column":1}},"line":60},"1":{"name":"(anonymous_1)","decl":{"start":{"line":97,"column":26},"end":{"line":97,"column":27}},"loc":{"start":{"line":97,"column":46},"end":{"line":134,"column":1}},"line":97},"2":{"name":"(anonymous_2)","decl":{"start":{"line":108,"column":38},"end":{"line":108,"column":39}},"loc":{"start":{"line":108,"column":56},"end":{"line":133,"column":3}},"line":108},"3":{"name":"(anonymous_3)","decl":{"start":{"line":123,"column":49},"end":{"line":123,"column":50}},"loc":{"start":{"line":123,"column":54},"end":{"line":123,"column":73}},"line":123},"4":{"name":"(anonymous_4)","decl":{"start":{"line":137,"column":20},"end":{"line":137,"column":21}},"loc":{"start":{"line":137,"column":39},"end":{"line":166,"column":1}},"line":137},"5":{"name":"(anonymous_5)","decl":{"start":{"line":138,"column":9},"end":{"line":138,"column":10}},"loc":{"start":{"line":138,"column":29},"end":{"line":165,"column":3}},"line":138},"6":{"name":"(anonymous_6)","decl":{"start":{"line":169,"column":26},"end":{"line":169,"column":27}},"loc":{"start":{"line":169,"column":42},"end":{"line":197,"column":1}},"line":169},"7":{"name":"(anonymous_7)","decl":{"start":{"line":170,"column":9},"end":{"line":170,"column":10}},"loc":{"start":{"line":170,"column":29},"end":{"line":196,"column":3}},"line":170},"8":{"name":"(anonymous_8)","decl":{"start":{"line":200,"column":25},"end":{"line":200,"column":26}},"loc":{"start":{"line":200,"column":39},"end":{"line":227,"column":1}},"line":200},"9":{"name":"(anonymous_9)","decl":{"start":{"line":230,"column":25},"end":{"line":230,"column":26}},"loc":{"start":{"line":230,"column":57},"end":{"line":309,"column":1}},"line":230},"10":{"name":"(anonymous_10)","decl":{"start":{"line":312,"column":27},"end":{"line":312,"column":28}},"loc":{"start":{"line":312,"column":45},"end":{"line":339,"column":1}},"line":312},"11":{"name":"(anonymous_11)","decl":{"start":{"line":322,"column":49},"end":{"line":322,"column":50}},"loc":{"start":{"line":322,"column":54},"end":{"line":322,"column":73}},"line":322},"12":{"name":"(anonymous_12)","decl":{"start":{"line":342,"column":15},"end":{"line":342,"column":16}},"loc":{"start":{"line":342,"column":33},"end":{"line":347,"column":1}},"line":342}},"branchMap":{"0":{"loc":{"start":{"line":65,"column":17},"end":{"line":65,"column":45}},"type":"binary-expr","locations":[{"start":{"line":65,"column":17},"end":{"line":65,"column":39}},{"start":{"line":65,"column":43},"end":{"line":65,"column":45}}],"line":65},"1":{"loc":{"start":{"line":99,"column":16},"end":{"line":99,"column":54}},"type":"binary-expr","locations":[{"start":{"line":99,"column":16},"end":{"line":99,"column":26}},{"start":{"line":99,"column":30},"end":{"line":99,"column":54}}],"line":99},"2":{"loc":{"start":{"line":101,"column":2},"end":{"line":106,"column":3}},"type":"if","locations":[{"start":{"line":101,"column":2},"end":{"line":106,"column":3}},{"start":{},"end":{}}],"line":101},"3":{"loc":{"start":{"line":109,"column":4},"end":{"line":120,"column":5}},"type":"if","locations":[{"start":{"line":109,"column":4},"end":{"line":120,"column":5}},{"start":{},"end":{}}],"line":109},"4":{"loc":{"start":{"line":124,"column":4},"end":{"line":129,"column":5}},"type":"if","locations":[{"start":{"line":124,"column":4},"end":{"line":129,"column":5}},{"start":{},"end":{}}],"line":124},"5":{"loc":{"start":{"line":124,"column":8},"end":{"line":124,"column":31}},"type":"binary-expr","locations":[{"start":{"line":124,"column":8},"end":{"line":124,"column":13}},{"start":{"line":124,"column":17},"end":{"line":124,"column":31}}],"line":124},"6":{"loc":{"start":{"line":139,"column":4},"end":{"line":144,"column":5}},"type":"if","locations":[{"start":{"line":139,"column":4},"end":{"line":144,"column":5}},{"start":{},"end":{}}],"line":139},"7":{"loc":{"start":{"line":146,"column":22},"end":{"line":146,"column":84}},"type":"cond-expr","locations":[{"start":{"line":146,"column":53},"end":{"line":146,"column":66}},{"start":{"line":146,"column":69},"end":{"line":146,"column":84}}],"line":146},"8":{"loc":{"start":{"line":148,"column":4},"end":{"line":162,"column":5}},"type":"if","locations":[{"start":{"line":148,"column":4},"end":{"line":162,"column":5}},{"start":{},"end":{}}],"line":148},"9":{"loc":{"start":{"line":171,"column":4},"end":{"line":176,"column":5}},"type":"if","locations":[{"start":{"line":171,"column":4},"end":{"line":176,"column":5}},{"start":{},"end":{}}],"line":171},"10":{"loc":{"start":{"line":171,"column":8},"end":{"line":171,"column":42}},"type":"binary-expr","locations":[{"start":{"line":171,"column":8},"end":{"line":171,"column":17}},{"start":{"line":171,"column":21},"end":{"line":171,"column":42}}],"line":171},"11":{"loc":{"start":{"line":178,"column":4},"end":{"line":193,"column":5}},"type":"if","locations":[{"start":{"line":178,"column":4},"end":{"line":193,"column":5}},{"start":{},"end":{}}],"line":178},"12":{"loc":{"start":{"line":203,"column":2},"end":{"line":205,"column":3}},"type":"if","locations":[{"start":{"line":203,"column":2},"end":{"line":205,"column":3}},{"start":{},"end":{}}],"line":203},"13":{"loc":{"start":{"line":207,"column":2},"end":{"line":209,"column":3}},"type":"if","locations":[{"start":{"line":207,"column":2},"end":{"line":209,"column":3}},{"start":{},"end":{}}],"line":207},"14":{"loc":{"start":{"line":207,"column":6},"end":{"line":207,"column":64}},"type":"binary-expr","locations":[{"start":{"line":207,"column":6},"end":{"line":207,"column":37}},{"start":{"line":207,"column":41},"end":{"line":207,"column":64}}],"line":207},"15":{"loc":{"start":{"line":211,"column":2},"end":{"line":213,"column":3}},"type":"if","locations":[{"start":{"line":211,"column":2},"end":{"line":213,"column":3}},{"start":{},"end":{}}],"line":211},"16":{"loc":{"start":{"line":211,"column":6},"end":{"line":211,"column":64}},"type":"binary-expr","locations":[{"start":{"line":211,"column":6},"end":{"line":211,"column":37}},{"start":{"line":211,"column":41},"end":{"line":211,"column":64}}],"line":211},"17":{"loc":{"start":{"line":215,"column":2},"end":{"line":217,"column":3}},"type":"if","locations":[{"start":{"line":215,"column":2},"end":{"line":217,"column":3}},{"start":{},"end":{}}],"line":215},"18":{"loc":{"start":{"line":215,"column":6},"end":{"line":215,"column":59}},"type":"binary-expr","locations":[{"start":{"line":215,"column":6},"end":{"line":215,"column":35}},{"start":{"line":215,"column":39},"end":{"line":215,"column":59}}],"line":215},"19":{"loc":{"start":{"line":219,"column":2},"end":{"line":221,"column":3}},"type":"if","locations":[{"start":{"line":219,"column":2},"end":{"line":221,"column":3}},{"start":{},"end":{}}],"line":219},"20":{"loc":{"start":{"line":219,"column":6},"end":{"line":219,"column":99}},"type":"binary-expr","locations":[{"start":{"line":219,"column":6},"end":{"line":219,"column":40}},{"start":{"line":219,"column":44},"end":{"line":219,"column":99}}],"line":219},"21":{"loc":{"start":{"line":233,"column":2},"end":{"line":240,"column":3}},"type":"if","locations":[{"start":{"line":233,"column":2},"end":{"line":240,"column":3}},{"start":{},"end":{}}],"line":233},"22":{"loc":{"start":{"line":243,"column":2},"end":{"line":254,"column":3}},"type":"if","locations":[{"start":{"line":243,"column":2},"end":{"line":254,"column":3}},{"start":{},"end":{}}],"line":243},"23":{"loc":{"start":{"line":243,"column":6},"end":{"line":243,"column":55}},"type":"binary-expr","locations":[{"start":{"line":243,"column":6},"end":{"line":243,"column":22}},{"start":{"line":243,"column":26},"end":{"line":243,"column":55}}],"line":243},"24":{"loc":{"start":{"line":259,"column":2},"end":{"line":281,"column":3}},"type":"if","locations":[{"start":{"line":259,"column":2},"end":{"line":281,"column":3}},{"start":{},"end":{}}],"line":259},"25":{"loc":{"start":{"line":261,"column":27},"end":{"line":261,"column":51}},"type":"binary-expr","locations":[{"start":{"line":261,"column":27},"end":{"line":261,"column":46}},{"start":{"line":261,"column":50},"end":{"line":261,"column":51}}],"line":261},"26":{"loc":{"start":{"line":264,"column":4},"end":{"line":271,"column":5}},"type":"if","locations":[{"start":{"line":264,"column":4},"end":{"line":271,"column":5}},{"start":{},"end":{}}],"line":264},"27":{"loc":{"start":{"line":305,"column":19},"end":{"line":305,"column":47}},"type":"binary-expr","locations":[{"start":{"line":305,"column":19},"end":{"line":305,"column":41}},{"start":{"line":305,"column":45},"end":{"line":305,"column":47}}],"line":305},"28":{"loc":{"start":{"line":315,"column":2},"end":{"line":318,"column":3}},"type":"if","locations":[{"start":{"line":315,"column":2},"end":{"line":318,"column":3}},{"start":{},"end":{}}],"line":315},"29":{"loc":{"start":{"line":315,"column":6},"end":{"line":315,"column":52}},"type":"binary-expr","locations":[{"start":{"line":315,"column":6},"end":{"line":315,"column":16}},{"start":{"line":315,"column":20},"end":{"line":315,"column":52}}],"line":315},"30":{"loc":{"start":{"line":324,"column":4},"end":{"line":327,"column":5}},"type":"if","locations":[{"start":{"line":324,"column":4},"end":{"line":327,"column":5}},{"start":{},"end":{}}],"line":324},"31":{"loc":{"start":{"line":324,"column":8},"end":{"line":324,"column":31}},"type":"binary-expr","locations":[{"start":{"line":324,"column":8},"end":{"line":324,"column":13}},{"start":{"line":324,"column":17},"end":{"line":324,"column":31}}],"line":324},"32":{"loc":{"start":{"line":343,"column":2},"end":{"line":345,"column":3}},"type":"if","locations":[{"start":{"line":343,"column":2},"end":{"line":345,"column":3}},{"start":{},"end":{}}],"line":343}},"s":{"0":21,"1":21,"2":21,"3":21,"4":21,"5":21,"6":21,"7":21,"8":21,"9":21,"10":21,"11":11,"12":11,"13":11,"14":11,"15":11,"16":21,"17":5,"18":5,"19":5,"20":1,"21":4,"22":4,"23":1,"24":1,"25":3,"26":3,"27":3,"28":0,"29":3,"30":3,"31":21,"32":24,"33":0,"34":0,"35":0,"36":0,"37":0,"38":0,"39":0,"40":21,"41":0,"42":0,"43":0,"44":0,"45":0,"46":0,"47":0,"48":21,"49":14,"50":14,"51":0,"52":14,"53":0,"54":14,"55":0,"56":14,"57":0,"58":14,"59":0,"60":14,"61":21,"62":12,"63":12,"64":1,"65":1,"66":11,"67":0,"68":0,"69":0,"70":11,"71":11,"72":1,"73":1,"74":0,"75":0,"76":1,"77":1,"78":10,"79":10,"80":10,"81":10,"82":10,"83":10,"84":21,"85":2,"86":2,"87":1,"88":1,"89":1,"90":1,"91":1,"92":1,"93":1,"94":0,"95":0,"96":1,"97":1,"98":1,"99":0,"100":0,"101":21,"102":2,"103":2,"104":2,"105":21},"f":{"0":11,"1":5,"2":4,"3":3,"4":24,"5":0,"6":0,"7":0,"8":14,"9":12,"10":2,"11":1,"12":2},"b":{"0":[11,0],"1":[5,4],"2":[1,4],"3":[1,3],"4":[0,3],"5":[3,3],"6":[0,0],"7":[0,0],"8":[0,0],"9":[0,0],"10":[0,0],"11":[0,0],"12":[0,14],"13":[0,14],"14":[14,14],"15":[0,14],"16":[14,14],"17":[0,14],"18":[14,14],"19":[0,14],"20":[14,14],"21":[1,11],"22":[0,11],"23":[11,0],"24":[1,10],"25":[1,1],"26":[0,1],"27":[10,0],"28":[1,1],"29":[2,1],"30":[0,1],"31":[1,1],"32":[2,0]},"_coverageSchema":"1a1c01bbd47fc00a2c39e90264f33305004495a9","hash":"67c7ba9e56d5bb10a0e2400b03369c5229e5a6a0"}
,"/Users/davidmikulis/neuro-pilot-ai/inventory-enterprise/backend/middleware/authHardening.js": {"path":"/Users/davidmikulis/neuro-pilot-ai/inventory-enterprise/backend/middleware/authHardening.js","statementMap":{"0":{"start":{"line":6,"column":12},"end":{"line":6,"column":35}},"1":{"start":{"line":7,"column":15},"end":{"line":7,"column":34}},"2":{"start":{"line":8,"column":15},"end":{"line":8,"column":32}},"3":{"start":{"line":9,"column":18},"end":{"line":9,"column":38}},"4":{"start":{"line":10,"column":34},"end":{"line":10,"column":61}},"5":{"start":{"line":15,"column":4},"end":{"line":15,"column":36}},"6":{"start":{"line":16,"column":4},"end":{"line":16,"column":36}},"7":{"start":{"line":17,"column":4},"end":{"line":17,"column":39}},"8":{"start":{"line":18,"column":4},"end":{"line":18,"column":40}},"9":{"start":{"line":19,"column":4},"end":{"line":19,"column":39}},"10":{"start":{"line":22,"column":4},"end":{"line":22,"column":29}},"11":{"start":{"line":27,"column":16},"end":{"line":27,"column":41}},"12":{"start":{"line":28,"column":20},"end":{"line":35,"column":5}},"13":{"start":{"line":37,"column":4},"end":{"line":37,"column":20}},"14":{"start":{"line":38,"column":4},"end":{"line":38,"column":37}},"15":{"start":{"line":39,"column":4},"end":{"line":39,"column":28}},"16":{"start":{"line":40,"column":4},"end":{"line":40,"column":50}},"17":{"start":{"line":43,"column":21},"end":{"line":43,"column":63}},"18":{"start":{"line":44,"column":4},"end":{"line":46,"column":5}},"19":{"start":{"line":45,"column":6},"end":{"line":45,"column":42}},"20":{"start":{"line":48,"column":4},"end":{"line":50,"column":5}},"21":{"start":{"line":49,"column":6},"end":{"line":49,"column":50}},"22":{"start":{"line":52,"column":4},"end":{"line":52,"column":42}},"23":{"start":{"line":55,"column":4},"end":{"line":63,"column":5}},"24":{"start":{"line":56,"column":6},"end":{"line":62,"column":14}},"25":{"start":{"line":65,"column":4},"end":{"line":65,"column":19}},"26":{"start":{"line":70,"column":23},"end":{"line":76,"column":5}},"27":{"start":{"line":78,"column":24},"end":{"line":81,"column":20}},"28":{"start":{"line":83,"column":4},"end":{"line":83,"column":23}},"29":{"start":{"line":88,"column":22},"end":{"line":88,"column":60}},"30":{"start":{"line":89,"column":30},"end":{"line":89,"column":65}},"31":{"start":{"line":91,"column":24},"end":{"line":103,"column":5}},"32":{"start":{"line":105,"column":4},"end":{"line":105,"column":52}},"33":{"start":{"line":107,"column":4},"end":{"line":112,"column":12}},"34":{"start":{"line":114,"column":4},"end":{"line":114,"column":23}},"35":{"start":{"line":119,"column":20},"end":{"line":119,"column":54}},"36":{"start":{"line":121,"column":4},"end":{"line":123,"column":5}},"37":{"start":{"line":122,"column":6},"end":{"line":122,"column":59}},"38":{"start":{"line":126,"column":19},"end":{"line":126,"column":38}},"39":{"start":{"line":127,"column":4},"end":{"line":130,"column":5}},"40":{"start":{"line":128,"column":6},"end":{"line":128,"column":51}},"41":{"start":{"line":129,"column":6},"end":{"line":129,"column":57}},"42":{"start":{"line":133,"column":30},"end":{"line":133,"column":48}},"43":{"start":{"line":134,"column":4},"end":{"line":137,"column":5}},"44":{"start":{"line":135,"column":6},"end":{"line":135,"column":52}},"45":{"start":{"line":136,"column":6},"end":{"line":136,"column":58}},"46":{"start":{"line":140,"column":31},"end":{"line":140,"column":66}},"47":{"start":{"line":141,"column":4},"end":{"line":152,"column":5}},"48":{"start":{"line":142,"column":6},"end":{"line":148,"column":14}},"49":{"start":{"line":150,"column":6},"end":{"line":150,"column":59}},"50":{"start":{"line":151,"column":6},"end":{"line":151,"column":57}},"51":{"start":{"line":155,"column":4},"end":{"line":165,"column":5}},"52":{"start":{"line":156,"column":6},"end":{"line":161,"column":14}},"53":{"start":{"line":164,"column":6},"end":{"line":164,"column":46}},"54":{"start":{"line":168,"column":4},"end":{"line":168,"column":38}},"55":{"start":{"line":169,"column":4},"end":{"line":169,"column":48}},"56":{"start":{"line":171,"column":4},"end":{"line":171,"column":36}},"57":{"start":{"line":176,"column":19},"end":{"line":180,"column":6}},"58":{"start":{"line":182,"column":4},"end":{"line":186,"column":6}},"59":{"start":{"line":190,"column":4},"end":{"line":195,"column":7}},"60":{"start":{"line":199,"column":18},"end":{"line":199,"column":20}},"61":{"start":{"line":200,"column":4},"end":{"line":202,"column":5}},"62":{"start":{"line":200,"column":17},"end":{"line":200,"column":18}},"63":{"start":{"line":201,"column":6},"end":{"line":201,"column":70}},"64":{"start":{"line":203,"column":4},"end":{"line":203,"column":17}},"65":{"start":{"line":208,"column":4},"end":{"line":230,"column":5}},"66":{"start":{"line":209,"column":22},"end":{"line":209,"column":39}},"67":{"start":{"line":210,"column":22},"end":{"line":210,"column":93}},"68":{"start":{"line":212,"column":6},"end":{"line":212,"column":42}},"69":{"start":{"line":214,"column":6},"end":{"line":219,"column":9}},"70":{"start":{"line":222,"column":6},"end":{"line":226,"column":7}},"71":{"start":{"line":223,"column":8},"end":{"line":225,"column":46}},"72":{"start":{"line":224,"column":10},"end":{"line":224,"column":49}},"73":{"start":{"line":229,"column":6},"end":{"line":229,"column":57}},"74":{"start":{"line":234,"column":4},"end":{"line":240,"column":5}},"75":{"start":{"line":235,"column":22},"end":{"line":235,"column":39}},"76":{"start":{"line":236,"column":22},"end":{"line":236,"column":93}},"77":{"start":{"line":237,"column":6},"end":{"line":237,"column":49}},"78":{"start":{"line":239,"column":6},"end":{"line":239,"column":18}},"79":{"start":{"line":245,"column":20},"end":{"line":245,"column":40}},"80":{"start":{"line":246,"column":21},"end":{"line":252,"column":5}},"81":{"start":{"line":254,"column":24},"end":{"line":254,"column":45}},"82":{"start":{"line":255,"column":4},"end":{"line":255,"column":42}},"83":{"start":{"line":256,"column":4},"end":{"line":256,"column":35}},"84":{"start":{"line":257,"column":4},"end":{"line":257,"column":57}},"85":{"start":{"line":259,"column":24},"end":{"line":259,"column":63}},"86":{"start":{"line":260,"column":4},"end":{"line":260,"column":56}},"87":{"start":{"line":263,"column":20},"end":{"line":263,"column":21}},"88":{"start":{"line":266,"column":4},"end":{"line":268,"column":5}},"89":{"start":{"line":267,"column":6},"end":{"line":267,"column":22}},"90":{"start":{"line":271,"column":4},"end":{"line":273,"column":5}},"91":{"start":{"line":272,"column":6},"end":{"line":272,"column":22}},"92":{"start":{"line":276,"column":4},"end":{"line":278,"column":5}},"93":{"start":{"line":277,"column":6},"end":{"line":277,"column":22}},"94":{"start":{"line":280,"column":4},"end":{"line":280,"column":35}},"95":{"start":{"line":281,"column":4},"end":{"line":281,"column":51}},"96":{"start":{"line":283,"column":4},"end":{"line":283,"column":54}},"97":{"start":{"line":288,"column":22},"end":{"line":291,"column":7}},"98":{"start":{"line":288,"column":42},"end":{"line":291,"column":5}},"99":{"start":{"line":293,"column":4},"end":{"line":293,"column":50}},"100":{"start":{"line":295,"column":4},"end":{"line":295,"column":84}},"101":{"start":{"line":299,"column":22},"end":{"line":299,"column":56}},"102":{"start":{"line":300,"column":4},"end":{"line":302,"column":5}},"103":{"start":{"line":301,"column":6},"end":{"line":301,"column":19}},"104":{"start":{"line":304,"column":29},"end":{"line":304,"column":56}},"105":{"start":{"line":305,"column":4},"end":{"line":305,"column":81}},"106":{"start":{"line":311,"column":4},"end":{"line":313,"column":23}},"107":{"start":{"line":312,"column":6},"end":{"line":312,"column":36}},"108":{"start":{"line":316,"column":4},"end":{"line":318,"column":23}},"109":{"start":{"line":317,"column":6},"end":{"line":317,"column":35}},"110":{"start":{"line":321,"column":4},"end":{"line":323,"column":28}},"111":{"start":{"line":322,"column":6},"end":{"line":322,"column":35}},"112":{"start":{"line":327,"column":16},"end":{"line":327,"column":26}},"113":{"start":{"line":328,"column":19},"end":{"line":328,"column":38}},"114":{"start":{"line":330,"column":4},"end":{"line":334,"column":5}},"115":{"start":{"line":331,"column":6},"end":{"line":333,"column":7}},"116":{"start":{"line":332,"column":8},"end":{"line":332,"column":46}},"117":{"start":{"line":338,"column":16},"end":{"line":338,"column":26}},"118":{"start":{"line":339,"column":19},"end":{"line":339,"column":38}},"119":{"start":{"line":341,"column":4},"end":{"line":345,"column":5}},"120":{"start":{"line":342,"column":6},"end":{"line":344,"column":7}},"121":{"start":{"line":343,"column":8},"end":{"line":343,"column":40}},"122":{"start":{"line":350,"column":26},"end":{"line":350,"column":65}},"123":{"start":{"line":352,"column":4},"end":{"line":357,"column":5}},"124":{"start":{"line":354,"column":6},"end":{"line":356,"column":7}},"125":{"start":{"line":355,"column":8},"end":{"line":355,"column":44}},"126":{"start":{"line":361,"column":20},"end":{"line":361,"column":54}},"127":{"start":{"line":362,"column":4},"end":{"line":373,"column":5}},"128":{"start":{"line":363,"column":6},"end":{"line":363,"column":31}},"129":{"start":{"line":365,"column":6},"end":{"line":370,"column":9}},"130":{"start":{"line":372,"column":6},"end":{"line":372,"column":44}},"131":{"start":{"line":378,"column":27},"end":{"line":378,"column":91}},"132":{"start":{"line":378,"column":80},"end":{"line":378,"column":90}},"133":{"start":{"line":379,"column":33},"end":{"line":379,"column":96}},"134":{"start":{"line":379,"column":60},"end":{"line":379,"column":95}},"135":{"start":{"line":381,"column":4},"end":{"line":388,"column":6}},"136":{"start":{"line":393,"column":22},"end":{"line":393,"column":51}},"137":{"start":{"line":396,"column":31},"end":{"line":456,"column":1}},"138":{"start":{"line":397,"column":16},"end":{"line":397,"column":56}},"139":{"start":{"line":399,"column":2},"end":{"line":404,"column":3}},"140":{"start":{"line":400,"column":4},"end":{"line":403,"column":7}},"141":{"start":{"line":407,"column":2},"end":{"line":418,"column":3}},"142":{"start":{"line":408,"column":4},"end":{"line":412,"column":12}},"143":{"start":{"line":414,"column":4},"end":{"line":417,"column":7}},"144":{"start":{"line":420,"column":2},"end":{"line":455,"column":3}},"145":{"start":{"line":421,"column":20},"end":{"line":421,"column":61}},"146":{"start":{"line":422,"column":4},"end":{"line":422,"column":23}},"147":{"start":{"line":425,"column":29},"end":{"line":425,"column":85}},"148":{"start":{"line":427,"column":4},"end":{"line":440,"column":5}},"149":{"start":{"line":428,"column":6},"end":{"line":433,"column":14}},"150":{"start":{"line":436,"column":6},"end":{"line":439,"column":8}},"151":{"start":{"line":442,"column":4},"end":{"line":442,"column":11}},"152":{"start":{"line":445,"column":4},"end":{"line":449,"column":12}},"153":{"start":{"line":451,"column":4},"end":{"line":454,"column":7}},"154":{"start":{"line":459,"column":19},"end":{"line":468,"column":1}},"155":{"start":{"line":460,"column":2},"end":{"line":466,"column":3}},"156":{"start":{"line":461,"column":4},"end":{"line":465,"column":7}},"157":{"start":{"line":467,"column":2},"end":{"line":467,"column":9}},"158":{"start":{"line":470,"column":0},"end":{"line":475,"column":2}}},"fnMap":{"0":{"name":"(anonymous_0)","decl":{"start":{"line":14,"column":2},"end":{"line":14,"column":3}},"loc":{"start":{"line":14,"column":16},"end":{"line":23,"column":3}},"line":14},"1":{"name":"(anonymous_1)","decl":{"start":{"line":26,"column":2},"end":{"line":26,"column":3}},"loc":{"start":{"line":26,"column":38},"end":{"line":66,"column":3}},"line":26},"2":{"name":"(anonymous_2)","decl":{"start":{"line":69,"column":2},"end":{"line":69,"column":3}},"loc":{"start":{"line":69,"column":33},"end":{"line":84,"column":3}},"line":69},"3":{"name":"(anonymous_3)","decl":{"start":{"line":87,"column":2},"end":{"line":87,"column":3}},"loc":{"start":{"line":87,"column":33},"end":{"line":115,"column":3}},"line":87},"4":{"name":"(anonymous_4)","decl":{"start":{"line":118,"column":2},"end":{"line":118,"column":3}},"loc":{"start":{"line":118,"column":34},"end":{"line":172,"column":3}},"line":118},"5":{"name":"(anonymous_5)","decl":{"start":{"line":175,"column":2},"end":{"line":175,"column":3}},"loc":{"start":{"line":175,"column":20},"end":{"line":187,"column":3}},"line":175},"6":{"name":"(anonymous_6)","decl":{"start":{"line":189,"column":2},"end":{"line":189,"column":3}},"loc":{"start":{"line":189,"column":28},"end":{"line":196,"column":3}},"line":189},"7":{"name":"(anonymous_7)","decl":{"start":{"line":198,"column":2},"end":{"line":198,"column":3}},"loc":{"start":{"line":198,"column":24},"end":{"line":204,"column":3}},"line":198},"8":{"name":"(anonymous_8)","decl":{"start":{"line":207,"column":2},"end":{"line":207,"column":3}},"loc":{"start":{"line":207,"column":43},"end":{"line":231,"column":3}},"line":207},"9":{"name":"(anonymous_9)","decl":{"start":{"line":223,"column":19},"end":{"line":223,"column":20}},"loc":{"start":{"line":223,"column":25},"end":{"line":225,"column":9}},"line":223},"10":{"name":"(anonymous_10)","decl":{"start":{"line":233,"column":2},"end":{"line":233,"column":3}},"loc":{"start":{"line":233,"column":28},"end":{"line":241,"column":3}},"line":233},"11":{"name":"(anonymous_11)","decl":{"start":{"line":244,"column":2},"end":{"line":244,"column":3}},"loc":{"start":{"line":244,"column":39},"end":{"line":284,"column":3}},"line":244},"12":{"name":"(anonymous_12)","decl":{"start":{"line":287,"column":2},"end":{"line":287,"column":3}},"loc":{"start":{"line":287,"column":42},"end":{"line":296,"column":3}},"line":287},"13":{"name":"(anonymous_13)","decl":{"start":{"line":288,"column":36},"end":{"line":288,"column":37}},"loc":{"start":{"line":288,"column":42},"end":{"line":291,"column":5}},"line":288},"14":{"name":"(anonymous_14)","decl":{"start":{"line":298,"column":2},"end":{"line":298,"column":3}},"loc":{"start":{"line":298,"column":54},"end":{"line":306,"column":3}},"line":298},"15":{"name":"(anonymous_15)","decl":{"start":{"line":309,"column":2},"end":{"line":309,"column":3}},"loc":{"start":{"line":309,"column":22},"end":{"line":324,"column":3}},"line":309},"16":{"name":"(anonymous_16)","decl":{"start":{"line":311,"column":16},"end":{"line":311,"column":17}},"loc":{"start":{"line":311,"column":22},"end":{"line":313,"column":5}},"line":311},"17":{"name":"(anonymous_17)","decl":{"start":{"line":316,"column":16},"end":{"line":316,"column":17}},"loc":{"start":{"line":316,"column":22},"end":{"line":318,"column":5}},"line":316},"18":{"name":"(anonymous_18)","decl":{"start":{"line":321,"column":16},"end":{"line":321,"column":17}},"loc":{"start":{"line":321,"column":22},"end":{"line":323,"column":5}},"line":321},"19":{"name":"(anonymous_19)","decl":{"start":{"line":326,"column":2},"end":{"line":326,"column":3}},"loc":{"start":{"line":326,"column":27},"end":{"line":335,"column":3}},"line":326},"20":{"name":"(anonymous_20)","decl":{"start":{"line":337,"column":2},"end":{"line":337,"column":3}},"loc":{"start":{"line":337,"column":26},"end":{"line":346,"column":3}},"line":337},"21":{"name":"(anonymous_21)","decl":{"start":{"line":348,"column":2},"end":{"line":348,"column":3}},"loc":{"start":{"line":348,"column":26},"end":{"line":358,"column":3}},"line":348},"22":{"name":"(anonymous_22)","decl":{"start":{"line":360,"column":2},"end":{"line":360,"column":3}},"loc":{"start":{"line":360,"column":39},"end":{"line":374,"column":3}},"line":360},"23":{"name":"(anonymous_23)","decl":{"start":{"line":377,"column":2},"end":{"line":377,"column":3}},"loc":{"start":{"line":377,"column":23},"end":{"line":389,"column":3}},"line":377},"24":{"name":"(anonymous_24)","decl":{"start":{"line":378,"column":75},"end":{"line":378,"column":76}},"loc":{"start":{"line":378,"column":80},"end":{"line":378,"column":90}},"line":378},"25":{"name":"(anonymous_25)","decl":{"start":{"line":379,"column":55},"end":{"line":379,"column":56}},"loc":{"start":{"line":379,"column":60},"end":{"line":379,"column":95}},"line":379},"26":{"name":"(anonymous_26)","decl":{"start":{"line":396,"column":31},"end":{"line":396,"column":32}},"loc":{"start":{"line":396,"column":51},"end":{"line":456,"column":1}},"line":396},"27":{"name":"(anonymous_27)","decl":{"start":{"line":459,"column":19},"end":{"line":459,"column":20}},"loc":{"start":{"line":459,"column":39},"end":{"line":468,"column":1}},"line":459}},"branchMap":{"0":{"loc":{"start":{"line":28,"column":20},"end":{"line":35,"column":5}},"type":"binary-expr","locations":[{"start":{"line":28,"column":20},"end":{"line":28,"column":48}},{"start":{"line":28,"column":52},"end":{"line":35,"column":5}}],"line":28},"1":{"loc":{"start":{"line":44,"column":4},"end":{"line":46,"column":5}},"type":"if","locations":[{"start":{"line":44,"column":4},"end":{"line":46,"column":5}},{"start":{},"end":{}}],"line":44},"2":{"loc":{"start":{"line":44,"column":8},"end":{"line":44,"column":46}},"type":"binary-expr","locations":[{"start":{"line":44,"column":8},"end":{"line":44,"column":26}},{"start":{"line":44,"column":30},"end":{"line":44,"column":46}}],"line":44},"3":{"loc":{"start":{"line":48,"column":4},"end":{"line":50,"column":5}},"type":"if","locations":[{"start":{"line":48,"column":4},"end":{"line":50,"column":5}},{"start":{},"end":{}}],"line":48},"4":{"loc":{"start":{"line":55,"column":4},"end":{"line":63,"column":5}},"type":"if","locations":[{"start":{"line":55,"column":4},"end":{"line":63,"column":5}},{"start":{},"end":{}}],"line":55},"5":{"loc":{"start":{"line":71,"column":6},"end":{"line":71,"column":33}},"type":"binary-expr","locations":[{"start":{"line":71,"column":6},"end":{"line":71,"column":27}},{"start":{"line":71,"column":31},"end":{"line":71,"column":33}}],"line":71},"6":{"loc":{"start":{"line":72,"column":6},"end":{"line":72,"column":38}},"type":"binary-expr","locations":[{"start":{"line":72,"column":6},"end":{"line":72,"column":32}},{"start":{"line":72,"column":36},"end":{"line":72,"column":38}}],"line":72},"7":{"loc":{"start":{"line":73,"column":6},"end":{"line":73,"column":38}},"type":"binary-expr","locations":[{"start":{"line":73,"column":6},"end":{"line":73,"column":32}},{"start":{"line":73,"column":36},"end":{"line":73,"column":38}}],"line":73},"8":{"loc":{"start":{"line":75,"column":6},"end":{"line":75,"column":38}},"type":"binary-expr","locations":[{"start":{"line":75,"column":6},"end":{"line":75,"column":32}},{"start":{"line":75,"column":36},"end":{"line":75,"column":38}}],"line":75},"9":{"loc":{"start":{"line":102,"column":19},"end":{"line":102,"column":41}},"type":"binary-expr","locations":[{"start":{"line":102,"column":19},"end":{"line":102,"column":35}},{"start":{"line":102,"column":39},"end":{"line":102,"column":41}}],"line":102},"10":{"loc":{"start":{"line":121,"column":4},"end":{"line":123,"column":5}},"type":"if","locations":[{"start":{"line":121,"column":4},"end":{"line":123,"column":5}},{"start":{},"end":{}}],"line":121},"11":{"loc":{"start":{"line":121,"column":8},"end":{"line":121,"column":37}},"type":"binary-expr","locations":[{"start":{"line":121,"column":8},"end":{"line":121,"column":16}},{"start":{"line":121,"column":20},"end":{"line":121,"column":37}}],"line":121},"12":{"loc":{"start":{"line":127,"column":4},"end":{"line":130,"column":5}},"type":"if","locations":[{"start":{"line":127,"column":4},"end":{"line":130,"column":5}},{"start":{},"end":{}}],"line":127},"13":{"loc":{"start":{"line":134,"column":4},"end":{"line":137,"column":5}},"type":"if","locations":[{"start":{"line":134,"column":4},"end":{"line":137,"column":5}},{"start":{},"end":{}}],"line":134},"14":{"loc":{"start":{"line":141,"column":4},"end":{"line":152,"column":5}},"type":"if","locations":[{"start":{"line":141,"column":4},"end":{"line":152,"column":5}},{"start":{},"end":{}}],"line":141},"15":{"loc":{"start":{"line":155,"column":4},"end":{"line":165,"column":5}},"type":"if","locations":[{"start":{"line":155,"column":4},"end":{"line":165,"column":5}},{"start":{},"end":{}}],"line":155},"16":{"loc":{"start":{"line":207,"column":24},"end":{"line":207,"column":41}},"type":"default-arg","locations":[{"start":{"line":207,"column":33},"end":{"line":207,"column":41}}],"line":207},"17":{"loc":{"start":{"line":210,"column":22},"end":{"line":210,"column":93}},"type":"binary-expr","locations":[{"start":{"line":210,"column":22},"end":{"line":210,"column":34}},{"start":{"line":210,"column":38},"end":{"line":210,"column":93}}],"line":210},"18":{"loc":{"start":{"line":222,"column":6},"end":{"line":226,"column":7}},"type":"if","locations":[{"start":{"line":222,"column":6},"end":{"line":226,"column":7}},{"start":{},"end":{}}],"line":222},"19":{"loc":{"start":{"line":236,"column":22},"end":{"line":236,"column":93}},"type":"binary-expr","locations":[{"start":{"line":236,"column":22},"end":{"line":236,"column":34}},{"start":{"line":236,"column":38},"end":{"line":236,"column":93}}],"line":236},"20":{"loc":{"start":{"line":246,"column":21},"end":{"line":252,"column":5}},"type":"binary-expr","locations":[{"start":{"line":246,"column":21},"end":{"line":246,"column":57}},{"start":{"line":246,"column":61},"end":{"line":252,"column":5}}],"line":246},"21":{"loc":{"start":{"line":259,"column":24},"end":{"line":259,"column":63}},"type":"binary-expr","locations":[{"start":{"line":259,"column":24},"end":{"line":259,"column":58}},{"start":{"line":259,"column":62},"end":{"line":259,"column":63}}],"line":259},"22":{"loc":{"start":{"line":266,"column":4},"end":{"line":268,"column":5}},"type":"if","locations":[{"start":{"line":266,"column":4},"end":{"line":268,"column":5}},{"start":{},"end":{}}],"line":266},"23":{"loc":{"start":{"line":266,"column":8},"end":{"line":266,"column":79}},"type":"binary-expr","locations":[{"start":{"line":266,"column":8},"end":{"line":266,"column":46}},{"start":{"line":266,"column":50},"end":{"line":266,"column":79}}],"line":266},"24":{"loc":{"start":{"line":271,"column":4},"end":{"line":273,"column":5}},"type":"if","locations":[{"start":{"line":271,"column":4},"end":{"line":273,"column":5}},{"start":{},"end":{}}],"line":271},"25":{"loc":{"start":{"line":271,"column":8},"end":{"line":271,"column":70}},"type":"binary-expr","locations":[{"start":{"line":271,"column":8},"end":{"line":271,"column":39}},{"start":{"line":271,"column":43},"end":{"line":271,"column":70}}],"line":271},"26":{"loc":{"start":{"line":276,"column":4},"end":{"line":278,"column":5}},"type":"if","locations":[{"start":{"line":276,"column":4},"end":{"line":278,"column":5}},{"start":{},"end":{}}],"line":276},"27":{"loc":{"start":{"line":276,"column":8},"end":{"line":276,"column":99}},"type":"binary-expr","locations":[{"start":{"line":276,"column":8},"end":{"line":276,"column":61}},{"start":{"line":276,"column":65},"end":{"line":276,"column":99}}],"line":276},"28":{"loc":{"start":{"line":300,"column":4},"end":{"line":302,"column":5}},"type":"if","locations":[{"start":{"line":300,"column":4},"end":{"line":302,"column":5}},{"start":{},"end":{}}],"line":300},"29":{"loc":{"start":{"line":300,"column":8},"end":{"line":300,"column":47}},"type":"binary-expr","locations":[{"start":{"line":300,"column":8},"end":{"line":300,"column":18}},{"start":{"line":300,"column":22},"end":{"line":300,"column":47}}],"line":300},"30":{"loc":{"start":{"line":331,"column":6},"end":{"line":333,"column":7}},"type":"if","locations":[{"start":{"line":331,"column":6},"end":{"line":333,"column":7}},{"start":{},"end":{}}],"line":331},"31":{"loc":{"start":{"line":331,"column":10},"end":{"line":331,"column":63}},"type":"binary-expr","locations":[{"start":{"line":331,"column":10},"end":{"line":331,"column":42}},{"start":{"line":331,"column":46},"end":{"line":331,"column":63}}],"line":331},"32":{"loc":{"start":{"line":342,"column":6},"end":{"line":344,"column":7}},"type":"if","locations":[{"start":{"line":342,"column":6},"end":{"line":344,"column":7}},{"start":{},"end":{}}],"line":342},"33":{"loc":{"start":{"line":354,"column":6},"end":{"line":356,"column":7}},"type":"if","locations":[{"start":{"line":354,"column":6},"end":{"line":356,"column":7}},{"start":{},"end":{}}],"line":354},"34":{"loc":{"start":{"line":354,"column":10},"end":{"line":354,"column":68}},"type":"binary-expr","locations":[{"start":{"line":354,"column":10},"end":{"line":354,"column":29}},{"start":{"line":354,"column":33},"end":{"line":354,"column":68}}],"line":354},"35":{"loc":{"start":{"line":362,"column":4},"end":{"line":373,"column":5}},"type":"if","locations":[{"start":{"line":362,"column":4},"end":{"line":373,"column":5}},{"start":{},"end":{}}],"line":362},"36":{"loc":{"start":{"line":399,"column":2},"end":{"line":404,"column":3}},"type":"if","locations":[{"start":{"line":399,"column":2},"end":{"line":404,"column":3}},{"start":{},"end":{}}],"line":399},"37":{"loc":{"start":{"line":407,"column":2},"end":{"line":418,"column":3}},"type":"if","locations":[{"start":{"line":407,"column":2},"end":{"line":418,"column":3}},{"start":{},"end":{}}],"line":407},"38":{"loc":{"start":{"line":427,"column":4},"end":{"line":440,"column":5}},"type":"if","locations":[{"start":{"line":427,"column":4},"end":{"line":440,"column":5}},{"start":{},"end":{}}],"line":427},"39":{"loc":{"start":{"line":460,"column":2},"end":{"line":466,"column":3}},"type":"if","locations":[{"start":{"line":460,"column":2},"end":{"line":466,"column":3}},{"start":{},"end":{}}],"line":460}},"s":{"0":0,"1":0,"2":0,"3":0,"4":0,"5":0,"6":0,"7":0,"8":0,"9":0,"10":0,"11":0,"12":0,"13":0,"14":0,"15":0,"16":0,"17":0,"18":0,"19":0,"20":0,"21":0,"22":0,"23":0,"24":0,"25":0,"26":0,"27":0,"28":0,"29":0,"30":0,"31":0,"32":0,"33":0,"34":0,"35":0,"36":0,"37":0,"38":0,"39":0,"40":0,"41":0,"42":0,"43":0,"44":0,"45":0,"46":0,"47":0,"48":0,"49":0,"50":0,"51":0,"52":0,"53":0,"54":0,"55":0,"56":0,"57":0,"58":0,"59":0,"60":0,"61":0,"62":0,"63":0,"64":0,"65":0,"66":0,"67":0,"68":0,"69":0,"70":0,"71":0,"72":0,"73":0,"74":0,"75":0,"76":0,"77":0,"78":0,"79":0,"80":0,"81":0,"82":0,"83":0,"84":0,"85":0,"86":0,"87":0,"88":0,"89":0,"90":0,"91":0,"92":0,"93":0,"94":0,"95":0,"96":0,"97":0,"98":0,"99":0,"100":0,"101":0,"102":0,"103":0,"104":0,"105":0,"106":0,"107":0,"108":0,"109":0,"110":0,"111":0,"112":0,"113":0,"114":0,"115":0,"116":0,"117":0,"118":0,"119":0,"120":0,"121":0,"122":0,"123":0,"124":0,"125":0,"126":0,"127":0,"128":0,"129":0,"130":0,"131":0,"132":0,"133":0,"134":0,"135":0,"136":0,"137":0,"138":0,"139":0,"140":0,"141":0,"142":0,"143":0,"144":0,"145":0,"146":0,"147":0,"148":0,"149":0,"150":0,"151":0,"152":0,"153":0,"154":0,"155":0,"156":0,"157":0,"158":0},"f":{"0":0,"1":0,"2":0,"3":0,"4":0,"5":0,"6":0,"7":0,"8":0,"9":0,"10":0,"11":0,"12":0,"13":0,"14":0,"15":0,"16":0,"17":0,"18":0,"19":0,"20":0,"21":0,"22":0,"23":0,"24":0,"25":0,"26":0,"27":0},"b":{"0":[0,0],"1":[0,0],"2":[0,0],"3":[0,0],"4":[0,0],"5":[0,0],"6":[0,0],"7":[0,0],"8":[0,0],"9":[0,0],"10":[0,0],"11":[0,0],"12":[0,0],"13":[0,0],"14":[0,0],"15":[0,0],"16":[0],"17":[0,0],"18":[0,0],"19":[0,0],"20":[0,0],"21":[0,0],"22":[0,0],"23":[0,0],"24":[0,0],"25":[0,0],"26":[0,0],"27":[0,0],"28":[0,0],"29":[0,0],"30":[0,0],"31":[0,0],"32":[0,0],"33":[0,0],"34":[0,0],"35":[0,0],"36":[0,0],"37":[0,0],"38":[0,0],"39":[0,0]}}
,"/Users/davidmikulis/neuro-pilot-ai/inventory-enterprise/backend/middleware/cache.js": {"path":"/Users/davidmikulis/neuro-pilot-ai/inventory-enterprise/backend/middleware/cache.js","statementMap":{"0":{"start":{"line":6,"column":21},"end":{"line":6,"column":47}},"1":{"start":{"line":7,"column":15},"end":{"line":7,"column":42}},"2":{"start":{"line":22,"column":6},"end":{"line":22,"column":13}},"3":{"start":{"line":24,"column":2},"end":{"line":89,"column":4}},"4":{"start":{"line":26,"column":4},"end":{"line":28,"column":5}},"5":{"start":{"line":27,"column":6},"end":{"line":27,"column":20}},"6":{"start":{"line":31,"column":4},"end":{"line":33,"column":5}},"7":{"start":{"line":31,"column":34},"end":{"line":31,"column":59}},"8":{"start":{"line":32,"column":6},"end":{"line":32,"column":20}},"9":{"start":{"line":36,"column":4},"end":{"line":38,"column":5}},"10":{"start":{"line":37,"column":6},"end":{"line":37,"column":20}},"11":{"start":{"line":40,"column":4},"end":{"line":88,"column":5}},"12":{"start":{"line":42,"column":23},"end":{"line":42,"column":63}},"13":{"start":{"line":45,"column":21},"end":{"line":45,"column":53}},"14":{"start":{"line":46,"column":6},"end":{"line":56,"column":7}},"15":{"start":{"line":48,"column":8},"end":{"line":48,"column":53}},"16":{"start":{"line":51,"column":8},"end":{"line":51,"column":34}},"17":{"start":{"line":52,"column":8},"end":{"line":52,"column":41}},"18":{"start":{"line":55,"column":8},"end":{"line":55,"column":32}},"19":{"start":{"line":59,"column":6},"end":{"line":59,"column":52}},"20":{"start":{"line":62,"column":27},"end":{"line":62,"column":45}},"21":{"start":{"line":63,"column":6},"end":{"line":80,"column":8}},"22":{"start":{"line":65,"column":8},"end":{"line":72,"column":9}},"23":{"start":{"line":66,"column":10},"end":{"line":71,"column":13}},"24":{"start":{"line":67,"column":12},"end":{"line":70,"column":15}},"25":{"start":{"line":75,"column":8},"end":{"line":75,"column":35}},"26":{"start":{"line":76,"column":8},"end":{"line":76,"column":41}},"27":{"start":{"line":79,"column":8},"end":{"line":79,"column":34}},"28":{"start":{"line":82,"column":6},"end":{"line":82,"column":13}},"29":{"start":{"line":85,"column":6},"end":{"line":85,"column":71}},"30":{"start":{"line":87,"column":6},"end":{"line":87,"column":13}},"31":{"start":{"line":96,"column":16},"end":{"line":96,"column":46}},"32":{"start":{"line":99,"column":2},"end":{"line":105,"column":3}},"33":{"start":{"line":100,"column":24},"end":{"line":103,"column":16}},"34":{"start":{"line":102,"column":18},"end":{"line":102,"column":44}},"35":{"start":{"line":104,"column":4},"end":{"line":104,"column":28}},"36":{"start":{"line":108,"column":2},"end":{"line":114,"column":5}},"37":{"start":{"line":109,"column":4},"end":{"line":113,"column":5}},"38":{"start":{"line":110,"column":6},"end":{"line":110,"column":41}},"39":{"start":{"line":111,"column":11},"end":{"line":113,"column":5}},"40":{"start":{"line":112,"column":6},"end":{"line":112,"column":45}},"41":{"start":{"line":116,"column":2},"end":{"line":116,"column":25}},"42":{"start":{"line":127,"column":6},"end":{"line":127,"column":13}},"43":{"start":{"line":129,"column":2},"end":{"line":168,"column":4}},"44":{"start":{"line":131,"column":4},"end":{"line":133,"column":5}},"45":{"start":{"line":132,"column":6},"end":{"line":132,"column":20}},"46":{"start":{"line":136,"column":4},"end":{"line":138,"column":5}},"47":{"start":{"line":137,"column":6},"end":{"line":137,"column":20}},"48":{"start":{"line":140,"column":4},"end":{"line":167,"column":5}},"49":{"start":{"line":142,"column":27},"end":{"line":142,"column":45}},"50":{"start":{"line":143,"column":6},"end":{"line":160,"column":8}},"51":{"start":{"line":145,"column":8},"end":{"line":157,"column":9}},"52":{"start":{"line":146,"column":10},"end":{"line":156,"column":11}},"53":{"start":{"line":147,"column":33},"end":{"line":147,"column":71}},"54":{"start":{"line":148,"column":12},"end":{"line":155,"column":13}},"55":{"start":{"line":149,"column":14},"end":{"line":154,"column":17}},"56":{"start":{"line":159,"column":8},"end":{"line":159,"column":34}},"57":{"start":{"line":162,"column":6},"end":{"line":162,"column":13}},"58":{"start":{"line":165,"column":6},"end":{"line":165,"column":84}},"59":{"start":{"line":166,"column":6},"end":{"line":166,"column":13}},"60":{"start":{"line":177,"column":2},"end":{"line":181,"column":5}},"61":{"start":{"line":186,"column":2},"end":{"line":190,"column":5}},"62":{"start":{"line":195,"column":2},"end":{"line":199,"column":5}},"63":{"start":{"line":204,"column":2},"end":{"line":208,"column":5}},"64":{"start":{"line":213,"column":2},"end":{"line":217,"column":5}},"65":{"start":{"line":224,"column":2},"end":{"line":227,"column":3}},"66":{"start":{"line":225,"column":4},"end":{"line":225,"column":58}},"67":{"start":{"line":226,"column":4},"end":{"line":226,"column":11}},"68":{"start":{"line":229,"column":2},"end":{"line":229,"column":73}},"69":{"start":{"line":231,"column":2},"end":{"line":246,"column":3}},"70":{"start":{"line":232,"column":4},"end":{"line":245,"column":5}},"71":{"start":{"line":235,"column":6},"end":{"line":235,"column":63}},"72":{"start":{"line":241,"column":6},"end":{"line":244,"column":9}},"73":{"start":{"line":248,"column":2},"end":{"line":248,"column":40}},"74":{"start":{"line":256,"column":2},"end":{"line":269,"column":4}},"75":{"start":{"line":257,"column":4},"end":{"line":267,"column":5}},"76":{"start":{"line":258,"column":6},"end":{"line":266,"column":7}},"77":{"start":{"line":259,"column":22},"end":{"line":259,"column":51}},"78":{"start":{"line":260,"column":8},"end":{"line":260,"column":31}},"79":{"start":{"line":262,"column":8},"end":{"line":265,"column":11}},"80":{"start":{"line":268,"column":4},"end":{"line":268,"column":11}},"81":{"start":{"line":272,"column":0},"end":{"line":282,"column":2}}},"fnMap":{"
[...]
s","statementMap":{"0":{"start":{"line":6,"column":19},"end":{"line":6,"column":41}},"1":{"start":{"line":10,"column":4},"end":{"line":10,"column":35}},"2":{"start":{"line":11,"column":4},"end":{"line":11,"column":36}},"3":{"start":{"line":12,"column":4},"end":{"line":12,"column":65}},"4":{"start":{"line":13,"column":4},"end":{"line":13,"column":77}},"5":{"start":{"line":14,"column":4},"end":{"line":14,"column":27}},"6":{"start":{"line":16,"column":4},"end":{"line":19,"column":5}},"7":{"start":{"line":17,"column":6},"end":{"line":17,"column":31}},"8":{"start":{"line":18,"column":6},"end":{"line":18,"column":19}},"9":{"start":{"line":21,"column":4},"end":{"line":21,"column":83}},"10":{"start":{"line":29,"column":4},"end":{"line":33,"column":7}},"11":{"start":{"line":36,"column":4},"end":{"line":40,"column":7}},"12":{"start":{"line":43,"column":4},"end":{"line":47,"column":7}},"13":{"start":{"line":50,"column":4},"end":{"line":54,"column":7}},"14":{"start":{"line":57,"column":4},"end":{"line":61,"column":7}},"15":{"start":{"line":63,"column":4},"end":{"line":67,"column":7}},"16":{"start":{"line":70,"column":4},"end":{"line":75,"column":7}},"17":{"start":{"line":78,"column":4},"end":{"line":82,"column":7}},"18":{"start":{"line":85,"column":4},"end":{"line":89,"column":7}},"19":{"start":{"line":92,"column":4},"end":{"line":96,"column":7}},"20":{"start":{"line":99,"column":4},"end":{"line":103,"column":7}},"21":{"start":{"line":106,"column":4},"end":{"line":110,"column":7}},"22":{"start":{"line":112,"column":4},"end":{"line":116,"column":7}},"23":{"start":{"line":118,"column":4},"end":{"line":118,"column":47}},"24":{"start":{"line":125,"column":4},"end":{"line":127,"column":5}},"25":{"start":{"line":126,"column":6},"end":{"line":126,"column":13}},"26":{"start":{"line":129,"column":4},"end":{"line":129,"column":82}},"27":{"start":{"line":131,"column":4},"end":{"line":133,"column":22}},"28":{"start":{"line":132,"column":6},"end":{"line":132,"column":32}},"29":{"start":{"line":136,"column":4},"end":{"line":136,"column":24}},"30":{"start":{"line":143,"column":4},"end":{"line":147,"column":5}},"31":{"start":{"line":144,"column":6},"end":{"line":144,"column":37}},"32":{"start":{"line":145,"column":6},"end":{"line":145,"column":29}},"33":{"start":{"line":146,"column":6},"end":{"line":146,"column":52}},"34":{"start":{"line":154,"column":4},"end":{"line":175,"column":5}},"35":{"start":{"line":155,"column":24},"end":{"line":155,"column":34}},"36":{"start":{"line":158,"column":6},"end":{"line":158,"column":36}},"37":{"start":{"line":159,"column":6},"end":{"line":159,"column":26}},"38":{"start":{"line":162,"column":22},"end":{"line":162,"column":44}},"39":{"start":{"line":163,"column":6},"end":{"line":163,"column":39}},"40":{"start":{"line":166,"column":19},"end":{"line":166,"column":44}},"41":{"start":{"line":168,"column":6},"end":{"line":170,"column":7}},"42":{"start":{"line":169,"column":8},"end":{"line":169,"column":33}},"43":{"start":{"line":173,"column":6},"end":{"line":173,"column":60}},"44":{"start":{"line":174,"column":6},"end":{"line":174,"column":26}},"45":{"start":{"line":182,"column":4},"end":{"line":188,"column":5}},"46":{"start":{"line":183,"column":22},"end":{"line":183,"column":51}},"47":{"start":{"line":184,"column":6},"end":{"line":184,"column":37}},"48":{"start":{"line":186,"column":6},"end":{"line":186,"column":56}},"49":{"start":{"line":187,"column":6},"end":{"line":187,"column":18}},"50":{"start":{"line":195,"column":17},"end":{"line":195,"column":19}},"51":{"start":{"line":196,"column":21},"end":{"line":196,"column":46}},"52":{"start":{"line":198,"column":4},"end":{"line":206,"column":7}},"53":{"start":{"line":199,"column":20},"end":{"line":199,"column":41}},"54":{"start":{"line":200,"column":6},"end":{"line":205,"column":9}},"55":{"start":{"line":201,"column":8},"end":{"line":204,"column":9}},"56":{"start":{"line":202,"column":31},"end":{"line":202,"column":46}},"57":{"start":{"line":203,"column":10},"end":{"line":203,"column":42}},"58":{"start":{"line":208,"column":4},"end":{"line":208,"column":16}},"59":{"start":{"line":215,"column":4},"end":{"line":302,"column":5}},"60":{"start":{"line":217,"column":6},"end":{"line":219,"column":7}},"61":{"start":{"line":218,"column":8},"end":{"line":218,"column":66}},"62":{"start":{"line":221,"column":6},"end":{"line":223,"column":7}},"63":{"start":{"line":222,"column":8},"end":{"line":222,"column":71}},"64":{"start":{"line":226,"column":6},"end":{"line":228,"column":7}},"65":{"start":{"line":227,"column":8},"end":{"line":227,"column":73}},"66":{"start":{"line":231,"column":6},"end":{"line":236,"column":7}},"67":{"start":{"line":232,"column":8},"end":{"line":234,"column":10}},"68":{"start":{"line":235,"column":8},"end":{"line":235,"column":77}},"69":{"start":{"line":239,"column":6},"end":{"line":241,"column":7}},"70":{"start":{"line":240,"column":8},"end":{"line":240,"column":74}},"71":{"start":{"line":244,"column":6},"end":{"line":250,"column":7}},"72":{"start":{"line":245,"column":31},"end":{"line":245,"column":58}},"73":{"start":{"line":246,"column":8},"end":{"line":248,"column":9}},"74":{"start":{"line":247,"column":10},"end":{"line":247,"column":71}},"75":{"start":{"line":249,"column":8},"end":{"line":249,"column":42}},"76":{"start":{"line":253,"column":6},"end":{"line":259,"column":7}},"77":{"start":{"line":254,"column":31},"end":{"line":254,"column":58}},"78":{"start":{"line":255,"column":8},"end":{"line":257,"column":9}},"79":{"start":{"line":256,"column":10},"end":{"line":256,"column":71}},"80":{"start":{"line":258,"column":8},"end":{"line":258,"column":42}},"81":{"start":{"line":262,"column":6},"end":{"line":268,"column":7}},"82":{"start":{"line":263,"column":29},"end":{"line":263,"column":65}},"83":{"start":{"line":264,"column":8},"end":{"line":266,"column":9}},"84":{"start":{"line":265,"column":10},"end":{"line":265,"column":72}},"85":{"start":{"line":267,"column":8},"end":{"line":267,"column":41}},"86":{"start":{"line":270,"column":6},"end":{"line":276,"column":7}},"87":{"start":{"line":271,"column":30},"end":{"line":271,"column":67}},"88":{"start":{"line":272,"column":8},"end":{"line":274,"column":9}},"89":{"start":{"line":273,"column":10},"end":{"line":273,"column":75}},"90":{"start":{"line":275,"column":8},"end":{"line":275,"column":43}},"91":{"start":{"line":279,"column":19},"end":{"line":279,"column":52}},"92":{"start":{"line":280,"column":21},"end":{"line":280,"column":56}},"93":{"start":{"line":281,"column":20},"end":{"line":281,"column":33}},"94":{"start":{"line":283,"column":6},"end":{"line":286,"column":7}},"95":{"start":{"line":284,"column":24},"end":{"line":284,"column":36}},"96":{"start":{"line":285,"column":8},"end":{"line":285,"column":39}},"97":{"start":{"line":289,"column":6},"end":{"line":298,"column":7}},"98":{"start":{"line":289,"column":19},"end":{"line":289,"column":20}},"99":{"start":{"line":290,"column":22},"end":{"line":290,"column":30}},"100":{"start":{"line":291,"column":8},"end":{"line":297,"column":9}},"101":{"start":{"line":293,"column":24},"end":{"line":293,"column":55}},"102":{"start":{"line":294,"column":10},"end":{"line":296,"column":11}},"103":{"start":{"line":295,"column":12},"end":{"line":295,"column":66}},"104":{"start":{"line":301,"column":6},"end":{"line":301,"column":60}},"105":{"start":{"line":309,"column":17},"end":{"line":309,"column":42}},"106":{"start":{"line":311,"column":4},"end":{"line":316,"column":5}},"107":{"start":{"line":312,"column":6},"end":{"line":315,"column":8}},"108":{"start":{"line":318,"column":17},"end":{"line":318,"column":50}},"109":{"start":{"line":319,"column":19},"end":{"line":319,"column":54}},"110":{"start":{"line":320,"column":18},"end":{"line":320,"column":31}},"111":{"start":{"line":321,"column":20},"end":{"line":321,"column":72}},"112":{"start":{"line":323,"column":4},"end":{"line":341,"column":6}},"113":{"start":{"line":345,"column":0},"end":{"line":345,"column":37}}},"fnMap":{"0":{"name":"(anonymous_0)","decl":{"start":{"line":9,"column":2},"end":{"line":9,"column":3}},"loc":{"start":{"line":9,"column":44},"end":{"line":22,"column":3}},"line":9},"1":{"name":"(anonymous_1)","decl":{"start":{"line":27,"column":2},"end":{"line":27,"column":3}},"loc":{"start":{"line":27,"column":22},"end":{"line":119,"column":3}},"line":27},"2":{"name":"(anonymous_2)","decl":{"start":{"line":124,"column":2},"end":{"line":124,"column":3}},"loc":{"start":{"line":124,"column":10},"end":{"line":137,"column":3}},"line":124},"3":{"name":"(anonymous_3)","decl":{"start":{"line":131,"column":34},"end":{"line":131,"column":35}},"loc":{"start":{"line":131,"column":46},"end":{"line":133,"column":5}},"line":131},"4":{"name":"(anonymous_4)","decl":{"start":{"line":142,"column":2},"end":{"line":142,"column":3}},"loc":{"start":{"line":142,"column":9},"end":{"line":148,"column":3}},"line":142},"5":{"name":"(anonymous_5)","decl":{"start":{"line":153,"column":2},"end":{"line":153,"column":3}},"loc":{"start":{"line":153,"column":23},"end":{"line":176,"column":3}},"line":153},"6":{"name":"(anonymous_6)","decl":{"start":{"line":181,"column":2},"end":{"line":181,"column":3}},"loc":{"start":{"line":181,"column":23},"end":{"line":189,"column":3}},"line":181},"7":{"name":"(anonymous_7)","decl":{"start":{"line":194,"column":2},"end":{"line":194,"column":3}},"loc":{"start":{"line":194,"column":21},"end":{"line":209,"column":3}},"line":194},"8":{"name":"(anonymous_8)","decl":{"start":{"line":198,"column":21},"end":{"line":198,"column":22}},"loc":{"start":{"line":198,"column":32},"end":{"line":206,"column":5}},"line":198},"9":{"name":"(anonymous_9)","decl":{"start":{"line":200,"column":20},"end":{"line":200,"column":21}},"loc":{"start":{"line":200,"column":28},"end":{"line":205,"column":7}},"line":200},"10":{"name":"(anonymous_10)","decl":{"start":{"line":214,"column":2},"end":{"line":214,"column":3}},"loc":{"start":{"line":214,"column":22},"end":{"line":303,"column":3}},"line":214},"11":{"name":"(anonymous_11)","decl":{"start":{"line":308,"column":2},"end":{"line":308,"column":3}},"loc":{"start":{"line":308,"column":27},"end":{"line":342,"column":3}},"line":308}},"branchMap":{"0":{"loc":{"start":{"line":13,"column":20},"end":{"line":13,"column":76}},"type":"binary-expr","locations":[{"start":{"line":13,"column":20},"end":{"line":13,"column":67}},{"start":{"line":13,"column":71},"end":{"line":13,"column":76}}],"line":13},"1":{"loc":{"start":{"line":16,"column":4},"end":{"line":19,"column":5}},"type":"if","locations":[{"start":{"line":16,"column":4},"end":{"line":19,"column":5}},{"start":{},"end":{}}],"line":16},"2":{"loc":{"start":{"line":16,"column":8},"end":{"line":16,"column":40}},"type":"binary-expr","locations":[{"start":{"line":16,"column":8},"end":{"line":16,"column":20}},{"start":{"line":16,"column":24},"end":{"line":16,"column":40}}],"line":16},"3":{"loc":{"start":{"line":21,"column":42},"end":{"line":21,"column":79}},"type":"cond-expr","locations":[{"start":{"line":21,"column":57},"end":{"line":21,"column":66}},{"start":{"line":21,"column":69},"end":{"line":21,"column":79}}],"line":21},"4":{"loc":{"start":{"line":125,"column":4},"end":{"line":127,"column":5}},"type":"if","locations":[{"start":{"line":125,"column":4},"end":{"line":127,"column":5}},{"start":{},"end":{}}],"line":125},"5":{"loc":{"start":{"line":125,"column":8},"end":{"line":125,"column":42}},"type":"binary-expr","locations":[{"start":{"line":125,"column":8},"end":{"line":125,"column":21}},{"start":{"line":125,"column":25},"end":{"line":125,"column":42}}],"line":125},"6":{"loc":{"start":{"line":143,"column":4},"end":{"line":147,"column":5}},"type":"if","locations":[{"start":{"line":143,"column":4},"end":{"line":147,"column":5}},{"start":{},"end":{}}],"line":143},"7":{"loc":{"start":{"line":168,"column":6},"end":{"line":170,"column":7}},"type":"if","locations":[{"start":{"line":168,"column":6},"end":{"line":170,"column":7}},{"start":{},"end":{}}],"line":168},"8":{"loc":{"start":{"line":201,"column":8},"end":{"line":204,"column":9}},"type":"if","locations":[{"start":{"line":201,"column":8},"end":{"line":204,"column":9}},{"start":{},"end":{}}],"line":201},"9":{"loc":{"start":{"line":201,"column":12},"end":{"line":201,"column":63}},"type":"binary-expr","locations":[{"start":{"line":201,"column":12},"end":{"line":201,"column":16}},{"start":{"line":201,"column":20},"end":{"line":201,"column":41}},{"start":{"line":201,"column":45},"end":{"line":201,"column":63}}],"line":201},"10":{"loc":{"start":{"line":217,"column":6},"end":{"line":219,"column":7}},"type":"if","locations":[{"start":{"line":217,"column":6},"end":{"line":219,"column":7}},{"start":{},"end":{}}],"line":217},"11":{"loc":{"start":{"line":221,"column":6},"end":{"line":223,"column":7}},"type":"if","locations":[{"start":{"line":221,"column":6},"end":{"line":223,"column":7}},{"start":{},"end":{}}],"line":221},"12":{"loc":{"start":{"line":226,"column":6},"end":{"line":228,"column":7}},"type":"if","locations":[{"start":{"line":226,"column":6},"end":{"line":228,"column":7}},{"start":{},"end":{}}],"line":226},"13":{"loc":{"start":{"line":231,"column":6},"end":{"line":236,"column":7}},"type":"if","locations":[{"start":{"line":231,"column":6},"end":{"line":236,"column":7}},{"start":{},"end":{}}],"line":231},"14":{"loc":{"start":{"line":233,"column":53},"end":{"line":233,"column":84}},"type":"binary-expr","locations":[{"start":{"line":233,"column":53},"end":{"line":233,"column":79}},{"start":{"line":233,"column":83},"end":{"line":233,"column":84}}],"line":233},"15":{"loc":{"start":{"line":239,"column":6},"end":{"line":241,"column":7}},"type":"if","locations":[{"start":{"line":239,"column":6},"end":{"line":241,"column":7}},{"start":{},"end":{}}],"line":239},"16":{"loc":{"start":{"line":244,"column":6},"end":{"line":250,"column":7}},"type":"if","locations":[{"start":{"line":244,"column":6},"end":{"line":250,"column":7}},{"start":{},"end":{}}],"line":244},"17":{"loc":{"start":{"line":246,"column":8},"end":{"line":248,"column":9}},"type":"if","locations":[{"start":{"line":246,"column":8},"end":{"line":248,"column":9}},{"start":{},"end":{}}],"line":246},"18":{"loc":{"start":{"line":246,"column":12},"end":{"line":246,"column":79}},"type":"binary-expr","locations":[{"start":{"line":246,"column":12},"end":{"line":246,"column":42}},{"start":{"line":246,"column":46},"end":{"line":246,"column":79}}],"line":246},"19":{"loc":{"start":{"line":253,"column":6},"end":{"line":259,"column":7}},"type":"if","locations":[{"start":{"line":253,"column":6},"end":{"line":259,"column":7}},{"start":{},"end":{}}],"line":253},"20":{"loc":{"start":{"line":255,"column":8},"end":{"line":257,"column":9}},"type":"if","locations":[{"start":{"line":255,"column":8},"end":{"line":257,"column":9}},{"start":{},"end":{}}],"line":255},"21":{"loc":{"start":{"line":255,"column":12},"end":{"line":255,"column":79}},"type":"binary-expr","locations":[{"start":{"line":255,"column":12},"end":{"line":255,"column":42}},{"start":{"line":255,"column":46},"end":{"line":255,"column":79}}],"line":255},"22":{"loc":{"start":{"line":262,"column":6},"end":{"line":268,"column":7}},"type":"if","locations":[{"start":{"line":262,"column":6},"end":{"line":268,"column":7}},{"start":{},"end":{}}],"line":262},"23":{"loc":{"start":{"line":264,"column":8},"end":{"line":266,"column":9}},"type":"if","locations":[{"start":{"line":264,"column":8},"end":{"line":266,"column":9}},{"start":{},"end":{}}],"line":264},"24":{"loc":{"start":{"line":264,"column":12},"end":{"line":264,"column":79}},"type":"binary-expr","locations":[{"start":{"line":264,"column":12},"end":{"line":264,"column":43}},{"start":{"line":264,"column":47},"end":{"line":264,"column":79}}],"line":264},"25":{"loc":{"start":{"line":270,"column":6},"end":{"line":276,"column":7}},"type":"if","locations":[{"start":{"line":270,"column":6},"end":{"line":276,"column":7}},{"start":{},"end":{}}],"line":270},"26":{"loc":{"start":{"line":272,"column":8},"end":{"line":274,"column":9}},"type":"if","locations":[{"start":{"line":272,"column":8},"end":{"line":274,"column":9}},{"start":{},"end":{}}],"line":272},"27":{"loc":{"start":{"line":272,"column":12},"end":{"line":272,"column":82}},"type":"binary-expr","locations":[{"start":{"line":272,"column":12},"end":{"line":272,"column":44}},{"start":{"line":272,"column":48},"end":{"line":272,"column":82}}],"line":272},"28":{"loc":{"start":{"line":279,"column":28},"end":{"line":279,"column":51}},"type":"binary-expr","locations":[{"start":{"line":279,"column":28},"end":{"line":279,"column":46}},{"start":{"line":279,"column":50},"end":{"line":279,"column":51}}],"line":279},"29":{"loc":{"start":{"line":280,"column":30},"end":{"line":280,"column":55}},"type":"binary-expr","locations":[{"start":{"line":280,"column":30},"end":{"line":280,"column":50}},{"start":{"line":280,"column":54},"end":{"line":280,"column":55}}],"line":280},"30":{"loc":{"start":{"line":283,"column":6},"end":{"line":286,"column":7}},"type":"if","locations":[{"start":{"line":283,"column":6},"end":{"line":286,"column":7}},{"start":{},"end":{}}],"line":283},"31":{"loc":{"start":{"line":291,"column":8},"end":{"line":297,"column":9}},"type":"if","locations":[{"start":{"line":291,"column":8},"end":{"line":297,"column":9}},{"start":{},"end":{}}],"line":291},"32":{"loc":{"start":{"line":294,"column":10},"end":{"line":296,"column":11}},"type":"if","locations":[{"start":{"line":294,"column":10},"end":{"line":296,"column":11}},{"start":{},"end":{}}],"line":294},"33":{"loc":{"start":{"line":311,"column":4},"end":{"line":316,"column":5}},"type":"if","locations":[{"start":{"line":311,"column":4},"end":{"line":316,"column":5}},{"start":{},"end":{}}],"line":311},"34":{"loc":{"start":{"line":318,"column":26},"end":{"line":318,"column":49}},"type":"binary-expr","locations":[{"start":{"line":318,"column":26},"end":{"line":318,"column":44}},{"start":{"line":318,"column":48},"end":{"line":318,"column":49}}],"line":318},"35":{"loc":{"start":{"line":319,"column":28},"end":{"line":319,"column":53}},"type":"binary-expr","locations":[{"start":{"line":319,"column":28},"end":{"line":319,"column":48}},{"start":{"line":319,"column":52},"end":{"line":319,"column":53}}],"line":319},"36":{"loc":{"start":{"line":321,"column":20},"end":{"line":321,"column":72}},"type":"cond-expr","locations":[{"start":{"line":321,"column":32},"end":{"line":321,"column":63}},{"start":{"line":321,"column":66},"end":{"line":321,"column":72}}],"line":321},"37":{"loc":{"start":{"line":328,"column":28},"end":{"line":328,"column":47}},"type":"binary-expr","locations":[{"start":{"line":328,"column":28},"end":{"line":328,"column":42}},{"start":{"line":328,"column":46},"end":{"line":328,"column":47}}],"line":328}},"s":{"0":0,"1":0,"2":0,"3":0,"4":0,"5":0,"6":0,"7":0,"8":0,"9":0,"10":0,"11":0,"12":0,"13":0,"14":0,"15":0,"16":0,"17":0,"18":0,"19":0,"20":0,"21":0,"22":0,"23":0,"24":0,"25":0,"26":0,"27":0,"28":0,"29":0,"30":0,"31":0,"32":0,"33":0,"34":0,"35":0,"36":0,"37":0,"38":0,"39":0,"40":0,"41":0,"42":0,"43":0,"44":0,"45":0,"46":0,"47":0,"48":0,"49":0,"50":0,"51":0,"52":0,"53":0,"54":0,"55":0,"56":0,"57":0,"58":0,"59":0,"60":0,"61":0,"62":0,"63":0,"64":0,"65":0,"66":0,"67":0,"68":0,"69":0,"70":0,"71":0,"72":0,"73":0,"74":0,"75":0,"76":0,"77":0,"78":0,"79":0,"80":0,"81":0,"82":0,"83":0,"84":0,"85":0,"86":0,"87":0,"88":0,"89":0,"90":0,"91":0,"92":0,"93":0,"94":0,"95":0,"96":0,"97":0,"98":0,"99":0,"100":0,"101":0,"102":0,"103":0,"104":0,"105":0,"106":0,"107":0,"108":0,"109":0,"110":0,"111":0,"112":0,"113":0},"f":{"0":0,"1":0,"2":0,"3":0,"4":0,"5":0,"6":0,"7":0,"8":0,"9":0,"10":0,"11":0},"b":{"0":[0,0],"1":[0,0],"2":[0,0],"3":[0,0],"4":[0,0],"5":[0,0],"6":[0,0],"7":[0,0],"8":[0,0],"9":[0,0,0],"10":[0,0],"11":[0,0],"12":[0,0],"13":[0,0],"14":[0,0],"15":[0,0],"16":[0,0],"17":[0,0],"18":[0,0],"19":[0,0],"20":[0,0],"21":[0,0],"22":[0,0],"23":[0,0],"24":[0,0],"25":[0,0],"26":[0,0],"27":[0,0],"28":[0,0],"29":[0,0],"30":[0,0],"31":[0,0],"32":[0,0],"33":[0,0],"34":[0,0],"35":[0,0],"36":[0,0],"37":[0,0]}}
}
