TN:
SF:middleware/audit.js
FN:10,(anonymous_0)
FN:23,(anonymous_1)
FN:24,(anonymous_2)
FN:45,(anonymous_3)
FN:50,(anonymous_4)
FN:62,(anonymous_5)
FN:114,(anonymous_6)
FN:150,(anonymous_7)
FN:169,(anonymous_8)
FN:185,(anonymous_9)
FN:196,(anonymous_10)
FN:209,(anonymous_11)
FN:235,(anonymous_12)
FN:252,(anonymous_13)
FN:295,(anonymous_14)
FN:349,(anonymous_15)
FN:362,(anonymous_16)
FNF:17
FNH:0
FNDA:0,(anonymous_0)
FNDA:0,(anonymous_1)
FNDA:0,(anonymous_2)
FNDA:0,(anonymous_3)
FNDA:0,(anonymous_4)
FNDA:0,(anonymous_5)
FNDA:0,(anonymous_6)
FNDA:0,(anonymous_7)
FNDA:0,(anonymous_8)
FNDA:0,(anonymous_9)
FNDA:0,(anonymous_10)
FNDA:0,(anonymous_11)
FNDA:0,(anonymous_12)
FNDA:0,(anonymous_13)
FNDA:0,(anonymous_14)
FNDA:0,(anonymous_15)
FNDA:0,(anonymous_16)
DA:6,0
DA:7,0
DA:11,0
DA:12,0
DA:13,0
DA:14,0
DA:16,0
DA:24,0
DA:25,0
DA:26,0
DA:30,0
DA:31,0
DA:34,0
DA:37,0
DA:38,0
DA:41,0
DA:42,0
DA:45,0
DA:46,0
DA:47,0
DA:50,0
DA:51,0
DA:52,0
DA:55,0
DA:63,0
DA:64,0
DA:67,0
DA:69,0
DA:70,0
DA:74,0
DA:96,0
DA:99,0
DA:107,0
DA:115,0
DA:116,0
DA:119,0
DA:120,0
DA:124,0
DA:125,0
DA:129,0
DA:130,0
DA:134,0
DA:135,0
DA:139,0
DA:140,0
DA:144,0
DA:151,0
DA:153,0
DA:154,0
DA:155,0
DA:156,0
DA:157,0
DA:158,0
DA:160,0
DA:161,0
DA:163,0
DA:171,0
DA:172,0
DA:173,0
DA:176,0
DA:179,0
DA:186,0
DA:187,0
DA:188,0
DA:189,0
DA:190,0
DA:197,0
DA:210,0
DA:211,0
DA:214,0
DA:216,0
DA:217,0
DA:218,0
DA:223,0
DA:224,0
DA:225,0
DA:229,0
DA:236,0
DA:238,0
DA:240,0
DA:241,0
DA:242,0
DA:246,0
DA:253,0
DA:254,0
DA:255,0
DA:258,0
DA:259,0
DA:267,0
DA:285,0
DA:296,0
DA:297,0
DA:300,0
DA:301,0
DA:303,0
DA:304,0
DA:305,0
DA:308,0
DA:309,0
DA:310,0
DA:313,0
DA:314,0
DA:315,0
DA:318,0
DA:319,0
DA:320,0
DA:323,0
DA:324,0
DA:325,0
DA:328,0
DA:329,0
DA:330,0
DA:333,0
DA:337,0
DA:345,0
DA:347,0
DA:349,0
DA:363,0
DA:364,0
DA:367,0
DA:381,0
DA:383,0
DA:390,0
DA:392,0
DA:401,0
LF:125
LH:0
BRDA:14,0,0,0
BRDA:14,0,1,0
BRDA:16,1,0,0
BRDA:16,1,1,0
BRDA:25,2,0,0
BRDA:25,2,1,0
BRDA:30,3,0,0
BRDA:30,3,1,0
BRDA:69,4,0,0
BRDA:69,4,1,0
BRDA:78,5,0,0
BRDA:78,5,1,0
BRDA:79,6,0,0
BRDA:79,6,1,0
BRDA:80,7,0,0
BRDA:80,7,1,0
BRDA:82,8,0,0
BRDA:82,8,1,0
BRDA:86,9,0,0
BRDA:86,9,1,0
BRDA:119,10,0,0
BRDA:119,10,1,0
BRDA:124,11,0,0
BRDA:124,11,1,0
BRDA:129,12,0,0
BRDA:129,12,1,0
BRDA:134,13,0,0
BRDA:134,13,1,0
BRDA:134,14,0,0
BRDA:134,14,1,0
BRDA:139,15,0,0
BRDA:139,15,1,0
BRDA:139,16,0,0
BRDA:139,16,1,0
BRDA:153,17,0,0
BRDA:153,17,1,0
BRDA:154,18,0,0
BRDA:154,18,1,0
BRDA:155,19,0,0
BRDA:155,19,1,0
BRDA:156,20,0,0
BRDA:156,20,1,0
BRDA:157,21,0,0
BRDA:157,21,1,0
BRDA:158,22,0,0
BRDA:158,22,1,0
BRDA:160,23,0,0
BRDA:160,23,1,0
BRDA:161,24,0,0
BRDA:161,24,1,0
BRDA:171,25,0,0
BRDA:171,25,1,0
BRDA:171,26,0,0
BRDA:171,26,1,0
BRDA:172,27,0,0
BRDA:172,27,1,0
BRDA:173,28,0,0
BRDA:173,28,1,0
BRDA:176,29,0,0
BRDA:176,29,1,0
BRDA:186,30,0,0
BRDA:186,30,1,0
BRDA:186,31,0,0
BRDA:186,31,1,0
BRDA:187,32,0,0
BRDA:187,32,1,0
BRDA:187,33,0,0
BRDA:187,33,1,0
BRDA:188,34,0,0
BRDA:188,34,1,0
BRDA:188,35,0,0
BRDA:188,35,1,0
BRDA:189,36,0,0
BRDA:189,36,1,0
BRDA:198,37,0,0
BRDA:198,37,1,0
BRDA:198,37,2,0
BRDA:198,37,3,0
BRDA:198,37,4,0
BRDA:210,38,0,0
BRDA:210,38,1,0
BRDA:210,39,0,0
BRDA:210,39,1,0
BRDA:217,40,0,0
BRDA:217,40,1,0
BRDA:224,41,0,0
BRDA:224,41,1,0
BRDA:224,42,0,0
BRDA:224,42,1,0
BRDA:241,43,0,0
BRDA:241,43,1,0
BRDA:253,44,0,0
BRDA:253,44,1,0
BRDA:279,45,0,0
BRDA:279,45,1,0
BRDA:295,46,0,0
BRDA:295,47,0,0
BRDA:296,48,0,0
BRDA:296,48,1,0
BRDA:303,49,0,0
BRDA:303,49,1,0
BRDA:308,50,0,0
BRDA:308,50,1,0
BRDA:313,51,0,0
BRDA:313,51,1,0
BRDA:318,52,0,0
BRDA:318,52,1,0
BRDA:323,53,0,0
BRDA:323,53,1,0
BRDA:328,54,0,0
BRDA:328,54,1,0
BRDA:333,55,0,0
BRDA:333,55,1,0
BRDA:351,56,0,0
BRDA:351,56,1,0
BRDA:352,57,0,0
BRDA:352,57,1,0
BRDA:362,58,0,0
BRDA:363,59,0,0
BRDA:363,59,1,0
BRF:120
BRH:0
end_of_record
TN:
SF:middleware/auth.js
FN:60,(anonymous_0)
FN:97,(anonymous_1)
FN:108,(anonymous_2)
FN:123,(anonymous_3)
FN:137,(anonymous_4)
FN:138,(anonymous_5)
FN:169,(anonymous_6)
FN:170,(anonymous_7)
FN:200,(anonymous_8)
FN:230,(anonymous_9)
FN:312,(anonymous_10)
FN:322,(anonymous_11)
FN:342,(anonymous_12)
FNF:13
FNH:10
FNDA:11,(anonymous_0)
FNDA:5,(anonymous_1)
FNDA:4,(anonymous_2)
FNDA:3,(anonymous_3)
FNDA:24,(anonymous_4)
FNDA:0,(anonymous_5)
FNDA:0,(anonymous_6)
FNDA:0,(anonymous_7)
FNDA:14,(anonymous_8)
FNDA:12,(anonymous_9)
FNDA:2,(anonymous_10)
FNDA:1,(anonymous_11)
FNDA:2,(anonymous_12)
DA:1,21
DA:2,21
DA:3,21
DA:4,21
DA:7,21
DA:15,21
DA:37,21
DA:38,21
DA:43,21
DA:57,21
DA:60,21
DA:61,11
DA:68,11
DA:75,11
DA:87,11
DA:93,11
DA:97,21
DA:98,5
DA:99,5
DA:101,5
DA:102,1
DA:108,4
DA:109,4
DA:110,1
DA:116,1
DA:123,3
DA:124,3
DA:125,0
DA:131,3
DA:132,3
DA:137,21
DA:138,24
DA:139,0
DA:140,0
DA:146,0
DA:148,0
DA:149,0
DA:157,0
DA:164,0
DA:169,21
DA:170,0
DA:171,0
DA:172,0
DA:178,0
DA:179,0
DA:188,0
DA:195,0
DA:200,21
DA:201,14
DA:203,14
DA:204,0
DA:207,14
DA:208,0
DA:211,14
DA:212,0
DA:215,14
DA:216,0
DA:219,14
DA:220,0
DA:223,14
DA:230,21
DA:231,12
DA:233,12
DA:234,1
DA:239,1
DA:243,11
DA:244,0
DA:245,0
DA:250,0
DA:257,11
DA:259,11
DA:261,1
DA:264,1
DA:265,0
DA:266,0
DA:273,1
DA:280,1
DA:284,10
DA:285,10
DA:286,10
DA:288,10
DA:290,10
DA:297,10
DA:312,21
DA:313,2
DA:315,2
DA:316,1
DA:317,1
DA:320,1
DA:321,1
DA:322,1
DA:324,1
DA:325,0
DA:326,0
DA:329,1
DA:332,1
DA:334,1
DA:336,0
DA:337,0
DA:342,21
DA:343,2
DA:344,2
DA:346,2
DA:349,21
LF:104
LH:75
BRDA:65,0,0,11
BRDA:65,0,1,0
BRDA:99,1,0,5
BRDA:99,1,1,4
BRDA:101,2,0,1
BRDA:101,2,1,4
BRDA:109,3,0,1
BRDA:109,3,1,3
BRDA:124,4,0,0
BRDA:124,4,1,3
BRDA:124,5,0,3
BRDA:124,5,1,3
BRDA:139,6,0,0
BRDA:139,6,1,0
BRDA:146,7,0,0
BRDA:146,7,1,0
BRDA:148,8,0,0
BRDA:148,8,1,0
BRDA:171,9,0,0
BRDA:171,9,1,0
BRDA:171,10,0,0
BRDA:171,10,1,0
BRDA:178,11,0,0
BRDA:178,11,1,0
BRDA:203,12,0,0
BRDA:203,12,1,14
BRDA:207,13,0,0
BRDA:207,13,1,14
BRDA:207,14,0,14
BRDA:207,14,1,14
BRDA:211,15,0,0
BRDA:211,15,1,14
BRDA:211,16,0,14
BRDA:211,16,1,14
BRDA:215,17,0,0
BRDA:215,17,1,14
BRDA:215,18,0,14
BRDA:215,18,1,14
BRDA:219,19,0,0
BRDA:219,19,1,14
BRDA:219,20,0,14
BRDA:219,20,1,14
BRDA:233,21,0,1
BRDA:233,21,1,11
BRDA:243,22,0,0
BRDA:243,22,1,11
BRDA:243,23,0,11
BRDA:243,23,1,0
BRDA:259,24,0,1
BRDA:259,24,1,10
BRDA:261,25,0,1
BRDA:261,25,1,1
BRDA:264,26,0,0
BRDA:264,26,1,1
BRDA:305,27,0,10
BRDA:305,27,1,0
BRDA:315,28,0,1
BRDA:315,28,1,1
BRDA:315,29,0,2
BRDA:315,29,1,1
BRDA:324,30,0,0
BRDA:324,30,1,1
BRDA:324,31,0,1
BRDA:324,31,1,1
BRDA:343,32,0,2
BRDA:343,32,1,0
BRF:66
BRH:41
end_of_record
TN:
SF:middleware/authHardening.js
FN:14,(anonymous_0)
FN:26,(anonymous_1)
FN:69,(anonymous_2)
FN:87,(anonymous_3)
FN:118,(anonymous_4)
FN:175,(anonymous_5)
FN:189,(anonymous_6)
FN:198,(anonymous_7)
FN:207,(anonymous_8)
FN:223,(anonymous_9)
FN:233,(anonymous_10)
FN:244,(anonymous_11)
FN:287,(anonymous_12)
FN:288,(anonymous_13)
FN:298,(anonymous_14)
FN:309,(anonymous_15)
FN:311,(anonymous_16)
FN:316,(anonymous_17)
FN:321,(anonymous_18)
FN:326,(anonymous_19)
FN:337,(anonymous_20)
FN:348,(anonymous_21)
FN:360,(anonymous_22)
FN:377,(anonymous_23)
FN:378,(anonymous_24)
FN:379,(anonymous_25)
FN:396,(anonymous_26)
FN:459,(anonymous_27)
FNF:28
FNH:0
FNDA:0,(anonymous_0)
FNDA:0,(anonymous_1)
FNDA:0,(anonymous_2)
FNDA:0,(anonymous_3)
FNDA:0,(anonymous_4)
FNDA:0,(anonymous_5)
FNDA:0,(anonymous_6)
FNDA:0,(anonymous_7)
FNDA:0,(anonymous_8)
FNDA:0,(anonymous_9)
FNDA:0,(anonymous_10)
FNDA:0,(anonymous_11)
FNDA:0,(anonymous_12)
FNDA:0,(anonymous_13)
FNDA:0,(anonymous_14)
FNDA:0,(anonymous_15)
FNDA:0,(anonymous_16)
FNDA:0,(anonymous_17)
FNDA:0,(anonymous_18)
FNDA:0,(anonymous_19)
FNDA:0,(anonymous_20)
FNDA:0,(anonymous_21)
FNDA:0,(anonymous_22)
FNDA:0,(anonymous_23)
FNDA:0,(anonymous_24)
FNDA:0,(anonymous_25)
FNDA:0,(anonymous_26)
FNDA:0,(anonymous_27)
DA:6,0
DA:7,0
DA:8,0
DA:9,0
DA:10,0
DA:15,0
DA:16,0
DA:17,0
DA:18,0
DA:19,0
DA:22,0
DA:27,0
DA:28,0
DA:37,0
DA:38,0
DA:39,0
DA:40,0
DA:43,0
DA:44,0
DA:45,0
DA:48,0
DA:49,0
DA:52,0
DA:55,0
DA:56,0
DA:65,0
DA:70,0
DA:78,0
DA:83,0
DA:88,0
DA:89,0
DA:91,0
DA:105,0
DA:107,0
DA:114,0
DA:119,0
DA:121,0
DA:122,0
DA:126,0
DA:127,0
DA:128,0
DA:129,0
DA:133,0
DA:134,0
DA:135,0
DA:136,0
DA:140,0
DA:141,0
DA:142,0
DA:150,0
DA:151,0
DA:155,0
DA:156,0
DA:164,0
DA:168,0
DA:169,0
DA:171,0
DA:176,0
DA:182,0
DA:190,0
DA:199,0
DA:200,0
DA:201,0
DA:203,0
DA:208,0
DA:209,0
DA:210,0
DA:212,0
DA:214,0
DA:222,0
DA:223,0
DA:224,0
DA:229,0
DA:234,0
DA:235,0
DA:236,0
DA:237,0
DA:239,0
DA:245,0
DA:246,0
DA:254,0
DA:255,0
DA:256,0
DA:257,0
DA:259,0
DA:260,0
DA:263,0
DA:266,0
DA:267,0
DA:271,0
DA:272,0
DA:276,0
DA:277,0
DA:280,0
DA:281,0
DA:283,0
DA:288,0
DA:293,0
DA:295,0
DA:299,0
DA:300,0
DA:301,0
DA:304,0
DA:305,0
DA:311,0
DA:312,0
DA:316,0
DA:317,0
DA:321,0
DA:322,0
DA:327,0
DA:328,0
DA:330,0
DA:331,0
DA:332,0
DA:338,0
DA:339,0
DA:341,0
DA:342,0
DA:343,0
DA:350,0
DA:352,0
DA:354,0
DA:355,0
DA:361,0
DA:362,0
DA:363,0
DA:365,0
DA:372,0
DA:378,0
DA:379,0
DA:381,0
DA:393,0
DA:396,0
DA:397,0
DA:399,0
DA:400,0
DA:407,0
DA:408,0
DA:414,0
DA:420,0
DA:421,0
DA:422,0
DA:425,0
DA:427,0
DA:428,0
DA:436,0
DA:442,0
DA:445,0
DA:451,0
DA:459,0
DA:460,0
DA:461,0
DA:467,0
DA:470,0
LF:155
LH:0
BRDA:28,0,0,0
BRDA:28,0,1,0
BRDA:44,1,0,0
BRDA:44,1,1,0
BRDA:44,2,0,0
BRDA:44,2,1,0
BRDA:48,3,0,0
BRDA:48,3,1,0
BRDA:55,4,0,0
BRDA:55,4,1,0
BRDA:71,5,0,0
BRDA:71,5,1,0
BRDA:72,6,0,0
BRDA:72,6,1,0
BRDA:73,7,0,0
BRDA:73,7,1,0
BRDA:75,8,0,0
BRDA:75,8,1,0
BRDA:102,9,0,0
BRDA:102,9,1,0
BRDA:121,10,0,0
BRDA:121,10,1,0
BRDA:121,11,0,0
BRDA:121,11,1,0
BRDA:127,12,0,0
BRDA:127,12,1,0
BRDA:134,13,0,0
BRDA:134,13,1,0
BRDA:141,14,0,0
BRDA:141,14,1,0
BRDA:155,15,0,0
BRDA:155,15,1,0
BRDA:207,16,0,0
BRDA:210,17,0,0
BRDA:210,17,1,0
BRDA:222,18,0,0
BRDA:222,18,1,0
BRDA:236,19,0,0
BRDA:236,19,1,0
BRDA:246,20,0,0
BRDA:246,20,1,0
BRDA:259,21,0,0
BRDA:259,21,1,0
BRDA:266,22,0,0
BRDA:266,22,1,0
BRDA:266,23,0,0
BRDA:266,23,1,0
BRDA:271,24,0,0
BRDA:271,24,1,0
BRDA:271,25,0,0
BRDA:271,25,1,0
BRDA:276,26,0,0
BRDA:276,26,1,0
BRDA:276,27,0,0
BRDA:276,27,1,0
BRDA:300,28,0,0
BRDA:300,28,1,0
BRDA:300,29,0,0
BRDA:300,29,1,0
BRDA:331,30,0,0
BRDA:331,30,1,0
BRDA:331,31,0,0
BRDA:331,31,1,0
BRDA:342,32,0,0
BRDA:342,32,1,0
BRDA:354,33,0,0
BRDA:354,33,1,0
BRDA:354,34,0,0
BRDA:354,34,1,0
BRDA:362,35,0,0
BRDA:362,35,1,0
BRDA:399,36,0,0
BRDA:399,36,1,0
BRDA:407,37,0,0
BRDA:407,37,1,0
BRDA:427,38,0,0
BRDA:427,38,1,0
BRDA:460,39,0,0
BRDA:460,39,1,0
BRF:79
BRH:0
end_of_record
TN:
SF:middleware/cache.js
FN:14,cacheMiddleware
FN:24,(anonymous_1)
FN:31,(anonymous_2)
FN:63,(anonymous_3)
FN:66,(anonymous_4)
FN:95,generateCacheKey
FN:102,(anonymous_6)
FN:108,(anonymous_7)
FN:123,invalidateCacheMiddleware
FN:129,(anonymous_9)
FN:143,(anonymous_10)
FN:176,cacheInventory
FN:185,cacheForecast
FN:194,cacheDashboard
FN:203,cacheReorder
FN:212,cacheModels
FN:223,warmCache
FN:255,cacheStatsMiddleware
FN:256,(anonymous_18)
FNF:19
FNH:0
FNDA:0,cacheMiddleware
FNDA:0,(anonymous_1)
FNDA:0,(anonymous_2)
FNDA:0,(anonymous_3)
FNDA:0,(anonymous_4)
FNDA:0,generateCacheKey
FNDA:0,(anonymous_6)
FNDA:0,(anonymous_7)
FNDA:0,invalidateCacheMiddleware
FNDA:0,(anonymous_9)
FNDA:0,(anonymous_10)
FNDA:0,cacheInventory
FNDA:0,cacheForecast
FNDA:0,cacheDashboard
FNDA:0,cacheReorder
FNDA:0,cacheModels
FNDA:0,warmCache
FNDA:0,cacheStatsMiddleware
FNDA:0,(anonymous_18)
DA:6,0
DA:7,0
DA:22,0
DA:24,0
DA:26,0
DA:27,0
DA:31,0
DA:32,0
DA:36,0
DA:37,0
DA:40,0
DA:42,0
DA:45,0
DA:46,0
DA:48,0
DA:51,0
DA:52,0
DA:55,0
DA:59,0
DA:62,0
DA:63,0
DA:65,0
DA:66,0
DA:67,0
DA:75,0
DA:76,0
DA:79,0
DA:82,0
DA:85,0
DA:87,0
DA:96,0
DA:99,0
DA:100,0
DA:102,0
DA:104,0
DA:108,0
DA:109,0
DA:110,0
DA:111,0
DA:112,0
DA:116,0
DA:127,0
DA:129,0
DA:131,0
DA:132,0
DA:136,0
DA:137,0
DA:140,0
DA:142,0
DA:143,0
DA:145,0
DA:146,0
DA:147,0
DA:148,0
DA:149,0
DA:159,0
DA:162,0
DA:165,0
DA:166,0
DA:177,0
DA:186,0
DA:195,0
DA:204,0
DA:213,0
DA:224,0
DA:225,0
DA:226,0
DA:229,0
DA:231,0
DA:232,0
DA:235,0
DA:241,0
DA:248,0
DA:256,0
DA:257,0
DA:258,0
DA:259,0
DA:260,0
DA:262,0
DA:268,0
DA:272,0
LF:81
LH:0
BRDA:14,0,0,0
BRDA:16,1,0,0
BRDA:17,2,0,0
BRDA:18,3,0,0
BRDA:19,4,0,0
BRDA:20,5,0,0
BRDA:21,6,0,0
BRDA:26,7,0,0
BRDA:26,7,1,0
BRDA:26,8,0,0
BRDA:26,8,1,0
BRDA:31,9,0,0
BRDA:31,9,1,0
BRDA:36,10,0,0
BRDA:36,10,1,0
BRDA:36,11,0,0
BRDA:36,11,1,0
BRDA:46,12,0,0
BRDA:46,12,1,0
BRDA:65,13,0,0
BRDA:65,13,1,0
BRDA:65,14,0,0
BRDA:65,14,1,0
BRDA:99,15,0,0
BRDA:99,15,1,0
BRDA:109,16,0,0
BRDA:109,16,1,0
BRDA:111,17,0,0
BRDA:111,17,1,0
BRDA:123,18,0,0
BRDA:125,19,0,0
BRDA:126,20,0,0
BRDA:131,21,0,0
BRDA:131,21,1,0
BRDA:136,22,0,0
BRDA:136,22,1,0
BRDA:136,23,0,0
BRDA:136,23,1,0
BRDA:145,24,0,0
BRDA:145,24,1,0
BRDA:145,25,0,0
BRDA:145,25,1,0
BRDA:148,26,0,0
BRDA:148,26,1,0
BRDA:223,27,0,0
BRDA:224,28,0,0
BRDA:224,28,1,0
BRDA:224,29,0,0
BRDA:224,29,1,0
BRDA:257,30,0,0
BRDA:257,30,1,0
BRF:51
BRH:0
end_of_record
TN:
SF:middleware/errorHandler.js
FN:28,(anonymous_0)
FN:39,(anonymous_1)
FN:56,(anonymous_2)
FN:78,detectAttackPatterns
FN:119,(anonymous_4)
FN:128,trackErrorMetrics
FN:152,(anonymous_6)
FN:283,(anonymous_7)
FN:284,(anonymous_8)
FN:290,(anonymous_9)
FN:312,(anonymous_10)
FN:327,(anonymous_11)
FN:332,(anonymous_12)
FN:346,(anonymous_13)
FN:352,(anonymous_14)
FN:358,(anonymous_15)
FN:360,(anonymous_16)
FN:368,(anonymous_17)
FN:369,(anonymous_18)
FN:371,(anonymous_19)
FN:378,(anonymous_20)
FNF:21
FNH:0
FNDA:0,(anonymous_0)
FNDA:0,(anonymous_1)
FNDA:0,(anonymous_2)
FNDA:0,detectAttackPatterns
FNDA:0,(anonymous_4)
FNDA:0,trackErrorMetrics
FNDA:0,(anonymous_6)
FNDA:0,(anonymous_7)
FNDA:0,(anonymous_8)
FNDA:0,(anonymous_9)
FNDA:0,(anonymous_10)
FNDA:0,(anonymous_11)
FNDA:0,(anonymous_12)
FNDA:0,(anonymous_13)
FNDA:0,(anonymous_14)
FNDA:0,(anonymous_15)
FNDA:0,(anonymous_16)
FNDA:0,(anonymous_17)
FNDA:0,(anonymous_18)
FNDA:0,(anonymous_19)
FNDA:0,(anonymous_20)
DA:6,0
DA:7,0
DA:10,0
DA:23,0
DA:24,0
DA:29,0
DA:30,0
DA:31,0
DA:32,0
DA:33,0
DA:34,0
DA:35,0
DA:40,0
DA:48,0
DA:49,0
DA:52,0
DA:57,0
DA:79,0
DA:81,0
DA:82,0
DA:85,0
DA:86,0
DA:87,0
DA:92,0
DA:93,0
DA:97,0
DA:98,0
DA:102,0
DA:103,0
DA:107,0
DA:108,0
DA:110,0
DA:111,0
DA:114,0
DA:117,0
DA:118,0
DA:119,0
DA:120,0
DA:124,0
DA:129,0
DA:130,0
DA:131,0
DA:133,0
DA:140,0
DA:141,0
DA:142,0
DA:144,0
DA:145,0
DA:148,0
DA:152,0
DA:154,0
DA:157,0
DA:162,0
DA:165,0
DA:172,0
DA:177,0
DA:184,0
DA:187,0
DA:194,0
DA:197,0
DA:204,0
DA:207,0
DA:208,0
DA:216,0
DA:220,0
DA:227,0
DA:231,0
DA:232,0
DA:233,0
DA:241,0
DA:252,0
DA:253,0
DA:257,0
DA:258,0
DA:259,0
DA:260,0
DA:261,0
DA:265,0
DA:272,0
DA:273,0
DA:276,0
DA:279,0
DA:283,0
DA:284,0
DA:285,0
DA:290,0
DA:292,0
DA:300,0
DA:308,0
DA:312,0
DA:313,0
DA:320,0
DA:321,0
DA:327,0
DA:332,0
DA:333,0
DA:339,0
DA:346,0
DA:347,0
DA:352,0
DA:353,0
DA:358,0
DA:360,0
DA:368,0
DA:369,0
DA:371,0
DA:374,0
DA:378,0
DA:380,0
DA:382,0
DA:383,0
DA:384,0
DA:389,0
DA:391,0
DA:393,0
DA:394,0
DA:400,0
DA:402,0
LF:118
LH:0
BRDA:28,0,0,0
BRDA:28,1,0,0
BRDA:28,2,0,0
BRDA:41,3,0,0
BRDA:41,3,1,0
BRDA:48,4,0,0
BRDA:48,4,1,0
BRDA:48,5,0,0
BRDA:48,5,1,0
BRDA:56,6,0,0
BRDA:81,7,0,0
BRDA:81,7,1,0
BRDA:82,8,0,0
BRDA:82,8,1,0
BRDA:85,9,0,0
BRDA:85,9,1,0
BRDA:85,10,0,0
BRDA:85,10,1,0
BRDA:86,11,0,0
BRDA:86,11,1,0
BRDA:86,12,0,0
BRDA:86,12,1,0
BRDA:86,12,2,0
BRDA:92,13,0,0
BRDA:92,13,1,0
BRDA:92,14,0,0
BRDA:92,14,1,0
BRDA:97,15,0,0
BRDA:97,15,1,0
BRDA:97,16,0,0
BRDA:97,16,1,0
BRDA:97,16,2,0
BRDA:102,17,0,0
BRDA:102,17,1,0
BRDA:102,18,0,0
BRDA:102,18,1,0
BRDA:102,18,2,0
BRDA:108,19,0,0
BRDA:108,19,1,0
BRDA:110,20,0,0
BRDA:110,20,1,0
BRDA:117,21,0,0
BRDA:117,21,1,0
BRDA:129,22,0,0
BRDA:129,22,1,0
BRDA:129,22,2,0
BRDA:130,23,0,0
BRDA:130,23,1,0
BRDA:133,24,0,0
BRDA:133,24,1,0
BRDA:142,25,0,0
BRDA:142,25,1,0
BRDA:144,26,0,0
BRDA:144,26,1,0
BRDA:162,27,0,0
BRDA:162,27,1,0
BRDA:162,27,2,0
BRDA:162,27,3,0
BRDA:162,27,4,0
BRDA:162,27,5,0
BRDA:162,27,6,0
BRDA:162,27,7,0
BRDA:162,27,8,0
BRDA:162,27,9,0
BRDA:162,27,10,0
BRDA:169,28,0,0
BRDA:169,28,1,0
BRDA:207,29,0,0
BRDA:207,29,1,0
BRDA:224,30,0,0
BRDA:224,30,1,0
BRDA:231,31,0,0
BRDA:231,31,1,0
BRDA:232,32,0,0
BRDA:232,32,1,0
BRDA:234,33,0,0
BRDA:234,33,1,0
BRDA:235,34,0,0
BRDA:235,34,1,0
BRDA:237,35,0,0
BRDA:237,35,1,0
BRDA:237,36,0,0
BRDA:237,36,1,0
BRDA:252,37,0,0
BRDA:252,37,1,0
BRDA:258,38,0,0
BRDA:258,38,1,0
BRDA:260,39,0,0
BRDA:260,39,1,0
BRDA:260,40,0,0
BRDA:260,40,1,0
BRDA:272,41,0,0
BRDA:272,41,1,0
BRDA:314,42,0,0
BRDA:314,42,1,0
BRDA:320,43,0,0
BRDA:320,43,1,0
BRDA:322,44,0,0
BRDA:322,44,1,0
BRDA:383,45,0,0
BRDA:383,45,1,0
BRDA:393,46,0,0
BRDA:393,46,1,0
BRF:103
BRH:0
end_of_record
TN:
SF:middleware/i18n.js
FN:12,(anonymous_0)
FN:19,(anonymous_1)
FN:43,(anonymous_2)
FN:50,(anonymous_3)
FN:51,(anonymous_4)
FN:66,(anonymous_5)
FNF:6
FNH:3
FNDA:4,(anonymous_0)
FNDA:4,(anonymous_1)
FNDA:0,(anonymous_2)
FNDA:4,(anonymous_3)
FNDA:0,(anonymous_4)
FNDA:0,(anonymous_5)
DA:8,4
DA:9,4
DA:13,4
DA:14,4
DA:15,4
DA:16,4
DA:20,4
DA:23,4
DA:24,0
DA:27,4
DA:28,8
DA:29,8
DA:30,8
DA:31,8
DA:32,8
DA:34,0
DA:35,0
DA:38,0
DA:44,0
DA:45,0
DA:47,0
DA:51,4
DA:53,0
DA:54,0
DA:56,0
DA:58,0
DA:59,0
DA:60,0
DA:61,0
DA:65,0
DA:66,0
DA:68,0
DA:73,4
DA:75,4
DA:76,4
LF:35
LH:18
BRDA:23,0,0,0
BRDA:23,0,1,4
BRDA:29,1,0,8
BRDA:29,1,1,0
BRDA:43,2,0,0
BRDA:44,3,0,0
BRDA:44,3,1,0
BRDA:47,4,0,0
BRDA:47,4,1,0
BRDA:53,5,0,0
BRDA:53,5,1,0
BRDA:58,6,0,0
BRDA:58,6,1,0
BRDA:58,7,0,0
BRDA:58,7,1,0
BRDA:60,8,0,0
BRDA:60,8,1,0
BRF:17
BRH:2
end_of_record
TN:
SF:middleware/security.js
FN:18,(anonymous_0)
FN:26,(anonymous_1)
FN:32,(anonymous_2)
FN:53,(anonymous_3)
FN:83,(anonymous_4)
FN:84,(anonymous_5)
FN:94,trackSuspiciousActivity
FN:109,(anonymous_7)
FN:117,(anonymous_8)
FN:164,(anonymous_9)
FN:166,(anonymous_10)
FN:195,(anonymous_11)
FN:211,(anonymous_12)
FN:232,(anonymous_13)
FN:241,(anonymous_14)
FN:244,(anonymous_15)
FN:262,(anonymous_16)
FN:265,(anonymous_17)
FN:284,(anonymous_18)
FN:302,(anonymous_19)
FN:309,(anonymous_20)
FN:311,(anonymous_21)
FNF:22
FNH:0
FNDA:0,(anonymous_0)
FNDA:0,(anonymous_1)
FNDA:0,(anonymous_2)
FNDA:0,(anonymous_3)
FNDA:0,(anonymous_4)
FNDA:0,(anonymous_5)
FNDA:0,trackSuspiciousActivity
FNDA:0,(anonymous_7)
FNDA:0,(anonymous_8)
FNDA:0,(anonymous_9)
FNDA:0,(anonymous_10)
FNDA:0,(anonymous_11)
FNDA:0,(anonymous_12)
FNDA:0,(anonymous_13)
FNDA:0,(anonymous_14)
FNDA:0,(anonymous_15)
FNDA:0,(anonymous_16)
FNDA:0,(anonymous_17)
FNDA:0,(anonymous_18)
FNDA:0,(anonymous_19)
FNDA:0,(anonymous_20)
FNDA:0,(anonymous_21)
DA:6,0
DA:7,0
DA:8,0
DA:9,0
DA:10,0
DA:13,0
DA:14,0
DA:15,0
DA:18,0
DA:19,0
DA:28,0
DA:29,0
DA:30,0
DA:33,0
DA:41,0
DA:44,0
DA:46,0
DA:54,0
DA:64,0
DA:70,0
DA:76,0
DA:83,0
DA:85,0
DA:95,0
DA:96,0
DA:97,0
DA:100,0
DA:101,0
DA:102,0
DA:109,0
DA:110,0
DA:111,0
DA:117,0
DA:118,0
DA:119,0
DA:125,0
DA:131,0
DA:135,0
DA:164,0
DA:166,0
DA:167,0
DA:168,0
DA:175,0
DA:179,0
DA:180,0
DA:181,0
DA:185,0
DA:186,0
DA:187,0
DA:191,0
DA:195,0
DA:196,0
DA:199,0
DA:200,0
DA:203,0
DA:204,0
DA:208,0
DA:209,0
DA:211,0
DA:212,0
DA:213,0
DA:218,0
DA:219,0
DA:222,0
DA:223,0
DA:232,0
DA:233,0
DA:237,0
DA:241,0
DA:242,0
DA:244,0
DA:245,0
DA:248,0
DA:249,0
DA:258,0
DA:262,0
DA:263,0
DA:265,0
DA:266,0
DA:267,0
DA:269,0
DA:270,0
DA:271,0
DA:273,0
DA:274,0
DA:277,0
DA:280,0
DA:284,0
DA:286,0
DA:287,0
DA:288,0
DA:289,0
DA:290,0
DA:291,0
DA:292,0
DA:293,0
DA:296,0
DA:298,0
DA:302,0
DA:303,0
DA:309,0
DA:311,0
DA:319,0
DA:322,0
LF:104
LH:0
BRDA:18,0,0,0
BRDA:20,1,0,0
BRDA:20,1,1,0
BRDA:21,2,0,0
BRDA:21,2,1,0
BRDA:29,3,0,0
BRDA:29,3,1,0
BRDA:38,4,0,0
BRDA:38,4,1,0
BRDA:96,5,0,0
BRDA:96,5,1,0
BRDA:100,6,0,0
BRDA:100,6,1,0
BRDA:118,7,0,0
BRDA:118,7,1,0
BRDA:167,8,0,0
BRDA:167,8,1,0
BRDA:179,9,0,0
BRDA:179,9,1,0
BRDA:179,10,0,0
BRDA:179,10,1,0
BRDA:185,11,0,0
BRDA:185,11,1,0
BRDA:185,12,0,0
BRDA:185,12,1,0
BRDA:199,13,0,0
BRDA:199,13,1,0
BRDA:200,14,0,0
BRDA:200,14,1,0
BRDA:203,15,0,0
BRDA:203,15,1,0
BRDA:212,16,0,0
BRDA:212,16,1,0
BRDA:218,17,0,0
BRDA:218,17,1,0
BRDA:218,18,0,0
BRDA:218,18,1,0
BRDA:222,19,0,0
BRDA:222,19,1,0
BRDA:229,20,0,0
BRDA:229,20,1,0
BRDA:248,21,0,0
BRDA:248,21,1,0
BRDA:254,22,0,0
BRDA:254,22,1,0
BRDA:267,23,0,0
BRDA:267,23,1,0
BRDA:269,24,0,0
BRDA:269,24,1,0
BRDA:273,25,0,0
BRDA:273,25,1,0
BRF:51
BRH:0
end_of_record
TN:
SF:middleware/securityMonitor.js
FN:88,(anonymous_0)
FN:112,(anonymous_1)
FN:132,(anonymous_2)
FN:157,(anonymous_3)
FN:170,(anonymous_4)
FN:179,(anonymous_5)
FN:186,(anonymous_6)
FN:214,(anonymous_7)
FN:237,(anonymous_8)
FN:313,(anonymous_9)
FN:338,(anonymous_10)
FN:344,(anonymous_11)
FN:357,(anonymous_12)
FN:358,(anonymous_13)
FN:359,(anonymous_14)
FN:360,(anonymous_15)
FN:376,(anonymous_16)
FN:379,(anonymous_17)
FN:385,(anonymous_18)
FN:387,(anonymous_19)
FN:391,(anonymous_20)
FN:410,(anonymous_21)
FN:414,(anonymous_22)
FN:435,(anonymous_23)
FNF:24
FNH:0
FNDA:0,(anonymous_0)
FNDA:0,(anonymous_1)
FNDA:0,(anonymous_2)
FNDA:0,(anonymous_3)
FNDA:0,(anonymous_4)
FNDA:0,(anonymous_5)
FNDA:0,(anonymous_6)
FNDA:0,(anonymous_7)
FNDA:0,(anonymous_8)
FNDA:0,(anonymous_9)
FNDA:0,(anonymous_10)
FNDA:0,(anonymous_11)
FNDA:0,(anonymous_12)
FNDA:0,(anonymous_13)
FNDA:0,(anonymous_14)
FNDA:0,(anonymous_15)
FNDA:0,(anonymous_16)
FNDA:0,(anonymous_17)
FNDA:0,(anonymous_18)
FNDA:0,(anonymous_19)
FNDA:0,(anonymous_20)
FNDA:0,(anonymous_21)
FNDA:0,(anonymous_22)
FNDA:0,(anonymous_23)
DA:6,0
DA:7,0
DA:11,0
DA:14,0
DA:24,0
DA:32,0
DA:89,0
DA:90,0
DA:93,0
DA:94,0
DA:95,0
DA:96,0
DA:97,0
DA:109,0
DA:113,0
DA:114,0
DA:115,0
DA:116,0
DA:117,0
DA:119,0
DA:134,0
DA:141,0
DA:142,0
DA:146,0
DA:149,0
DA:152,0
DA:153,0
DA:159,0
DA:160,0
DA:172,0
DA:175,0
DA:176,0
DA:180,0
DA:187,0
DA:188,0
DA:190,0
DA:198,0
DA:201,0
DA:202,0
DA:211,0
DA:212,0
DA:214,0
DA:216,0
DA:225,0
DA:226,0
DA:227,0
DA:228,0
DA:230,0
DA:232,0
DA:237,0
DA:238,0
DA:240,0
DA:242,0
DA:245,0
DA:248,0
DA:257,0
DA:258,0
DA:259,0
DA:260,0
DA:262,0
DA:263,0
DA:266,0
DA:269,0
DA:270,0
DA:284,0
DA:285,0
DA:297,0
DA:298,0
DA:305,0
DA:306,0
DA:308,0
DA:309,0
DA:313,0
DA:314,0
DA:315,0
DA:320,0
DA:323,0
DA:331,0
DA:334,0
DA:338,0
DA:339,0
DA:340,0
DA:341,0
DA:344,0
DA:345,0
DA:348,0
DA:357,0
DA:358,0
DA:359,0
DA:360,0
DA:372,0
DA:376,0
DA:377,0
DA:379,0
DA:380,0
DA:381,0
DA:384,0
DA:385,0
DA:387,0
DA:391,0
DA:392,0
DA:394,0
DA:395,0
DA:397,0
DA:398,0
DA:410,0
DA:414,0
DA:415,0
DA:418,0
DA:419,0
DA:422,0
DA:425,0
DA:426,0
DA:429,0
DA:431,0
DA:435,0
DA:436,0
DA:439,0
DA:440,0
DA:441,0
DA:446,0
DA:447,0
DA:448,0
DA:453,0
DA:457,0
DA:459,0
LF:126
LH:0
BRDA:94,0,0,0
BRDA:94,0,1,0
BRDA:96,1,0,0
BRDA:96,1,1,0
BRDA:102,2,0,0
BRDA:102,2,1,0
BRDA:113,3,0,0
BRDA:113,3,1,0
BRDA:114,4,0,0
BRDA:114,4,1,0
BRDA:115,5,0,0
BRDA:115,5,1,0
BRDA:116,6,0,0
BRDA:116,6,1,0
BRDA:117,7,0,0
BRDA:117,7,1,0
BRDA:141,8,0,0
BRDA:141,8,1,0
BRDA:152,9,0,0
BRDA:152,9,1,0
BRDA:159,10,0,0
BRDA:159,10,1,0
BRDA:188,11,0,0
BRDA:188,11,1,0
BRDA:190,12,0,0
BRDA:190,12,1,0
BRDA:201,13,0,0
BRDA:201,13,1,0
BRDA:201,14,0,0
BRDA:201,14,1,0
BRDA:211,15,0,0
BRDA:211,15,1,0
BRDA:214,16,0,0
BRDA:214,16,1,0
BRDA:214,17,0,0
BRDA:214,17,1,0
BRDA:248,18,0,0
BRDA:248,18,1,0
BRDA:262,19,0,0
BRDA:262,19,1,0
BRDA:277,20,0,0
BRDA:277,20,1,0
BRDA:290,21,0,0
BRDA:290,21,1,0
BRDA:298,22,0,0
BRDA:298,22,1,0
BRDA:308,23,0,0
BRDA:308,23,1,0
BRDA:380,24,0,0
BRDA:380,24,1,0
BRDA:381,25,0,0
BRDA:381,25,1,0
BRDA:397,26,0,0
BRDA:397,26,1,0
BRDA:418,27,0,0
BRDA:418,27,1,0
BRDA:419,28,0,0
BRDA:419,28,1,0
BRDA:425,29,0,0
BRDA:425,29,1,0
BRDA:426,30,0,0
BRDA:426,30,1,0
BRDA:429,31,0,0
BRDA:429,31,1,0
BRDA:440,32,0,0
BRDA:440,32,1,0
BRDA:447,33,0,0
BRDA:447,33,1,0
BRF:68
BRH:0
end_of_record
TN:
SF:middleware/security_2fa.js
FN:11,(anonymous_0)
FN:27,(anonymous_1)
FN:45,(anonymous_2)
FN:92,(anonymous_3)
FN:161,(anonymous_4)
FN:178,(anonymous_5)
FN:218,(anonymous_6)
FN:239,(anonymous_7)
FN:259,(anonymous_8)
FN:292,(anonymous_9)
FN:293,(anonymous_10)
FN:303,(anonymous_11)
FN:312,(anonymous_12)
FN:334,(anonymous_13)
FN:355,(anonymous_14)
FN:356,(anonymous_15)
FNF:16
FNH:0
FNDA:0,(anonymous_0)
FNDA:0,(anonymous_1)
FNDA:0,(anonymous_2)
FNDA:0,(anonymous_3)
FNDA:0,(anonymous_4)
FNDA:0,(anonymous_5)
FNDA:0,(anonymous_6)
FNDA:0,(anonymous_7)
FNDA:0,(anonymous_8)
FNDA:0,(anonymous_9)
FNDA:0,(anonymous_10)
FNDA:0,(anonymous_11)
FNDA:0,(anonymous_12)
FNDA:0,(anonymous_13)
FNDA:0,(anonymous_14)
FNDA:0,(anonymous_15)
DA:6,0
DA:7,0
DA:8,0
DA:12,0
DA:13,0
DA:14,0
DA:16,0
DA:17,0
DA:28,0
DA:30,0
DA:37,0
DA:40,0
DA:43,0
DA:44,0
DA:45,0
DA:49,0
DA:54,0
DA:56,0
DA:64,0
DA:71,0
DA:73,0
DA:81,0
DA:82,0
DA:93,0
DA:95,0
DA:100,0
DA:101,0
DA:108,0
DA:111,0
DA:118,0
DA:120,0
DA:121,0
DA:125,0
DA:128,0
DA:134,0
DA:139,0
DA:146,0
DA:147,0
DA:162,0
DA:163,0
DA:168,0
DA:169,0
DA:175,0
DA:176,0
DA:178,0
DA:180,0
DA:182,0
DA:184,0
DA:189,0
DA:191,0
DA:198,0
DA:204,0
DA:205,0
DA:219,0
DA:220,0
DA:225,0
DA:226,0
DA:229,0
DA:230,0
DA:240,0
DA:241,0
DA:246,0
DA:249,0
DA:250,0
DA:260,0
DA:261,0
DA:266,0
DA:267,0
DA:272,0
DA:274,0
DA:282,0
DA:283,0
DA:293,0
DA:294,0
DA:304,0
DA:313,0
DA:314,0
DA:316,0
DA:317,0
DA:318,0
DA:320,0
DA:322,0
DA:335,0
DA:336,0
DA:338,0
DA:343,0
DA:345,0
DA:346,0
DA:348,0
DA:356,0
DA:358,0
DA:359,0
DA:363,0
DA:364,0
DA:368,0
DA:370,0
DA:371,0
DA:378,0
DA:379,0
DA:386,0
DA:391,0
LF:101
LH:0
BRDA:13,0,0,0
BRDA:13,0,1,0
BRDA:16,1,0,0
BRDA:16,1,1,0
BRDA:16,2,0,0
BRDA:16,2,1,0
BRDA:54,3,0,0
BRDA:54,3,1,0
BRDA:100,4,0,0
BRDA:100,4,1,0
BRDA:118,5,0,0
BRDA:118,5,1,0
BRDA:120,6,0,0
BRDA:120,6,1,0
BRDA:168,7,0,0
BRDA:168,7,1,0
BRDA:180,8,0,0
BRDA:180,8,1,0
BRDA:246,9,0,0
BRDA:246,9,1,0
BRDA:266,10,0,0
BRDA:266,10,1,0
BRDA:272,11,0,0
BRDA:272,11,1,0
BRDA:275,12,0,0
BRDA:275,12,1,0
BRDA:292,13,0,0
BRDA:358,14,0,0
BRDA:358,14,1,0
BRDA:363,15,0,0
BRDA:363,15,1,0
BRDA:370,16,0,0
BRDA:370,16,1,0
BRDA:378,17,0,0
BRDA:378,17,1,0
BRF:35
BRH:0
end_of_record
TN:
SF:middleware/tenantContext.js
FN:23,resolveTenant
FN:140,requirePermission
FN:141,(anonymous_2)
FN:219,requireAction
FN:227,scopeQuery
FN:240,verifyTenantAccess
FN:259,extractSubdomain
FN:278,getTenantBySubdomain
FN:298,getTenantByApiKey
FN:322,getTenantStatus
FN:359,applyScopeToQuery
FNF:11
FNH:1
FNDA:0,resolveTenant
FNDA:32,requirePermission
FNDA:0,(anonymous_2)
FNDA:0,requireAction
FNDA:0,scopeQuery
FNDA:0,verifyTenantAccess
FNDA:0,extractSubdomain
FNDA:0,getTenantBySubdomain
FNDA:0,getTenantByApiKey
FNDA:0,getTenantStatus
FNDA:0,applyScopeToQuery
DA:9,4
DA:10,4
DA:11,4
DA:12,4
DA:13,4
DA:24,0
DA:25,0
DA:26,0
DA:29,0
DA:30,0
DA:32,0
DA:33,0
DA:34,0
DA:35,0
DA:36,0
DA:38,0
DA:39,0
DA:49,0
DA:50,0
DA:51,0
DA:55,0
DA:56,0
DA:57,0
DA:58,0
DA:59,0
DA:60,0
DA:61,0
DA:67,0
DA:68,0
DA:69,0
DA:70,0
DA:71,0
DA:72,0
DA:77,0
DA:78,0
DA:79,0
DA:83,0
DA:84,0
DA:85,0
DA:93,0
DA:94,0
DA:95,0
DA:96,0
DA:103,0
DA:104,0
DA:105,0
DA:113,0
DA:121,0
DA:123,0
DA:125,0
DA:127,0
DA:128,0
DA:141,32
DA:142,0
DA:144,0
DA:146,0
DA:147,0
DA:154,0
DA:155,0
DA:163,0
DA:164,0
DA:165,0
DA:166,0
DA:170,0
DA:171,0
DA:182,0
DA:183,0
DA:184,0
DA:185,0
DA:189,0
DA:195,0
DA:196,0
DA:204,0
DA:205,0
DA:220,0
DA:221,0
DA:228,0
DA:230,0
DA:234,0
DA:241,0
DA:242,0
DA:248,0
DA:249,0
DA:251,0
DA:252,0
DA:261,0
DA:264,0
DA:267,0
DA:268,0
DA:272,0
DA:279,0
DA:280,0
DA:287,0
DA:288,0
DA:290,0
DA:291,0
DA:299,0
DA:301,0
DA:302,0
DA:304,0
DA:311,0
DA:312,0
DA:314,0
DA:315,0
DA:323,0
DA:324,0
DA:331,0
DA:333,0
DA:334,0
DA:335,0
DA:338,0
DA:340,0
DA:347,0
DA:348,0
DA:360,0
DA:363,0
DA:364,0
DA:367,0
DA:368,0
DA:372,4
LF:120
LH:7
BRDA:30,0,0,0
BRDA:30,0,1,0
BRDA:32,1,0,0
BRDA:32,1,1,0
BRDA:32,2,0,0
BRDA:32,2,1,0
BRDA:34,3,0,0
BRDA:34,3,1,0
BRDA:49,4,0,0
BRDA:49,4,1,0
BRDA:49,5,0,0
BRDA:49,5,1,0
BRDA:49,5,2,0
BRDA:55,6,0,0
BRDA:55,6,1,0
BRDA:55,7,0,0
BRDA:55,7,1,0
BRDA:57,8,0,0
BRDA:57,8,1,0
BRDA:57,9,0,0
BRDA:57,9,1,0
BRDA:57,9,2,0
BRDA:59,10,0,0
BRDA:59,10,1,0
BRDA:67,11,0,0
BRDA:67,11,1,0
BRDA:67,12,0,0
BRDA:67,12,1,0
BRDA:70,13,0,0
BRDA:70,13,1,0
BRDA:77,14,0,0
BRDA:77,14,1,0
BRDA:77,15,0,0
BRDA:77,15,1,0
BRDA:83,16,0,0
BRDA:83,16,1,0
BRDA:94,17,0,0
BRDA:94,17,1,0
BRDA:103,18,0,0
BRDA:103,18,1,0
BRDA:123,19,0,0
BRDA:123,19,1,0
BRDA:144,20,0,0
BRDA:144,20,1,0
BRDA:146,21,0,0
BRDA:146,21,1,0
BRDA:146,22,0,0
BRDA:146,22,1,0
BRDA:154,23,0,0
BRDA:154,23,1,0
BRDA:154,24,0,0
BRDA:154,24,1,0
BRDA:163,25,0,0
BRDA:163,25,1,0
BRDA:163,26,0,0
BRDA:163,26,1,0
BRDA:182,27,0,0
BRDA:182,27,1,0
BRDA:228,28,0,0
BRDA:228,28,1,0
BRDA:228,29,0,0
BRDA:228,29,1,0
BRDA:267,30,0,0
BRDA:267,30,1,0
BRDA:288,31,0,0
BRDA:288,31,1,0
BRDA:312,32,0,0
BRDA:312,32,1,0
BRDA:333,33,0,0
BRDA:333,33,1,0
BRDA:344,34,0,0
BRDA:344,34,1,0
BRDA:359,35,0,0
BRDA:360,36,0,0
BRDA:360,36,1,0
BRDA:363,37,0,0
BRDA:363,37,1,0
BRF:77
BRH:0
end_of_record
TN:
SF:middleware/validation.js
FN:45,(anonymous_0)
FN:58,(anonymous_1)
FN:76,(anonymous_2)
FN:85,(anonymous_3)
FN:98,(anonymous_4)
FN:119,(anonymous_5)
FN:130,(anonymous_6)
FN:149,(anonymous_7)
FN:163,(anonymous_8)
FN:220,(anonymous_9)
FN:228,(anonymous_10)
FN:233,(anonymous_11)
FN:238,(anonymous_12)
FN:243,(anonymous_13)
FN:327,(anonymous_14)
FNF:15
FNH:0
FNDA:0,(anonymous_0)
FNDA:0,(anonymous_1)
FNDA:0,(anonymous_2)
FNDA:0,(anonymous_3)
FNDA:0,(anonymous_4)
FNDA:0,(anonymous_5)
FNDA:0,(anonymous_6)
FNDA:0,(anonymous_7)
FNDA:0,(anonymous_8)
FNDA:0,(anonymous_9)
FNDA:0,(anonymous_10)
FNDA:0,(anonymous_11)
FNDA:0,(anonymous_12)
FNDA:0,(anonymous_13)
FNDA:0,(anonymous_14)
DA:6,0
DA:7,0
DA:8,0
DA:9,0
DA:12,0
DA:24,0
DA:46,0
DA:48,0
DA:51,0
DA:58,0
DA:59,0
DA:60,0
DA:64,0
DA:73,0
DA:77,0
DA:79,0
DA:81,0
DA:82,0
DA:84,0
DA:85,0
DA:86,0
DA:88,0
DA:89,0
DA:91,0
DA:95,0
DA:99,0
DA:101,0
DA:104,0
DA:105,0
DA:109,0
DA:110,0
DA:114,0
DA:115,0
DA:119,0
DA:120,0
DA:121,0
DA:125,0
DA:130,0
DA:131,0
DA:133,0
DA:134,0
DA:137,0
DA:146,0
DA:149,0
DA:159,0
DA:163,0
DA:164,0
DA:165,0
DA:168,0
DA:170,0
DA:171,0
DA:173,0
DA:177,0
DA:178,0
DA:179,0
DA:181,0
DA:185,0
DA:186,0
DA:187,0
DA:189,0
DA:193,0
DA:194,0
DA:205,0
DA:206,0
DA:214,0
DA:218,0
DA:221,0
DA:223,0
DA:224,0
DA:229,0
DA:234,0
DA:239,0
DA:240,0
DA:244,0
DA:245,0
DA:250,0
DA:327,0
DA:328,0
DA:330,0
DA:333,0
DA:334,0
DA:341,0
DA:342,0
DA:343,0
DA:351,0
DA:352,0
DA:358,0
DA:361,0
LF:88
LH:0
BRDA:46,0,0,0
BRDA:46,0,1,0
BRDA:77,1,0,0
BRDA:77,1,1,0
BRDA:77,2,0,0
BRDA:77,2,1,0
BRDA:84,3,0,0
BRDA:84,3,1,0
BRDA:86,4,0,0
BRDA:86,4,1,0
BRDA:88,5,0,0
BRDA:88,5,1,0
BRDA:88,6,0,0
BRDA:88,6,1,0
BRDA:101,7,0,0
BRDA:101,7,1,0
BRDA:104,8,0,0
BRDA:104,8,1,0
BRDA:109,9,0,0
BRDA:109,9,1,0
BRDA:109,10,0,0
BRDA:109,10,1,0
BRDA:114,11,0,0
BRDA:114,11,1,0
BRDA:114,12,0,0
BRDA:114,12,1,0
BRDA:120,13,0,0
BRDA:120,13,1,0
BRDA:133,14,0,0
BRDA:133,14,1,0
BRDA:143,15,0,0
BRDA:143,15,1,0
BRDA:152,16,0,0
BRDA:152,16,1,0
BRDA:152,17,0,0
BRDA:152,17,1,0
BRDA:168,18,0,0
BRDA:168,18,1,0
BRDA:177,19,0,0
BRDA:177,19,1,0
BRDA:185,20,0,0
BRDA:185,20,1,0
BRDA:193,21,0,0
BRDA:193,21,1,0
BRDA:201,22,0,0
BRDA:201,22,1,0
BRDA:205,23,0,0
BRDA:205,23,1,0
BRDA:221,24,0,0
BRDA:221,24,1,0
BRDA:221,25,0,0
BRDA:221,25,1,0
BRDA:234,26,0,0
BRDA:234,26,1,0
BRDA:328,27,0,0
BRDA:328,27,1,0
BRDA:333,28,0,0
BRDA:333,28,1,0
BRDA:342,29,0,0
BRDA:342,29,1,0
BRDA:351,30,0,0
BRDA:351,30,1,0
BRF:62
BRH:0
end_of_record
TN:
SF:routes/2fa.js
FN:16,initialize2FA
FN:24,(anonymous_1)
FN:39,(anonymous_2)
FN:85,(anonymous_3)
FN:142,(anonymous_4)
FN:196,(anonymous_5)
FN:238,(anonymous_6)
FNF:7
FNH:0
FNDA:0,initialize2FA
FNDA:0,(anonymous_1)
FNDA:0,(anonymous_2)
FNDA:0,(anonymous_3)
FNDA:0,(anonymous_4)
FNDA:0,(anonymous_5)
FNDA:0,(anonymous_6)
DA:5,0
DA:6,0
DA:7,0
DA:8,0
DA:11,0
DA:17,0
DA:18,0
DA:24,0
DA:25,0
DA:26,0
DA:27,0
DA:32,0
DA:39,0
DA:40,0
DA:41,0
DA:42,0
DA:47,0
DA:48,0
DA:53,0
DA:55,0
DA:57,0
DA:67,0
DA:69,0
DA:80,0
DA:86,0
DA:87,0
DA:88,0
DA:93,0
DA:94,0
DA:99,0
DA:100,0
DA:102,0
DA:104,0
DA:106,0
DA:107,0
DA:110,0
DA:115,0
DA:123,0
DA:125,0
DA:137,0
DA:143,0
DA:144,0
DA:145,0
DA:150,0
DA:151,0
DA:156,0
DA:157,0
DA:159,0
DA:161,0
DA:163,0
DA:164,0
DA:167,0
DA:174,0
DA:182,0
DA:184,0
DA:196,0
DA:197,0
DA:198,0
DA:199,0
DA:204,0
DA:205,0
DA:210,0
DA:212,0
DA:215,0
DA:216,0
DA:219,0
DA:225,0
DA:227,0
DA:238,0
DA:239,0
DA:240,0
DA:241,0
DA:246,0
DA:247,0
DA:252,0
DA:254,0
DA:256,0
DA:263,0
DA:265,0
DA:272,0
LF:80
LH:0
BRDA:26,0,0,0
BRDA:26,0,1,0
BRDA:41,1,0,0
BRDA:41,1,1,0
BRDA:47,2,0,0
BRDA:47,2,1,0
BRDA:87,3,0,0
BRDA:87,3,1,0
BRDA:93,4,0,0
BRDA:93,4,1,0
BRDA:104,5,0,0
BRDA:104,5,1,0
BRDA:106,6,0,0
BRDA:106,6,1,0
BRDA:144,7,0,0
BRDA:144,7,1,0
BRDA:150,8,0,0
BRDA:150,8,1,0
BRDA:161,9,0,0
BRDA:161,9,1,0
BRDA:163,10,0,0
BRDA:163,10,1,0
BRDA:171,11,0,0
BRDA:171,11,1,0
BRDA:198,12,0,0
BRDA:198,12,1,0
BRDA:204,13,0,0
BRDA:204,13,1,0
BRDA:215,14,0,0
BRDA:215,14,1,0
BRDA:240,15,0,0
BRDA:240,15,1,0
BRDA:246,16,0,0
BRDA:246,16,1,0
BRDA:259,17,0,0
BRDA:259,17,1,0
BRF:36
BRH:0
end_of_record
TN:
SF:routes/ai-api.js
FN:36,(anonymous_0)
FN:65,(anonymous_1)
FN:90,(anonymous_2)
FN:134,(anonymous_3)
FN:173,(anonymous_4)
FN:200,(anonymous_5)
FN:223,(anonymous_6)
FN:266,(anonymous_7)
FN:309,(anonymous_8)
FN:312,(anonymous_9)
FN:316,(anonymous_10)
FN:324,(anonymous_11)
FN:325,(anonymous_12)
FN:385,(anonymous_13)
FN:390,(anonymous_14)
FN:394,(anonymous_15)
FN:401,(anonymous_16)
FN:406,(anonymous_17)
FN:409,(anonymous_18)
FN:436,(anonymous_19)
FN:470,(anonymous_20)
FN:471,(anonymous_21)
FN:501,(anonymous_22)
FN:525,(anonymous_23)
FN:526,(anonymous_24)
FN:533,(anonymous_25)
FNF:26
FNH:17
FNDA:2,(anonymous_0)
FNDA:1,(anonymous_1)
FNDA:3,(anonymous_2)
FNDA:1,(anonymous_3)
FNDA:1,(anonymous_4)
FNDA:2,(anonymous_5)
FNDA:1,(anonymous_6)
FNDA:2,(anonymous_7)
FNDA:0,(anonymous_8)
FNDA:0,(anonymous_9)
FNDA:0,(anonymous_10)
FNDA:0,(anonymous_11)
FNDA:0,(anonymous_12)
FNDA:1,(anonymous_13)
FNDA:1,(anonymous_14)
FNDA:1,(anonymous_15)
FNDA:0,(anonymous_16)
FNDA:0,(anonymous_17)
FNDA:0,(anonymous_18)
FNDA:2,(anonymous_19)
FNDA:2,(anonymous_20)
FNDA:2,(anonymous_21)
FNDA:2,(anonymous_22)
FNDA:2,(anonymous_23)
FNDA:2,(anonymous_24)
FNDA:0,(anonymous_25)
DA:6,1
DA:7,1
DA:8,1
DA:9,1
DA:10,1
DA:11,1
DA:14,1
DA:15,1
DA:16,1
DA:19,1
DA:20,1
DA:23,1
DA:24,1
DA:25,1
DA:36,1
DA:37,2
DA:38,2
DA:40,2
DA:41,1
DA:47,1
DA:49,1
DA:51,1
DA:53,0
DA:54,0
DA:65,1
DA:66,1
DA:67,1
DA:69,1
DA:71,1
DA:73,0
DA:74,0
DA:90,1
DA:91,3
DA:92,3
DA:94,3
DA:95,1
DA:101,2
DA:104,2
DA:105,1
DA:106,1
DA:107,0
DA:109,1
DA:115,1
DA:116,0
DA:118,1
DA:121,0
DA:122,0
DA:134,1
DA:135,1
DA:136,1
DA:137,1
DA:138,1
DA:140,1
DA:143,1
DA:144,1
DA:145,0
DA:146,0
DA:148,0
DA:154,1
DA:155,0
DA:157,1
DA:160,0
DA:161,0
DA:173,1
DA:174,1
DA:175,1
DA:177,1
DA:178,0
DA:184,1
DA:189,1
DA:190,1
DA:192,2
DA:193,2
DA:195,0
DA:197,2
DA:200,2
DA:202,1
DA:210,0
DA:211,0
DA:223,1
DA:224,1
DA:225,1
DA:226,1
DA:227,1
DA:229,1
DA:232,1
DA:233,1
DA:234,0
DA:235,0
DA:237,0
DA:243,1
DA:244,0
DA:246,1
DA:249,0
DA:250,0
DA:266,1
DA:267,2
DA:272,2
DA:274,2
DA:275,1
DA:281,1
DA:287,1
DA:289,1
DA:290,2
DA:292,2
DA:294,2
DA:296,2
DA:297,2
DA:298,2
DA:303,2
DA:305,0
DA:309,0
DA:312,0
DA:313,0
DA:317,0
DA:318,0
DA:324,0
DA:325,0
DA:326,0
DA:329,0
DA:332,0
DA:335,0
DA:337,0
DA:355,0
DA:363,1
DA:373,0
DA:374,0
DA:385,1
DA:386,1
DA:387,1
DA:390,1
DA:391,1
DA:395,1
DA:396,0
DA:401,0
DA:404,0
DA:406,0
DA:409,0
DA:411,0
DA:419,1
DA:420,1
DA:436,1
DA:437,2
DA:438,2
DA:439,2
DA:441,2
DA:443,2
DA:444,2
DA:445,2
DA:447,2
DA:461,2
DA:463,2
DA:464,1
DA:465,1
DA:468,2
DA:470,2
DA:471,2
DA:472,2
DA:473,0
DA:477,0
DA:484,2
DA:485,2
DA:501,1
DA:502,2
DA:503,2
DA:504,2
DA:505,2
DA:507,2
DA:509,2
DA:510,2
DA:512,2
DA:513,1
DA:514,1
DA:517,2
DA:518,0
DA:519,0
DA:522,2
DA:523,2
DA:525,2
DA:526,2
DA:527,2
DA:528,0
DA:533,0
DA:540,0
DA:547,2
DA:548,2
DA:555,1
LF:187
LH:134
BRDA:19,0,0,1
BRDA:19,0,1,0
BRDA:40,1,0,1
BRDA:40,1,1,1
BRDA:40,2,0,2
BRDA:40,2,1,1
BRDA:92,3,0,0
BRDA:92,4,0,2
BRDA:94,5,0,1
BRDA:94,5,1,2
BRDA:104,6,0,1
BRDA:104,6,1,1
BRDA:106,7,0,0
BRDA:106,7,1,1
BRDA:115,8,0,0
BRDA:115,8,1,1
BRDA:137,9,0,1
BRDA:137,9,1,0
BRDA:138,10,0,1
BRDA:138,10,1,0
BRDA:143,11,0,1
BRDA:143,11,1,0
BRDA:145,12,0,0
BRDA:145,12,1,0
BRDA:154,13,0,0
BRDA:154,13,1,1
BRDA:175,14,0,0
BRDA:175,15,0,0
BRDA:177,16,0,0
BRDA:177,16,1,1
BRDA:177,17,0,1
BRDA:177,17,1,1
BRDA:192,18,0,2
BRDA:192,18,1,0
BRDA:226,19,0,1
BRDA:226,19,1,0
BRDA:227,20,0,1
BRDA:227,20,1,0
BRDA:232,21,0,1
BRDA:232,21,1,0
BRDA:234,22,0,0
BRDA:234,22,1,0
BRDA:243,23,0,0
BRDA:243,23,1,1
BRDA:270,24,0,0
BRDA:271,25,0,1
BRDA:274,26,0,1
BRDA:274,26,1,1
BRDA:274,27,0,2
BRDA:274,27,1,1
BRDA:294,28,0,2
BRDA:294,28,1,0
BRDA:297,29,0,2
BRDA:297,29,1,0
BRDA:317,30,0,0
BRDA:317,30,1,0
BRDA:318,31,0,0
BRDA:318,31,1,0
BRDA:346,32,0,0
BRDA:346,32,1,0
BRDA:349,33,0,0
BRDA:349,33,1,0
BRDA:395,34,0,1
BRDA:395,34,1,0
BRDA:396,35,0,0
BRDA:396,35,1,0
BRDA:438,36,0,2
BRDA:438,36,1,0
BRDA:463,37,0,1
BRDA:463,37,1,1
BRDA:472,38,0,2
BRDA:472,38,1,0
BRDA:473,39,0,0
BRDA:473,39,1,0
BRDA:505,40,0,2
BRDA:505,40,1,0
BRDA:512,41,0,1
BRDA:512,41,1,1
BRDA:517,42,0,0
BRDA:517,42,1,2
BRDA:527,43,0,2
BRDA:527,43,1,0
BRDA:528,44,0,0
BRDA:528,44,1,0
BRDA:535,45,0,0
BRDA:535,45,1,0
BRDA:536,46,0,0
BRDA:536,46,1,0
BRDA:537,47,0,0
BRDA:537,47,1,0
BRF:90
BRH:41
end_of_record
TN:
SF:routes/ai-feedback-api.js
FN:34,(anonymous_0)
FN:75,(anonymous_1)
FN:115,(anonymous_2)
FN:121,(anonymous_3)
FN:124,(anonymous_4)
FN:153,(anonymous_5)
FN:207,(anonymous_6)
FN:260,(anonymous_7)
FN:307,(anonymous_8)
FN:346,(anonymous_9)
FNF:10
FNH:0
FNDA:0,(anonymous_0)
FNDA:0,(anonymous_1)
FNDA:0,(anonymous_2)
FNDA:0,(anonymous_3)
FNDA:0,(anonymous_4)
FNDA:0,(anonymous_5)
FNDA:0,(anonymous_6)
FNDA:0,(anonymous_7)
FNDA:0,(anonymous_8)
FNDA:0,(anonymous_9)
DA:8,4
DA:9,4
DA:10,4
DA:11,4
DA:12,4
DA:13,4
DA:16,4
DA:17,4
DA:18,0
DA:25,0
DA:35,0
DA:36,0
DA:37,0
DA:38,0
DA:44,0
DA:46,0
DA:48,0
DA:50,0
DA:55,0
DA:56,0
DA:69,0
DA:76,0
DA:77,0
DA:78,0
DA:79,0
DA:85,0
DA:86,0
DA:88,0
DA:89,0
DA:91,0
DA:98,0
DA:99,0
DA:112,0
DA:116,0
DA:117,0
DA:120,0
DA:122,0
DA:125,0
DA:128,0
DA:133,0
DA:134,0
DA:147,0
DA:154,0
DA:155,0
DA:156,0
DA:157,0
DA:163,0
DA:165,0
DA:167,0
DA:173,0
DA:174,0
DA:181,0
DA:187,0
DA:188,0
DA:201,0
DA:208,0
DA:209,0
DA:210,0
DA:211,0
DA:217,0
DA:219,0
DA:221,0
DA:223,0
DA:224,0
DA:233,0
DA:241,0
DA:242,0
DA:255,0
DA:261,0
DA:262,0
DA:263,0
DA:264,0
DA:270,0
DA:272,0
DA:273,0
DA:274,0
DA:279,0
DA:281,0
DA:287,0
DA:288,0
DA:301,0
DA:308,0
DA:309,0
DA:310,0
DA:311,0
DA:317,0
DA:318,0
DA:320,0
DA:322,0
DA:327,0
DA:328,0
DA:341,0
DA:347,0
DA:348,0
DA:349,0
DA:350,0
DA:356,0
DA:358,0
DA:359,0
DA:360,0
DA:365,0
DA:367,0
DA:368,0
DA:376,0
LF:104
LH:8
BRDA:37,0,0,0
BRDA:37,0,1,0
BRDA:78,1,0,0
BRDA:78,1,1,0
BRDA:86,2,0,0
BRDA:86,2,1,0
BRDA:156,3,0,0
BRDA:156,3,1,0
BRDA:173,4,0,0
BRDA:173,4,1,0
BRDA:210,5,0,0
BRDA:210,5,1,0
BRDA:223,6,0,0
BRDA:223,6,1,0
BRDA:234,7,0,0
BRDA:234,7,1,0
BRDA:263,8,0,0
BRDA:263,8,1,0
BRDA:273,9,0,0
BRDA:273,9,1,0
BRDA:310,10,0,0
BRDA:310,10,1,0
BRDA:318,11,0,0
BRDA:318,11,1,0
BRDA:349,12,0,0
BRDA:349,12,1,0
BRDA:359,13,0,0
BRDA:359,13,1,0
BRF:28
BRH:0
end_of_record
TN:
SF:routes/ai-forecast.js
FN:19,initializeForecastService
FN:27,(anonymous_1)
FN:50,(anonymous_2)
FN:112,(anonymous_3)
FN:179,(anonymous_4)
FN:208,(anonymous_5)
FN:242,(anonymous_6)
FN:281,(anonymous_7)
FN:314,(anonymous_8)
FN:328,(anonymous_9)
FN:333,(anonymous_10)
FNF:11
FNH:0
FNDA:0,initializeForecastService
FNDA:0,(anonymous_1)
FNDA:0,(anonymous_2)
FNDA:0,(anonymous_3)
FNDA:0,(anonymous_4)
FNDA:0,(anonymous_5)
FNDA:0,(anonymous_6)
FNDA:0,(anonymous_7)
FNDA:0,(anonymous_8)
FNDA:0,(anonymous_9)
FNDA:0,(anonymous_10)
DA:6,0
DA:7,0
DA:8,0
DA:9,0
DA:10,0
DA:11,0
DA:14,0
DA:20,0
DA:21,0
DA:27,0
DA:28,0
DA:29,0
DA:30,0
DA:35,0
DA:42,0
DA:51,0
DA:53,0
DA:54,0
DA:55,0
DA:61,0
DA:62,0
DA:64,0
DA:66,0
DA:67,0
DA:72,0
DA:74,0
DA:75,0
DA:77,0
DA:88,0
DA:89,0
DA:90,0
DA:92,0
DA:94,0
DA:106,0
DA:113,0
DA:115,0
DA:116,0
DA:117,0
DA:123,0
DA:124,0
DA:125,0
DA:127,0
DA:129,0
DA:131,0
DA:132,0
DA:134,0
DA:135,0
DA:138,0
DA:153,0
DA:154,0
DA:155,0
DA:157,0
DA:159,0
DA:171,0
DA:180,0
DA:182,0
DA:183,0
DA:184,0
DA:190,0
DA:191,0
DA:193,0
DA:195,0
DA:197,0
DA:198,0
DA:200,0
DA:208,0
DA:217,0
DA:218,0
DA:219,0
DA:221,0
DA:223,0
DA:235,0
DA:243,0
DA:244,0
DA:245,0
DA:250,0
DA:251,0
DA:253,0
DA:259,0
DA:265,0
DA:267,0
DA:279,0
DA:282,0
DA:283,0
DA:284,0
DA:289,0
DA:290,0
DA:292,0
DA:294,0
DA:300,0
DA:302,0
DA:314,0
DA:315,0
DA:316,0
DA:324,0
DA:325,0
DA:326,0
DA:328,0
DA:329,0
DA:333,0
DA:336,0
DA:340,0
DA:346,0
DA:353,0
LF:104
LH:0
BRDA:29,0,0,0
BRDA:29,0,1,0
BRDA:54,1,0,0
BRDA:54,1,1,0
BRDA:54,2,0,0
BRDA:54,2,1,0
BRDA:61,3,0,0
BRDA:66,4,0,0
BRDA:66,4,1,0
BRDA:116,5,0,0
BRDA:116,5,1,0
BRDA:116,6,0,0
BRDA:116,6,1,0
BRDA:124,7,0,0
BRDA:134,8,0,0
BRDA:134,8,1,0
BRDA:183,9,0,0
BRDA:183,9,1,0
BRDA:183,10,0,0
BRDA:183,10,1,0
BRDA:190,11,0,0
BRDA:244,12,0,0
BRDA:244,12,1,0
BRDA:244,13,0,0
BRDA:244,13,1,0
BRDA:250,14,0,0
BRDA:255,15,0,0
BRDA:255,15,1,0
BRDA:283,16,0,0
BRDA:283,16,1,0
BRDA:283,17,0,0
BRDA:283,17,1,0
BRDA:317,18,0,0
BRDA:317,18,1,0
BRDA:319,19,0,0
BRDA:319,19,1,0
BRDA:324,20,0,0
BRDA:324,20,1,0
BRDA:336,21,0,0
BRDA:336,21,1,0
BRDA:336,22,0,0
BRDA:336,22,1,0
BRDA:336,22,2,0
BRDA:340,23,0,0
BRDA:340,23,1,0
BRF:45
BRH:0
end_of_record
TN:
SF:routes/auth.js
FN:51,(anonymous_0)
FN:69,(anonymous_1)
FN:154,(anonymous_2)
FN:197,(anonymous_3)
FN:254,(anonymous_4)
FN:292,(anonymous_5)
FN:295,(anonymous_6)
FN:338,(anonymous_7)
FN:343,(anonymous_8)
FNF:9
FNH:7
FNDA:30,(anonymous_0)
FNDA:15,(anonymous_1)
FNDA:12,(anonymous_2)
FNDA:3,(anonymous_3)
FNDA:2,(anonymous_4)
FNDA:1,(anonymous_5)
FNDA:1,(anonymous_6)
FNDA:0,(anonymous_7)
FNDA:0,(anonymous_8)
DA:1,21
DA:2,21
DA:3,21
DA:12,21
DA:13,21
DA:15,21
DA:18,21
DA:40,21
DA:51,21
DA:52,30
DA:53,30
DA:54,3
DA:59,3
DA:65,27
DA:69,21
DA:70,15
DA:71,15
DA:74,15
DA:75,1
DA:76,1
DA:83,14
DA:84,14
DA:85,0
DA:93,14
DA:96,14
DA:113,14
DA:116,14
DA:124,14
DA:134,14
DA:141,0
DA:146,0
DA:154,21
DA:155,12
DA:156,12
DA:158,12
DA:160,12
DA:161,2
DA:168,10
DA:175,10
DA:184,0
DA:189,0
DA:197,21
DA:198,3
DA:199,3
DA:200,3
DA:202,3
DA:204,3
DA:205,1
DA:211,2
DA:213,2
DA:215,1
DA:217,1
DA:224,1
DA:231,1
DA:235,1
DA:242,0
DA:246,0
DA:254,21
DA:255,2
DA:256,2
DA:257,2
DA:259,2
DA:261,2
DA:262,2
DA:266,2
DA:268,2
DA:273,2
DA:279,0
DA:284,0
DA:292,21
DA:293,1
DA:295,1
DA:297,1
DA:298,0
DA:304,1
DA:316,1
DA:322,0
DA:327,0
DA:335,21
DA:339,0
DA:340,0
DA:343,0
DA:344,0
DA:345,0
DA:352,0
DA:353,0
DA:354,0
DA:359,0
DA:366,0
DA:367,0
DA:368,0
DA:376,0
DA:379,0
DA:380,0
DA:383,0
DA:385,0
DA:390,0
DA:396,0
DA:401,0
DA:408,21
LF:100
LH:68
BRDA:53,0,0,3
BRDA:53,0,1,27
BRDA:71,1,0,15
BRDA:74,2,0,1
BRDA:74,2,1,14
BRDA:84,3,0,0
BRDA:84,3,1,14
BRDA:108,4,0,0
BRDA:108,4,1,14
BRDA:120,5,0,0
BRDA:120,5,1,14
BRDA:160,6,0,2
BRDA:160,6,1,10
BRDA:199,7,0,3
BRDA:199,7,1,0
BRDA:202,8,0,3
BRDA:202,8,1,1
BRDA:204,9,0,1
BRDA:204,9,1,2
BRDA:213,10,0,1
BRDA:213,10,1,1
BRDA:232,11,0,0
BRDA:232,11,1,1
BRDA:256,12,0,2
BRDA:256,12,1,0
BRDA:259,13,0,2
BRDA:259,13,1,0
BRDA:261,14,0,2
BRDA:261,14,1,0
BRDA:281,15,0,0
BRDA:281,15,1,0
BRDA:297,16,0,0
BRDA:297,16,1,1
BRDA:297,17,0,1
BRDA:297,17,1,1
BRDA:344,18,0,0
BRDA:344,18,1,0
BRDA:353,19,0,0
BRDA:353,19,1,0
BRDA:367,20,0,0
BRDA:367,20,1,0
BRF:41
BRH:24
end_of_record
TN:
SF:routes/inventory.js
FN:31,getTenantData
FN:43,getDataPath
FN:51,loadSyscoData
FN:77,loadStorageLocations
FN:152,initializeTenantData
FN:159,(anonymous_5)
FN:171,(anonymous_6)
FN:191,(anonymous_7)
FN:200,(anonymous_8)
FN:253,(anonymous_9)
FN:328,(anonymous_10)
FN:330,(anonymous_11)
FN:371,(anonymous_12)
FN:490,(anonymous_13)
FN:500,(anonymous_14)
FN:637,(anonymous_15)
FN:646,(anonymous_16)
FN:717,(anonymous_17)
FN:727,(anonymous_18)
FN:851,(anonymous_19)
FN:878,(anonymous_20)
FN:892,(anonymous_21)
FN:893,(anonymous_22)
FN:894,(anonymous_23)
FN:927,(anonymous_24)
FN:986,(anonymous_25)
FN:1061,getStockStatus
FN:1068,getDaysUntilExpiry
FN:1075,getChanges
FN:1079,(anonymous_29)
FN:1092,generateSummaryReport
FN:1094,(anonymous_31)
FN:1095,(anonymous_32)
FN:1096,(anonymous_33)
FN:1098,(anonymous_34)
FN:1116,generateLowStockReport
FN:1117,(anonymous_36)
FN:1122,(anonymous_37)
FN:1135,generateExpiringItemsReport
FN:1139,(anonymous_39)
FN:1145,(anonymous_40)
FN:1156,(anonymous_41)
FN:1160,generateValueReport
FN:1161,(anonymous_43)
FN:1164,(anonymous_44)
FN:1175,(anonymous_45)
FN:1176,(anonymous_46)
FN:1178,(anonymous_47)
FNF:48
FNH:0
FNDA:0,getTenantData
FNDA:0,getDataPath
FNDA:0,loadSyscoData
FNDA:0,loadStorageLocations
FNDA:0,initializeTenantData
FNDA:0,(anonymous_5)
FNDA:0,(anonymous_6)
FNDA:0,(anonymous_7)
FNDA:0,(anonymous_8)
FNDA:0,(anonymous_9)
FNDA:0,(anonymous_10)
FNDA:0,(anonymous_11)
FNDA:0,(anonymous_12)
FNDA:0,(anonymous_13)
FNDA:0,(anonymous_14)
FNDA:0,(anonymous_15)
FNDA:0,(anonymous_16)
FNDA:0,(anonymous_17)
FNDA:0,(anonymous_18)
FNDA:0,(anonymous_19)
FNDA:0,(anonymous_20)
FNDA:0,(anonymous_21)
FNDA:0,(anonymous_22)
FNDA:0,(anonymous_23)
FNDA:0,(anonymous_24)
FNDA:0,(anonymous_25)
FNDA:0,getStockStatus
FNDA:0,getDaysUntilExpiry
FNDA:0,getChanges
FNDA:0,(anonymous_29)
FNDA:0,generateSummaryReport
FNDA:0,(anonymous_31)
FNDA:0,(anonymous_32)
FNDA:0,(anonymous_33)
FNDA:0,(anonymous_34)
FNDA:0,generateLowStockReport
FNDA:0,(anonymous_36)
FNDA:0,(anonymous_37)
FNDA:0,generateExpiringItemsReport
FNDA:0,(anonymous_39)
FNDA:0,(anonymous_40)
FNDA:0,(anonymous_41)
FNDA:0,generateValueReport
FNDA:0,(anonymous_43)
FNDA:0,(anonymous_44)
FNDA:0,(anonymous_45)
FNDA:0,(anonymous_46)
FNDA:0,(anonymous_47)
DA:12,4
DA:13,4
DA:14,4
DA:15,4
DA:16,4
DA:17,4
DA:18,4
DA:19,4
DA:20,4
DA:21,4
DA:22,4
DA:24,4
DA:28,4
DA:32,0
DA:33,0
DA:39,0
DA:44,0
DA:45,0
DA:46,0
DA:48,0
DA:52,0
DA:53,0
DA:59,0
DA:60,0
DA:61,0
DA:62,0
DA:63,0
DA:64,0
DA:65,0
DA:66,0
DA:70,0
DA:72,0
DA:73,0
DA:78,0
DA:79,0
DA:84,0
DA:85,0
DA:86,0
DA:87,0
DA:88,0
DA:89,0
DA:90,0
DA:91,0
DA:95,0
DA:97,0
DA:98,0
DA:103,4
DA:153,0
DA:155,0
DA:156,0
DA:159,0
DA:160,0
DA:169,0
DA:170,0
DA:171,0
DA:191,0
DA:192,0
DA:195,0
DA:200,4
DA:201,0
DA:202,0
DA:203,0
DA:209,0
DA:213,4
DA:226,4
DA:243,4
DA:254,0
DA:255,0
DA:257,0
DA:258,0
DA:261,0
DA:262,0
DA:264,0
DA:265,0
DA:266,0
DA:269,0
DA:270,0
DA:271,0
DA:274,0
DA:275,0
DA:278,0
DA:281,0
DA:282,0
DA:283,0
DA:286,0
DA:287,0
DA:308,0
DA:311,0
DA:312,0
DA:314,0
DA:328,0
DA:330,0
DA:339,0
DA:346,0
DA:347,0
DA:350,0
DA:351,0
DA:367,4
DA:372,0
DA:373,0
DA:375,0
DA:376,0
DA:377,0
DA:392,0
DA:395,0
DA:396,0
DA:403,0
DA:426,0
DA:429,0
DA:430,0
DA:431,0
DA:432,0
DA:436,0
DA:447,0
DA:453,0
DA:458,0
DA:460,0
DA:467,0
DA:468,0
DA:483,4
DA:491,0
DA:492,0
DA:494,0
DA:495,0
DA:496,0
DA:497,0
DA:500,0
DA:502,0
DA:504,0
DA:510,0
DA:524,0
DA:527,0
DA:528,0
DA:535,0
DA:536,0
DA:537,0
DA:539,0
DA:540,0
DA:541,0
DA:544,0
DA:545,0
DA:546,0
DA:551,0
DA:571,0
DA:574,0
DA:587,0
DA:595,0
DA:601,0
DA:606,0
DA:608,0
DA:615,0
DA:616,0
DA:631,4
DA:638,0
DA:640,0
DA:641,0
DA:642,0
DA:643,0
DA:646,0
DA:648,0
DA:650,0
DA:656,0
DA:659,0
DA:660,0
DA:661,0
DA:662,0
DA:666,0
DA:669,0
DA:680,0
DA:688,0
DA:690,0
DA:697,0
DA:698,0
DA:713,4
DA:718,0
DA:719,0
DA:721,0
DA:722,0
DA:723,0
DA:724,0
DA:727,0
DA:728,0
DA:729,0
DA:736,0
DA:737,0
DA:744,0
DA:745,0
DA:752,0
DA:753,0
DA:761,0
DA:764,0
DA:765,0
DA:769,0
DA:770,0
DA:772,0
DA:773,0
DA:774,0
DA:777,0
DA:778,0
DA:779,0
DA:783,0
DA:784,0
DA:787,0
DA:800,0
DA:811,0
DA:813,0
DA:819,0
DA:821,0
DA:833,0
DA:834,0
DA:849,4
DA:852,0
DA:854,0
DA:856,0
DA:875,0
DA:878,0
DA:886,0
DA:888,0
DA:892,0
DA:893,0
DA:894,0
DA:903,0
DA:904,0
DA:920,4
DA:928,0
DA:930,0
DA:931,0
DA:932,0
DA:933,0
DA:935,0
DA:937,0
DA:939,0
DA:940,0
DA:942,0
DA:943,0
DA:945,0
DA:946,0
DA:948,0
DA:949,0
DA:951,0
DA:954,0
DA:956,0
DA:968,0
DA:969,0
DA:984,4
DA:987,0
DA:989,0
DA:990,0
DA:991,0
DA:992,0
DA:994,0
DA:995,0
DA:998,0
DA:1014,0
DA:1016,0
DA:1034,0
DA:1042,0
DA:1044,0
DA:1047,0
DA:1049,0
DA:1062,0
DA:1063,0
DA:1064,0
DA:1065,0
DA:1069,0
DA:1070,0
DA:1071,0
DA:1072,0
DA:1076,0
DA:1077,0
DA:1079,0
DA:1080,0
DA:1081,0
DA:1089,0
DA:1093,0
DA:1094,0
DA:1095,0
DA:1096,0
DA:1098,0
DA:1099,0
DA:1100,0
DA:1102,0
DA:1103,0
DA:1104,0
DA:1107,0
DA:1117,0
DA:1118,0
DA:1121,0
DA:1122,0
DA:1136,0
DA:1137,0
DA:1139,0
DA:1140,0
DA:1141,0
DA:1144,0
DA:1145,0
DA:1156,0
DA:1161,0
DA:1163,0
DA:1164,0
DA:1165,0
DA:1166,0
DA:1168,0
DA:1171,0
DA:1175,0
DA:1176,0
DA:1178,0
DA:1187,4
LF:308
LH:26
BRDA:32,0,0,0
BRDA:32,0,1,0
BRDA:44,1,0,0
BRDA:44,1,1,0
BRDA:45,2,0,0
BRDA:45,2,1,0
BRDA:60,3,0,0
BRDA:60,3,1,0
BRDA:63,4,0,0
BRDA:63,4,1,0
BRDA:63,5,0,0
BRDA:63,5,1,0
BRDA:65,6,0,0
BRDA:65,6,1,0
BRDA:65,7,0,0
BRDA:65,7,1,0
BRDA:85,8,0,0
BRDA:85,8,1,0
BRDA:88,9,0,0
BRDA:88,9,1,0
BRDA:88,10,0,0
BRDA:88,10,1,0
BRDA:90,11,0,0
BRDA:90,11,1,0
BRDA:90,12,0,0
BRDA:90,12,1,0
BRDA:155,13,0,0
BRDA:155,13,1,0
BRDA:174,14,0,0
BRDA:174,14,1,0
BRDA:174,14,2,0
BRDA:175,15,0,0
BRDA:175,15,1,0
BRDA:177,16,0,0
BRDA:177,16,1,0
BRDA:180,17,0,0
BRDA:180,17,1,0
BRDA:180,17,2,0
BRDA:181,18,0,0
BRDA:181,18,1,0
BRDA:185,19,0,0
BRDA:185,19,1,0
BRDA:202,20,0,0
BRDA:202,20,1,0
BRDA:258,21,0,0
BRDA:258,22,0,0
BRDA:264,23,0,0
BRDA:264,23,1,0
BRDA:269,24,0,0
BRDA:269,24,1,0
BRDA:274,25,0,0
BRDA:274,25,1,0
BRDA:283,26,0,0
BRDA:283,26,1,0
BRDA:315,27,0,0
BRDA:315,27,1,0
BRDA:328,28,0,0
BRDA:328,28,1,0
BRDA:330,29,0,0
BRDA:330,29,1,0
BRDA:330,30,0,0
BRDA:330,30,1,0
BRDA:331,31,0,0
BRDA:331,31,1,0
BRDA:387,32,0,0
BRDA:388,33,0,0
BRDA:389,34,0,0
BRDA:395,35,0,0
BRDA:395,35,1,0
BRDA:411,36,0,0
BRDA:411,36,1,0
BRDA:412,37,0,0
BRDA:412,37,1,0
BRDA:417,38,0,0
BRDA:417,38,1,0
BRDA:418,39,0,0
BRDA:418,39,1,0
BRDA:430,40,0,0
BRDA:430,40,1,0
BRDA:500,41,0,0
BRDA:500,41,1,0
BRDA:502,42,0,0
BRDA:502,42,1,0
BRDA:527,43,0,0
BRDA:527,43,1,0
BRDA:535,44,0,0
BRDA:535,44,1,0
BRDA:539,45,0,0
BRDA:539,45,1,0
BRDA:544,46,0,0
BRDA:544,46,1,0
BRDA:559,47,0,0
BRDA:559,47,1,0
BRDA:560,48,0,0
BRDA:560,48,1,0
BRDA:561,49,0,0
BRDA:561,49,1,0
BRDA:562,50,0,0
BRDA:562,50,1,0
BRDA:563,51,0,0
BRDA:563,51,1,0
BRDA:564,52,0,0
BRDA:564,52,1,0
BRDA:565,53,0,0
BRDA:565,53,1,0
BRDA:566,54,0,0
BRDA:566,54,1,0
BRDA:646,55,0,0
BRDA:646,55,1,0
BRDA:648,56,0,0
BRDA:648,56,1,0
BRDA:660,57,0,0
BRDA:660,57,1,0
BRDA:727,58,0,0
BRDA:727,58,1,0
BRDA:728,59,0,0
BRDA:728,59,1,0
BRDA:736,60,0,0
BRDA:736,60,1,0
BRDA:736,61,0,0
BRDA:736,61,1,0
BRDA:744,62,0,0
BRDA:744,62,1,0
BRDA:752,63,0,0
BRDA:752,63,1,0
BRDA:764,64,0,0
BRDA:764,64,1,0
BRDA:772,65,0,0
BRDA:772,65,1,0
BRDA:777,66,0,0
BRDA:777,66,1,0
BRDA:795,67,0,0
BRDA:795,67,1,0
BRDA:880,68,0,0
BRDA:880,68,1,0
BRDA:882,69,0,0
BRDA:882,69,1,0
BRDA:892,70,0,0
BRDA:892,70,1,0
BRDA:893,71,0,0
BRDA:893,71,1,0
BRDA:933,72,0,0
BRDA:933,73,0,0
BRDA:937,74,0,0
BRDA:937,74,1,0
BRDA:937,74,2,0
BRDA:937,74,3,0
BRDA:937,74,4,0
BRDA:1062,75,0,0
BRDA:1062,75,1,0
BRDA:1063,76,0,0
BRDA:1063,76,1,0
BRDA:1064,77,0,0
BRDA:1064,77,1,0
BRDA:1080,78,0,0
BRDA:1080,78,1,0
BRDA:1094,79,0,0
BRDA:1094,79,1,0
BRDA:1095,80,0,0
BRDA:1095,80,1,0
BRDA:1099,81,0,0
BRDA:1099,81,1,0
BRDA:1103,82,0,0
BRDA:1103,82,1,0
BRDA:1118,83,0,0
BRDA:1118,83,1,0
BRDA:1128,84,0,0
BRDA:1128,84,1,0
BRDA:1140,85,0,0
BRDA:1140,85,1,0
BRDA:1156,86,0,0
BRDA:1156,86,1,0
BRDA:1161,87,0,0
BRDA:1161,87,1,0
BRDA:1165,88,0,0
BRDA:1165,88,1,0
BRDA:1168,89,0,0
BRDA:1168,89,1,0
BRDA:1175,90,0,0
BRDA:1175,90,1,0
BRDA:1176,91,0,0
BRDA:1176,91,1,0
BRDA:1176,92,0,0
BRDA:1176,92,1,0
BRF:184
BRH:0
end_of_record
TN:
SF:routes/roles-api.js
FN:30,(anonymous_0)
FN:94,(anonymous_1)
FN:130,(anonymous_2)
FN:144,(anonymous_3)
FN:183,(anonymous_4)
FN:273,(anonymous_5)
FN:385,(anonymous_6)
FN:464,(anonymous_7)
FN:534,(anonymous_8)
FN:569,(anonymous_9)
FN:586,(anonymous_10)
FN:627,(anonymous_11)
FN:658,(anonymous_12)
FNF:13
FNH:0
FNDA:0,(anonymous_0)
FNDA:0,(anonymous_1)
FNDA:0,(anonymous_2)
FNDA:0,(anonymous_3)
FNDA:0,(anonymous_4)
FNDA:0,(anonymous_5)
FNDA:0,(anonymous_6)
FNDA:0,(anonymous_7)
FNDA:0,(anonymous_8)
FNDA:0,(anonymous_9)
FNDA:0,(anonymous_10)
FNDA:0,(anonymous_11)
FNDA:0,(anonymous_12)
DA:9,0
DA:10,0
DA:11,0
DA:12,0
DA:13,0
DA:14,0
DA:25,0
DA:31,0
DA:32,0
DA:33,0
DA:36,0
DA:37,0
DA:39,0
DA:40,0
DA:41,0
DA:43,0
DA:44,0
DA:47,0
DA:62,0
DA:67,0
DA:68,0
DA:87,0
DA:95,0
DA:96,0
DA:97,0
DA:100,0
DA:101,0
DA:103,0
DA:105,0
DA:110,0
DA:111,0
DA:118,0
DA:124,0
DA:127,0
DA:129,0
DA:130,0
DA:134,0
DA:136,0
DA:137,0
DA:144,0
DA:145,0
DA:150,0
DA:153,0
DA:155,0
DA:163,0
DA:164,0
DA:178,0
DA:184,0
DA:185,0
DA:186,0
DA:189,0
DA:190,0
DA:192,0
DA:194,0
DA:206,0
DA:207,0
DA:213,0
DA:216,0
DA:231,0
DA:236,0
DA:245,0
DA:246,0
DA:266,0
DA:274,0
DA:275,0
DA:276,0
DA:279,0
DA:280,0
DA:281,0
DA:283,0
DA:285,0
DA:290,0
DA:291,0
DA:298,0
DA:299,0
DA:306,0
DA:307,0
DA:312,0
DA:313,0
DA:321,0
DA:322,0
DA:324,0
DA:325,0
DA:326,0
DA:329,0
DA:330,0
DA:331,0
DA:334,0
DA:335,0
DA:341,0
DA:342,0
DA:344,0
DA:351,0
DA:356,0
DA:358,0
DA:363,0
DA:364,0
DA:380,0
DA:386,0
DA:387,0
DA:388,0
DA:391,0
DA:392,0
DA:394,0
DA:396,0
DA:401,0
DA:402,0
DA:409,0
DA:410,0
DA:417,0
DA:422,0
DA:423,0
DA:431,0
DA:434,0
DA:436,0
DA:438,0
DA:444,0
DA:445,0
DA:459,0
DA:465,0
DA:466,0
DA:467,0
DA:470,0
DA:471,0
DA:473,0
DA:475,0
DA:480,0
DA:481,0
DA:488,0
DA:502,0
DA:508,0
DA:509,0
DA:528,0
DA:535,0
DA:536,0
DA:537,0
DA:540,0
DA:541,0
DA:542,0
DA:544,0
DA:546,0
DA:551,0
DA:552,0
DA:559,0
DA:560,0
DA:567,0
DA:568,0
DA:569,0
DA:573,0
DA:574,0
DA:582,0
DA:585,0
DA:586,0
DA:587,0
DA:592,0
DA:595,0
DA:597,0
DA:604,0
DA:605,0
DA:622,0
DA:628,0
DA:629,0
DA:630,0
DA:633,0
DA:635,0
DA:636,0
DA:637,0
DA:639,0
DA:640,0
DA:641,0
DA:644,0
DA:658,0
DA:659,0
DA:660,0
DA:662,0
DA:663,0
DA:666,0
DA:673,0
DA:674,0
DA:682,0
LF:180
LH:0
BRDA:32,0,0,0
BRDA:32,0,1,0
BRDA:43,1,0,0
BRDA:43,1,1,0
BRDA:96,2,0,0
BRDA:96,2,1,0
BRDA:101,3,0,0
BRDA:101,4,0,0
BRDA:110,5,0,0
BRDA:110,5,1,0
BRDA:127,6,0,0
BRDA:127,6,1,0
BRDA:134,7,0,0
BRDA:134,7,1,0
BRDA:185,8,0,0
BRDA:185,8,1,0
BRDA:206,9,0,0
BRDA:206,9,1,0
BRDA:275,10,0,0
BRDA:275,10,1,0
BRDA:290,11,0,0
BRDA:290,11,1,0
BRDA:298,12,0,0
BRDA:298,12,1,0
BRDA:306,13,0,0
BRDA:306,13,1,0
BRDA:306,14,0,0
BRDA:306,14,1,0
BRDA:312,15,0,0
BRDA:312,15,1,0
BRDA:324,16,0,0
BRDA:324,16,1,0
BRDA:329,17,0,0
BRDA:329,17,1,0
BRDA:334,18,0,0
BRDA:334,18,1,0
BRDA:387,19,0,0
BRDA:387,19,1,0
BRDA:401,20,0,0
BRDA:401,20,1,0
BRDA:409,21,0,0
BRDA:409,21,1,0
BRDA:422,22,0,0
BRDA:422,22,1,0
BRDA:466,23,0,0
BRDA:466,23,1,0
BRDA:480,24,0,0
BRDA:480,24,1,0
BRDA:536,25,0,0
BRDA:536,25,1,0
BRDA:551,26,0,0
BRDA:551,26,1,0
BRDA:559,27,0,0
BRDA:559,27,1,0
BRDA:567,28,0,0
BRDA:567,28,1,0
BRDA:573,29,0,0
BRDA:573,29,1,0
BRDA:585,30,0,0
BRDA:585,30,1,0
BRDA:629,31,0,0
BRDA:629,31,1,0
BRDA:639,32,0,0
BRDA:639,32,1,0
BRDA:659,33,0,0
BRDA:659,33,1,0
BRF:66
BRH:0
end_of_record
TN:
SF:routes/tenants.js
FN:37,(anonymous_0)
FN:88,(anonymous_1)
FN:128,(anonymous_2)
FN:193,(anonymous_3)
FN:275,(anonymous_4)
FN:395,(anonymous_5)
FN:475,(anonymous_6)
FN:571,(anonymous_7)
FN:662,(anonymous_8)
FNF:9
FNH:0
FNDA:0,(anonymous_0)
FNDA:0,(anonymous_1)
FNDA:0,(anonymous_2)
FNDA:0,(anonymous_3)
FNDA:0,(anonymous_4)
FNDA:0,(anonymous_5)
FNDA:0,(anonymous_6)
FNDA:0,(anonymous_7)
FNDA:0,(anonymous_8)
DA:9,0
DA:10,0
DA:11,0
DA:12,0
DA:13,0
DA:14,0
DA:15,0
DA:29,0
DA:38,0
DA:39,0
DA:40,0
DA:43,0
DA:44,0
DA:45,0
DA:46,0
DA:47,0
DA:49,0
DA:51,0
DA:52,0
DA:54,0
DA:55,0
DA:56,0
DA:59,0
DA:60,0
DA:61,0
DA:65,0
DA:69,0
DA:72,0
DA:87,0
DA:88,0
DA:101,0
DA:102,0
DA:121,0
DA:129,0
DA:130,0
DA:131,0
DA:134,0
DA:136,0
DA:138,0
DA:143,0
DA:144,0
DA:151,0
DA:157,0
DA:160,0
DA:161,0
DA:163,0
DA:165,0
DA:173,0
DA:174,0
DA:188,0
DA:194,0
DA:195,0
DA:196,0
DA:199,0
DA:201,0
DA:202,0
DA:214,0
DA:215,0
DA:221,0
DA:224,0
DA:230,0
DA:235,0
DA:247,0
DA:248,0
DA:267,0
DA:276,0
DA:277,0
DA:278,0
DA:281,0
DA:282,0
DA:284,0
DA:286,0
DA:291,0
DA:292,0
DA:299,0
DA:300,0
DA:307,0
DA:308,0
DA:313,0
DA:314,0
DA:322,0
DA:323,0
DA:325,0
DA:326,0
DA:327,0
DA:330,0
DA:331,0
DA:332,0
DA:335,0
DA:337,0
DA:340,0
DA:341,0
DA:342,0
DA:345,0
DA:347,0
DA:349,0
DA:356,0
DA:361,0
DA:363,0
DA:373,0
DA:374,0
DA:390,0
DA:396,0
DA:397,0
DA:398,0
DA:401,0
DA:403,0
DA:405,0
DA:406,0
DA:413,0
DA:418,0
DA:419,0
DA:426,0
DA:433,0
DA:439,0
DA:441,0
DA:447,0
DA:448,0
DA:467,0
DA:476,0
DA:477,0
DA:478,0
DA:481,0
DA:482,0
DA:483,0
DA:484,0
DA:485,0
DA:487,0
DA:489,0
DA:490,0
DA:491,0
DA:498,0
DA:499,0
DA:501,0
DA:502,0
DA:503,0
DA:507,0
DA:511,0
DA:514,0
DA:532,0
DA:543,0
DA:544,0
DA:563,0
DA:572,0
DA:573,0
DA:574,0
DA:577,0
DA:578,0
DA:580,0
DA:582,0
DA:583,0
DA:584,0
DA:591,0
DA:592,0
DA:593,0
DA:600,0
DA:604,0
DA:605,0
DA:612,0
DA:617,0
DA:618,0
DA:625,0
DA:630,0
DA:632,0
DA:641,0
DA:642,0
DA:656,0
DA:663,0
DA:664,0
DA:665,0
DA:668,0
DA:670,0
DA:672,0
DA:677,0
DA:678,0
DA:685,0
DA:690,0
DA:692,0
DA:699,0
DA:700,0
DA:708,0
LF:181
LH:0
BRDA:39,0,0,0
BRDA:39,0,1,0
BRDA:43,1,0,0
BRDA:43,1,1,0
BRDA:44,2,0,0
BRDA:44,2,1,0
BRDA:54,3,0,0
BRDA:54,3,1,0
BRDA:59,4,0,0
BRDA:59,4,1,0
BRDA:60,5,0,0
BRDA:60,5,1,0
BRDA:90,6,0,0
BRDA:90,6,1,0
BRDA:130,7,0,0
BRDA:130,7,1,0
BRDA:134,8,0,0
BRDA:134,9,0,0
BRDA:143,10,0,0
BRDA:143,10,1,0
BRDA:168,11,0,0
BRDA:168,11,1,0
BRDA:195,12,0,0
BRDA:195,12,1,0
BRDA:214,13,0,0
BRDA:214,13,1,0
BRDA:238,14,0,0
BRDA:238,14,1,0
BRDA:277,15,0,0
BRDA:277,15,1,0
BRDA:291,16,0,0
BRDA:291,16,1,0
BRDA:299,17,0,0
BRDA:299,17,1,0
BRDA:299,18,0,0
BRDA:299,18,1,0
BRDA:299,18,2,0
BRDA:307,19,0,0
BRDA:307,19,1,0
BRDA:307,20,0,0
BRDA:307,20,1,0
BRDA:313,21,0,0
BRDA:313,21,1,0
BRDA:325,22,0,0
BRDA:325,22,1,0
BRDA:330,23,0,0
BRDA:330,23,1,0
BRDA:335,24,0,0
BRDA:335,24,1,0
BRDA:337,25,0,0
BRDA:337,25,1,0
BRDA:366,26,0,0
BRDA:366,26,1,0
BRDA:397,27,0,0
BRDA:397,27,1,0
BRDA:405,28,0,0
BRDA:405,28,1,0
BRDA:418,29,0,0
BRDA:418,29,1,0
BRDA:477,30,0,0
BRDA:477,30,1,0
BRDA:482,31,0,0
BRDA:482,31,1,0
BRDA:483,32,0,0
BRDA:483,32,1,0
BRDA:490,33,0,0
BRDA:490,33,1,0
BRDA:501,34,0,0
BRDA:501,34,1,0
BRDA:573,35,0,0
BRDA:573,35,1,0
BRDA:578,36,0,0
BRDA:583,37,0,0
BRDA:583,37,1,0
BRDA:592,38,0,0
BRDA:592,38,1,0
BRDA:604,39,0,0
BRDA:604,39,1,0
BRDA:617,40,0,0
BRDA:617,40,1,0
BRDA:664,41,0,0
BRDA:664,41,1,0
BRDA:677,42,0,0
BRDA:677,42,1,0
BRF:84
BRH:0
end_of_record
TN:
SF:routes/users.js
FN:10,(anonymous_0)
FN:41,(anonymous_1)
FN:49,(anonymous_2)
FN:53,(anonymous_3)
FN:61,(anonymous_4)
FN:86,(anonymous_5)
FN:87,(anonymous_6)
FN:88,(anonymous_7)
FN:105,(anonymous_8)
FN:195,(anonymous_9)
FN:201,(anonymous_10)
FN:298,(anonymous_11)
FN:303,(anonymous_12)
FN:360,(anonymous_13)
FN:366,(anonymous_14)
FN:432,(anonymous_15)
FN:437,(anonymous_16)
FN:489,(anonymous_17)
FN:492,(anonymous_18)
FNF:19
FNH:0
FNDA:0,(anonymous_0)
FNDA:0,(anonymous_1)
FNDA:0,(anonymous_2)
FNDA:0,(anonymous_3)
FNDA:0,(anonymous_4)
FNDA:0,(anonymous_5)
FNDA:0,(anonymous_6)
FNDA:0,(anonymous_7)
FNDA:0,(anonymous_8)
FNDA:0,(anonymous_9)
FNDA:0,(anonymous_10)
FNDA:0,(anonymous_11)
FNDA:0,(anonymous_12)
FNDA:0,(anonymous_13)
FNDA:0,(anonymous_14)
FNDA:0,(anonymous_15)
FNDA:0,(anonymous_16)
FNDA:0,(anonymous_17)
FNDA:0,(anonymous_18)
DA:1,4
DA:2,4
DA:3,4
DA:4,4
DA:5,4
DA:7,4
DA:10,4
DA:11,0
DA:12,0
DA:13,0
DA:19,0
DA:23,4
DA:31,4
DA:36,4
DA:42,0
DA:43,0
DA:45,0
DA:48,0
DA:49,0
DA:52,0
DA:53,0
DA:57,0
DA:58,0
DA:61,0
DA:76,0
DA:86,0
DA:88,0
DA:89,0
DA:94,0
DA:97,0
DA:105,4
DA:106,0
DA:107,0
DA:110,0
DA:111,0
DA:118,0
DA:119,0
DA:120,0
DA:128,0
DA:131,0
DA:148,0
DA:151,0
DA:160,0
DA:171,0
DA:178,0
DA:184,0
DA:192,4
DA:196,0
DA:197,0
DA:198,0
DA:201,0
DA:202,0
DA:203,0
DA:210,0
DA:211,0
DA:218,0
DA:219,0
DA:226,0
DA:227,0
DA:228,0
DA:229,0
DA:230,0
DA:231,0
DA:234,0
DA:235,0
DA:239,0
DA:251,0
DA:254,0
DA:262,0
DA:274,0
DA:282,0
DA:288,0
DA:296,4
DA:299,0
DA:300,0
DA:303,0
DA:304,0
DA:305,0
DA:312,0
DA:313,0
DA:320,0
DA:323,0
DA:330,0
DA:343,0
DA:349,0
DA:357,4
DA:361,0
DA:362,0
DA:363,0
DA:366,0
DA:367,0
DA:368,0
DA:375,0
DA:376,0
DA:377,0
DA:385,0
DA:388,0
DA:389,0
DA:390,0
DA:391,0
DA:392,0
DA:395,0
DA:398,0
DA:404,0
DA:410,0
DA:416,0
DA:422,0
DA:430,4
DA:433,0
DA:434,0
DA:437,0
DA:438,0
DA:439,0
DA:446,0
DA:447,0
DA:454,0
DA:455,0
DA:456,0
DA:457,0
DA:460,0
DA:463,0
DA:469,0
DA:475,0
DA:481,0
DA:489,4
DA:490,0
DA:492,0
DA:494,0
DA:495,0
DA:501,0
DA:514,0
DA:520,0
DA:527,4
LF:133
LH:17
BRDA:12,0,0,0
BRDA:12,0,1,0
BRDA:43,1,0,0
BRDA:43,2,0,0
BRDA:48,3,0,0
BRDA:48,3,1,0
BRDA:52,4,0,0
BRDA:52,4,1,0
BRDA:72,5,0,0
BRDA:72,5,1,0
BRDA:73,6,0,0
BRDA:73,6,1,0
BRDA:107,7,0,0
BRDA:110,8,0,0
BRDA:110,8,1,0
BRDA:119,9,0,0
BRDA:119,9,1,0
BRDA:202,10,0,0
BRDA:202,10,1,0
BRDA:210,11,0,0
BRDA:210,11,1,0
BRDA:210,12,0,0
BRDA:210,12,1,0
BRDA:218,13,0,0
BRDA:218,13,1,0
BRDA:218,14,0,0
BRDA:218,14,1,0
BRDA:227,15,0,0
BRDA:227,15,1,0
BRDA:228,16,0,0
BRDA:228,16,1,0
BRDA:229,17,0,0
BRDA:229,17,1,0
BRDA:230,18,0,0
BRDA:230,18,1,0
BRDA:231,19,0,0
BRDA:231,19,1,0
BRDA:234,20,0,0
BRDA:234,20,1,0
BRDA:304,21,0,0
BRDA:304,21,1,0
BRDA:312,22,0,0
BRDA:312,22,1,0
BRDA:367,23,0,0
BRDA:367,23,1,0
BRDA:376,24,0,0
BRDA:376,24,1,0
BRDA:438,25,0,0
BRDA:438,25,1,0
BRDA:446,26,0,0
BRDA:446,26,1,0
BRDA:446,27,0,0
BRDA:446,27,1,0
BRDA:494,28,0,0
BRDA:494,28,1,0
BRF:55
BRH:0
end_of_record
TN:
SF:routes/webhooks_2025-10-07.js
FN:28,(anonymous_0)
FN:45,(anonymous_1)
FN:73,(anonymous_2)
FN:144,(anonymous_3)
FN:158,(anonymous_4)
FN:235,(anonymous_5)
FN:251,(anonymous_6)
FN:346,(anonymous_7)
FN:398,(anonymous_8)
FN:469,(anonymous_9)
FN:544,(anonymous_10)
FN:547,(anonymous_11)
FN:558,getEventDescription
FNF:13
FNH:0
FNDA:0,(anonymous_0)
FNDA:0,(anonymous_1)
FNDA:0,(anonymous_2)
FNDA:0,(anonymous_3)
FNDA:0,(anonymous_4)
FNDA:0,(anonymous_5)
FNDA:0,(anonymous_6)
FNDA:0,(anonymous_7)
FNDA:0,(anonymous_8)
FNDA:0,(anonymous_9)
FNDA:0,(anonymous_10)
FNDA:0,(anonymous_11)
FNDA:0,getEventDescription
DA:8,0
DA:9,0
DA:10,0
DA:11,0
DA:13,0
DA:14,0
DA:15,0
DA:16,0
DA:17,0
DA:20,0
DA:26,0
DA:29,0
DA:30,0
DA:32,0
DA:42,0
DA:45,0
DA:50,0
DA:56,0
DA:57,0
DA:70,0
DA:74,0
DA:75,0
DA:76,0
DA:77,0
DA:83,0
DA:84,0
DA:86,0
DA:95,0
DA:97,0
DA:98,0
DA:105,0
DA:108,0
DA:109,0
DA:112,0
DA:114,0
DA:120,0
DA:121,0
DA:134,0
DA:145,0
DA:146,0
DA:147,0
DA:148,0
DA:154,0
DA:155,0
DA:158,0
DA:159,0
DA:160,0
DA:169,0
DA:171,0
DA:178,0
DA:190,0
DA:192,0
DA:194,0
DA:209,0
DA:210,0
DA:223,0
DA:236,0
DA:237,0
DA:238,0
DA:239,0
DA:245,0
DA:246,0
DA:247,0
DA:250,0
DA:251,0
DA:252,0
DA:253,0
DA:263,0
DA:264,0
DA:266,0
DA:267,0
DA:268,0
DA:270,0
DA:271,0
DA:272,0
DA:274,0
DA:275,0
DA:276,0
DA:278,0
DA:279,0
DA:280,0
DA:282,0
DA:283,0
DA:284,0
DA:286,0
DA:287,0
DA:288,0
DA:290,0
DA:291,0
DA:292,0
DA:295,0
DA:296,0
DA:303,0
DA:304,0
DA:306,0
DA:312,0
DA:314,0
DA:315,0
DA:322,0
DA:324,0
DA:329,0
DA:330,0
DA:343,0
DA:347,0
DA:348,0
DA:349,0
DA:350,0
DA:356,0
DA:357,0
DA:359,0
DA:364,0
DA:366,0
DA:367,0
DA:374,0
DA:376,0
DA:381,0
DA:382,0
DA:395,0
DA:399,0
DA:400,0
DA:401,0
DA:402,0
DA:408,0
DA:409,0
DA:412,0
DA:418,0
DA:420,0
DA:421,0
DA:429,0
DA:437,0
DA:439,0
DA:441,0
DA:447,0
DA:448,0
DA:461,0
DA:470,0
DA:471,0
DA:472,0
DA:473,0
DA:479,0
DA:480,0
DA:481,0
DA:484,0
DA:489,0
DA:491,0
DA:492,0
DA:500,0
DA:508,0
DA:510,0
DA:511,0
DA:512,0
DA:515,0
DA:516,0
DA:518,0
DA:520,0
DA:528,0
DA:529,0
DA:542,0
DA:545,0
DA:547,0
DA:559,0
DA:572,0
DA:575,0
LF:163
LH:0
BRDA:47,0,0,0
BRDA:47,0,1,0
BRDA:76,1,0,0
BRDA:76,1,1,0
BRDA:97,2,0,0
BRDA:97,2,1,0
BRDA:97,3,0,0
BRDA:97,3,1,0
BRDA:108,4,0,0
BRDA:108,4,1,0
BRDA:109,5,0,0
BRDA:109,5,1,0
BRDA:147,6,0,0
BRDA:147,6,1,0
BRDA:155,7,0,0
BRDA:155,8,0,0
BRDA:155,9,0,0
BRDA:159,10,0,0
BRDA:159,10,1,0
BRDA:238,11,0,0
BRDA:238,11,1,0
BRDA:250,12,0,0
BRDA:250,12,1,0
BRDA:252,13,0,0
BRDA:252,13,1,0
BRDA:266,14,0,0
BRDA:266,14,1,0
BRDA:270,15,0,0
BRDA:270,15,1,0
BRDA:274,16,0,0
BRDA:274,16,1,0
BRDA:278,17,0,0
BRDA:278,17,1,0
BRDA:282,18,0,0
BRDA:282,18,1,0
BRDA:286,19,0,0
BRDA:286,19,1,0
BRDA:290,20,0,0
BRDA:290,20,1,0
BRDA:295,21,0,0
BRDA:295,21,1,0
BRDA:314,22,0,0
BRDA:314,22,1,0
BRDA:349,23,0,0
BRDA:349,23,1,0
BRDA:366,24,0,0
BRDA:366,24,1,0
BRDA:401,25,0,0
BRDA:401,25,1,0
BRDA:420,26,0,0
BRDA:420,26,1,0
BRDA:420,27,0,0
BRDA:420,27,1,0
BRDA:472,28,0,0
BRDA:472,28,1,0
BRDA:481,29,0,0
BRDA:481,30,0,0
BRDA:491,31,0,0
BRDA:491,31,1,0
BRDA:491,32,0,0
BRDA:491,32,1,0
BRDA:510,33,0,0
BRDA:510,33,1,0
BRDA:522,34,0,0
BRDA:522,34,1,0
BRDA:523,35,0,0
BRDA:523,35,1,0
BRDA:572,36,0,0
BRDA:572,36,1,0
BRF:69
BRH:0
end_of_record
TN:
SF:src/ai/autotrainer/AutoTrainer.js
FN:17,(anonymous_0)
FN:46,(anonymous_1)
FN:127,(anonymous_2)
FN:208,(anonymous_3)
FN:305,(anonymous_4)
FN:343,(anonymous_5)
FN:361,(anonymous_6)
FN:381,(anonymous_7)
FN:398,(anonymous_8)
FN:412,(anonymous_9)
FN:437,(anonymous_10)
FN:454,(anonymous_11)
FNF:12
FNH:0
FNDA:0,(anonymous_0)
FNDA:0,(anonymous_1)
FNDA:0,(anonymous_2)
FNDA:0,(anonymous_3)
FNDA:0,(anonymous_4)
FNDA:0,(anonymous_5)
FNDA:0,(anonymous_6)
FNDA:0,(anonymous_7)
FNDA:0,(anonymous_8)
FNDA:0,(anonymous_9)
FNDA:0,(anonymous_10)
FNDA:0,(anonymous_11)
DA:9,4
DA:10,0
DA:11,0
DA:12,0
DA:13,0
DA:14,0
DA:18,0
DA:38,0
DA:47,0
DA:48,0
DA:50,0
DA:59,0
DA:61,0
DA:62,0
DA:64,0
DA:66,0
DA:67,0
DA:68,0
DA:70,0
DA:71,0
DA:72,0
DA:75,0
DA:76,0
DA:77,0
DA:81,0
DA:88,0
DA:90,0
DA:91,0
DA:93,0
DA:94,0
DA:101,0
DA:102,0
DA:109,0
DA:110,0
DA:113,0
DA:115,0
DA:117,0
DA:118,0
DA:129,0
DA:130,0
DA:132,0
DA:133,0
DA:140,0
DA:141,0
DA:148,0
DA:149,0
DA:162,0
DA:163,0
DA:176,0
DA:177,0
DA:178,0
DA:191,0
DA:209,0
DA:210,0
DA:212,0
DA:215,0
DA:223,0
DA:225,0
DA:227,0
DA:230,0
DA:231,0
DA:232,0
DA:234,0
DA:236,0
DA:248,0
DA:251,0
DA:253,0
DA:255,0
DA:263,0
DA:270,0
DA:272,0
DA:274,0
DA:282,0
DA:288,0
DA:290,0
DA:292,0
DA:306,0
DA:308,0
DA:309,0
DA:312,0
DA:315,0
DA:322,0
DA:331,0
DA:332,0
DA:344,0
DA:352,0
DA:353,0
DA:362,0
DA:372,0
DA:373,0
DA:382,0
DA:390,0
DA:391,0
DA:399,0
DA:404,0
DA:413,0
DA:414,0
DA:416,0
DA:417,0
DA:418,0
DA:421,0
DA:423,0
DA:429,0
DA:438,0
DA:444,0
DA:445,0
DA:455,0
DA:463,0
DA:464,0
DA:468,0
LF:110
LH:1
BRDA:20,0,0,0
BRDA:20,0,1,0
BRDA:21,1,0,0
BRDA:21,1,1,0
BRDA:22,2,0,0
BRDA:22,2,1,0
BRDA:25,3,0,0
BRDA:25,3,1,0
BRDA:28,4,0,0
BRDA:28,4,1,0
BRDA:31,5,0,0
BRDA:31,5,1,0
BRDA:32,6,0,0
BRDA:32,6,1,0
BRDA:35,7,0,0
BRDA:35,7,1,0
BRDA:46,8,0,0
BRDA:70,9,0,0
BRDA:70,9,1,0
BRDA:75,10,0,0
BRDA:75,10,1,0
BRDA:90,11,0,0
BRDA:90,11,1,0
BRDA:132,12,0,0
BRDA:132,12,1,0
BRDA:132,13,0,0
BRDA:132,13,1,0
BRDA:140,14,0,0
BRDA:140,14,1,0
BRDA:148,15,0,0
BRDA:148,15,1,0
BRDA:162,16,0,0
BRDA:162,16,1,0
BRDA:177,17,0,0
BRDA:177,17,1,0
BRDA:209,18,0,0
BRDA:209,19,0,0
BRDA:209,20,0,0
BRDA:234,21,0,0
BRDA:234,21,1,0
BRDA:309,22,0,0
BRDA:309,22,1,0
BRDA:325,23,0,0
BRDA:325,23,1,0
BRDA:326,24,0,0
BRDA:326,24,1,0
BRDA:353,25,0,0
BRDA:353,25,1,0
BRDA:373,26,0,0
BRDA:373,26,1,0
BRDA:373,27,0,0
BRDA:373,27,1,0
BRDA:391,28,0,0
BRDA:391,28,1,0
BRDA:445,29,0,0
BRDA:445,29,1,0
BRDA:445,30,0,0
BRDA:445,30,1,0
BRDA:454,31,0,0
BRDA:464,32,0,0
BRDA:464,32,1,0
BRF:61
BRH:0
end_of_record
TN:
SF:src/ai/autotrainer/policySync.js
FN:16,(anonymous_0)
FN:40,(anonymous_1)
FN:65,(anonymous_2)
FN:87,(anonymous_3)
FN:106,(anonymous_4)
FNF:5
FNH:0
FNDA:0,(anonymous_0)
FNDA:0,(anonymous_1)
FNDA:0,(anonymous_2)
FNDA:0,(anonymous_3)
FNDA:0,(anonymous_4)
DA:8,0
DA:9,0
DA:17,0
DA:19,0
DA:21,0
DA:24,0
DA:27,0
DA:29,0
DA:31,0
DA:41,0
DA:43,0
DA:44,0
DA:45,0
DA:46,0
DA:49,0
DA:50,0
DA:51,0
DA:52,0
DA:53,0
DA:57,0
DA:66,0
DA:67,0
DA:76,0
DA:77,0
DA:79,0
DA:88,0
DA:89,0
DA:96,0
DA:97,0
DA:99,0
DA:107,0
DA:108,0
DA:109,0
DA:110,0
DA:111,0
DA:112,0
DA:113,0
DA:117,0
DA:122,0
LF:39
LH:0
BRDA:43,0,0,0
BRDA:43,0,1,0
BRDA:43,1,0,0
BRDA:43,1,1,0
BRDA:51,2,0,0
BRDA:51,2,1,0
BRDA:108,3,0,0
BRDA:108,3,1,0
BRDA:108,4,0,0
BRDA:108,4,1,0
BRDA:111,5,0,0
BRDA:111,5,1,0
BRF:12
BRH:0
end_of_record
TN:
SF:src/ai/feedback/ingest.js
FN:19,(anonymous_0)
FN:64,(anonymous_1)
FN:120,(anonymous_2)
FN:145,(anonymous_3)
FN:176,(anonymous_4)
FN:190,(anonymous_5)
FN:200,(anonymous_6)
FN:234,(anonymous_7)
FN:258,(anonymous_8)
FN:259,(anonymous_9)
FN:275,(anonymous_10)
FN:276,(anonymous_11)
FN:292,(anonymous_12)
FN:293,(anonymous_13)
FN:307,(anonymous_14)
FNF:15
FNH:9
FNDA:3,(anonymous_0)
FNDA:13,(anonymous_1)
FNDA:11,(anonymous_2)
FNDA:11,(anonymous_3)
FNDA:4,(anonymous_4)
FNDA:3,(anonymous_5)
FNDA:3,(anonymous_6)
FNDA:1,(anonymous_7)
FNDA:0,(anonymous_8)
FNDA:0,(anonymous_9)
FNDA:0,(anonymous_10)
FNDA:0,(anonymous_11)
FNDA:0,(anonymous_12)
FNDA:0,(anonymous_13)
FNDA:1,(anonymous_14)
DA:9,5
DA:10,5
DA:11,5
DA:20,3
DA:21,3
DA:28,3
DA:30,3
DA:31,9
DA:32,9
DA:33,8
DA:34,6
DA:35,2
DA:36,0
DA:38,2
DA:39,2
DA:42,1
DA:43,1
DA:44,1
DA:48,3
DA:49,3
DA:52,3
DA:53,3
DA:54,3
DA:56,3
DA:65,13
DA:68,13
DA:69,2
DA:73,11
DA:75,11
DA:77,11
DA:87,9
DA:91,0
DA:92,0
DA:95,0
DA:107,0
DA:109,0
DA:111,0
DA:121,11
DA:122,11
DA:133,11
DA:134,10
DA:136,2
DA:137,2
DA:146,11
DA:158,11
DA:177,4
DA:179,1
DA:181,3
DA:191,3
DA:201,3
DA:219,3
DA:221,3
DA:222,1
DA:225,2
DA:235,1
DA:249,1
DA:250,1
DA:259,0
DA:267,0
DA:276,0
DA:284,0
DA:293,0
DA:301,0
DA:308,1
DA:309,1
DA:310,0
DA:311,0
DA:314,1
DA:328,1
DA:331,0
DA:336,5
LF:71
LH:55
BRDA:33,0,0,6
BRDA:33,0,1,2
BRDA:35,1,0,0
BRDA:35,1,1,2
BRDA:65,2,0,0
BRDA:65,3,0,13
BRDA:68,4,0,2
BRDA:68,4,1,11
BRDA:68,5,0,13
BRDA:68,5,1,12
BRDA:68,5,2,11
BRDA:68,5,3,11
BRDA:75,6,0,11
BRDA:75,6,1,0
BRDA:134,7,0,1
BRDA:134,7,1,8
BRDA:134,8,0,10
BRDA:134,8,1,3
BRDA:177,9,0,1
BRDA:177,9,1,3
BRDA:200,10,0,0
BRDA:221,11,0,1
BRDA:221,11,1,2
BRDA:221,12,0,3
BRDA:221,12,1,3
BRDA:234,13,0,0
BRDA:250,14,0,1
BRDA:250,14,1,0
BRDA:264,15,0,0
BRDA:264,15,1,0
BRDA:281,16,0,0
BRDA:281,16,1,0
BRDA:298,17,0,0
BRDA:298,17,1,0
BRDA:309,18,0,0
BRDA:309,18,1,1
BRF:36
BRH:23
end_of_record
TN:
SF:src/ai/forecast/ForecastService.js
FN:11,(anonymous_0)
FN:30,(anonymous_1)
FN:89,(anonymous_2)
FN:110,(anonymous_3)
FN:111,(anonymous_4)
FN:117,(anonymous_5)
FN:121,(anonymous_6)
FN:125,(anonymous_7)
FN:138,(anonymous_8)
FN:147,(anonymous_9)
FN:157,(anonymous_10)
FN:178,(anonymous_11)
FN:187,(anonymous_12)
FN:212,(anonymous_13)
FN:233,(anonymous_14)
FN:248,(anonymous_15)
FN:255,(anonymous_16)
FN:308,(anonymous_17)
FN:350,(anonymous_18)
FN:356,(anonymous_19)
FNF:20
FNH:0
FNDA:0,(anonymous_0)
FNDA:0,(anonymous_1)
FNDA:0,(anonymous_2)
FNDA:0,(anonymous_3)
FNDA:0,(anonymous_4)
FNDA:0,(anonymous_5)
FNDA:0,(anonymous_6)
FNDA:0,(anonymous_7)
FNDA:0,(anonymous_8)
FNDA:0,(anonymous_9)
FNDA:0,(anonymous_10)
FNDA:0,(anonymous_11)
FNDA:0,(anonymous_12)
FNDA:0,(anonymous_13)
FNDA:0,(anonymous_14)
FNDA:0,(anonymous_15)
FNDA:0,(anonymous_16)
FNDA:0,(anonymous_17)
FNDA:0,(anonymous_18)
FNDA:0,(anonymous_19)
DA:6,0
DA:7,0
DA:8,0
DA:12,0
DA:13,0
DA:14,0
DA:15,0
DA:16,0
DA:17,0
DA:18,0
DA:20,0
DA:31,0
DA:32,0
DA:36,0
DA:37,0
DA:38,0
DA:39,0
DA:44,0
DA:47,0
DA:49,0
DA:50,0
DA:54,0
DA:57,0
DA:74,0
DA:75,0
DA:79,0
DA:80,0
DA:83,0
DA:90,0
DA:91,0
DA:93,0
DA:98,0
DA:99,0
DA:100,0
DA:102,0
DA:103,0
DA:111,0
DA:112,0
DA:114,0
DA:115,0
DA:117,0
DA:118,0
DA:121,0
DA:122,0
DA:125,0
DA:126,0
DA:127,0
DA:129,0
DA:130,0
DA:131,0
DA:133,0
DA:138,0
DA:139,0
DA:143,0
DA:144,0
DA:147,0
DA:148,0
DA:149,0
DA:158,0
DA:159,0
DA:162,0
DA:176,0
DA:178,0
DA:188,0
DA:189,0
DA:191,0
DA:192,0
DA:193,0
DA:194,0
DA:196,0
DA:200,0
DA:213,0
DA:215,0
DA:216,0
DA:217,0
DA:219,0
DA:220,0
DA:221,0
DA:224,0
DA:227,0
DA:234,0
DA:236,0
DA:237,0
DA:238,0
DA:239,0
DA:241,0
DA:249,0
DA:256,0
DA:258,0
DA:259,0
DA:262,0
DA:267,0
DA:268,0
DA:269,0
DA:273,0
DA:274,0
DA:282,0
DA:299,0
DA:301,0
DA:309,0
DA:310,0
DA:313,0
DA:328,0
DA:330,0
DA:331,0
DA:332,0
DA:335,0
DA:337,0
DA:339,0
DA:351,0
DA:353,0
DA:355,0
DA:356,0
DA:358,0
DA:359,0
DA:362,0
DA:364,0
DA:369,0
LF:118
LH:0
BRDA:11,0,0,0
BRDA:11,1,0,0
BRDA:14,2,0,0
BRDA:14,2,1,0
BRDA:16,3,0,0
BRDA:16,3,1,0
BRDA:18,4,0,0
BRDA:18,4,1,0
BRDA:20,5,0,0
BRDA:20,5,1,0
BRDA:30,6,0,0
BRDA:31,7,0,0
BRDA:31,7,1,0
BRDA:36,8,0,0
BRDA:36,8,1,0
BRDA:36,9,0,0
BRDA:36,9,1,0
BRDA:38,10,0,0
BRDA:38,10,1,0
BRDA:44,11,0,0
BRDA:44,11,1,0
BRDA:49,12,0,0
BRDA:49,12,1,0
BRDA:49,13,0,0
BRDA:49,13,1,0
BRDA:50,14,0,0
BRDA:50,14,1,0
BRDA:74,15,0,0
BRDA:74,15,1,0
BRDA:74,16,0,0
BRDA:74,16,1,0
BRDA:79,17,0,0
BRDA:79,17,1,0
BRDA:90,18,0,0
BRDA:90,18,1,0
BRDA:126,19,0,0
BRDA:126,19,1,0
BRDA:158,20,0,0
BRDA:158,20,1,0
BRDA:187,21,0,0
BRDA:213,22,0,0
BRDA:213,22,1,0
BRDA:219,23,0,0
BRDA:219,23,1,0
BRDA:234,24,0,0
BRDA:234,24,1,0
BRDA:256,25,0,0
BRDA:256,25,1,0
BRDA:267,26,0,0
BRDA:267,26,1,0
BRDA:290,27,0,0
BRDA:290,27,1,0
BRDA:291,28,0,0
BRDA:291,28,1,0
BRDA:292,29,0,0
BRDA:292,29,1,0
BRDA:293,30,0,0
BRDA:293,30,1,0
BRDA:308,31,0,0
BRDA:308,32,0,0
BRDA:309,33,0,0
BRDA:309,33,1,0
BRDA:330,34,0,0
BRDA:330,34,1,0
BRDA:351,35,0,0
BRDA:351,35,1,0
BRF:66
BRH:0
end_of_record
TN:
SF:src/ai/rl/RLAgent.js
FN:15,(anonymous_0)
FN:52,(anonymous_1)
FN:105,(anonymous_2)
FN:169,(anonymous_3)
FN:185,(anonymous_4)
FN:208,(anonymous_5)
FN:210,(anonymous_6)
FN:211,(anonymous_7)
FN:212,(anonymous_8)
FN:218,(anonymous_9)
FN:219,(anonymous_10)
FN:220,(anonymous_11)
FN:244,(anonymous_12)
FN:258,(anonymous_13)
FN:334,(anonymous_14)
FN:347,(anonymous_15)
FN:371,(anonymous_16)
FN:421,(anonymous_17)
FN:438,(anonymous_18)
FNF:19
FNH:19
FNDA:19,(anonymous_0)
FNDA:4,(anonymous_1)
FNDA:16,(anonymous_2)
FNDA:4,(anonymous_3)
FNDA:3,(anonymous_4)
FNDA:4,(anonymous_5)
FNDA:125,(anonymous_6)
FNDA:125,(anonymous_7)
FNDA:125,(anonymous_8)
FNDA:33,(anonymous_9)
FNDA:33,(anonymous_10)
FNDA:33,(anonymous_11)
FNDA:20,(anonymous_12)
FNDA:3,(anonymous_13)
FNDA:20,(anonymous_14)
FNDA:23,(anonymous_15)
FNDA:1,(anonymous_16)
FNDA:2,(anonymous_17)
FNDA:1,(anonymous_18)
DA:9,1
DA:10,1
DA:11,1
DA:12,1
DA:16,19
DA:41,19
DA:43,19
DA:53,4
DA:54,4
DA:56,4
DA:58,4
DA:59,4
DA:60,1
DA:67,3
DA:68,3
DA:69,1
DA:76,2
DA:79,2
DA:82,2
DA:83,2
DA:84,18
DA:85,18
DA:92,18
DA:94,18
DA:101,18
DA:105,2
DA:106,16
DA:110,2
DA:116,2
DA:119,2
DA:121,2
DA:122,2
DA:123,2
DA:133,0
DA:140,0
DA:141,0
DA:144,0
DA:145,0
DA:147,0
DA:156,0
DA:157,0
DA:170,4
DA:176,4
DA:177,4
DA:186,3
DA:198,3
DA:199,3
DA:210,125
DA:211,125
DA:212,125
DA:213,4
DA:216,4
DA:217,4
DA:218,33
DA:219,33
DA:220,33
DA:223,4
DA:226,4
DA:227,4
DA:228,4
DA:230,4
DA:245,20
DA:246,48
DA:247,17
DA:250,3
DA:259,3
DA:325,3
DA:335,20
DA:353,23
DA:358,23
DA:363,23
DA:372,1
DA:375,1
DA:386,1
DA:394,1
DA:395,1
DA:398,1
DA:403,1
DA:413,1
DA:422,2
DA:428,2
DA:429,2
DA:439,1
DA:447,1
DA:448,1
DA:452,1
LF:86
LH:78
BRDA:18,0,0,19
BRDA:18,0,1,19
BRDA:19,1,0,19
BRDA:19,1,1,19
BRDA:20,2,0,19
BRDA:20,2,1,19
BRDA:23,3,0,19
BRDA:23,3,1,19
BRDA:24,4,0,19
BRDA:24,4,1,19
BRDA:25,5,0,19
BRDA:25,5,1,19
BRDA:26,6,0,19
BRDA:26,6,1,19
BRDA:29,7,0,19
BRDA:29,7,1,19
BRDA:32,8,0,19
BRDA:32,8,1,19
BRDA:52,9,0,4
BRDA:59,10,0,1
BRDA:59,10,1,3
BRDA:68,11,0,1
BRDA:68,11,1,2
BRDA:68,12,0,3
BRDA:68,12,1,3
BRDA:106,13,0,1
BRDA:106,13,1,15
BRDA:121,14,0,2
BRDA:121,14,1,0
BRDA:177,15,0,3
BRDA:177,15,1,1
BRDA:177,16,0,4
BRDA:177,16,1,4
BRDA:199,17,0,3
BRDA:199,17,1,0
BRDA:218,18,0,33
BRDA:218,18,1,33
BRDA:220,19,0,3
BRDA:220,19,1,1
BRDA:246,20,0,17
BRDA:246,20,1,31
BRDA:246,21,0,48
BRDA:246,21,1,44
BRDA:349,22,0,0
BRDA:350,23,0,0
BRDA:351,24,0,0
BRDA:352,25,0,0
BRDA:429,26,0,1
BRDA:429,26,1,1
BRDA:429,27,0,2
BRDA:429,27,1,2
BRDA:438,28,0,0
BRDA:448,29,0,1
BRDA:448,29,1,0
BRF:54
BRH:46
end_of_record
TN:
SF:src/ai/rl/simulator.js
FN:17,(anonymous_0)
FN:84,(anonymous_1)
FN:86,(anonymous_2)
FN:109,(anonymous_3)
FN:114,(anonymous_4)
FN:125,(anonymous_5)
FN:137,(anonymous_6)
FN:148,(anonymous_7)
FN:158,(anonymous_8)
FNF:9
FNH:9
FNDA:9,(anonymous_0)
FNDA:170,(anonymous_1)
FNDA:52,(anonymous_2)
FNDA:11,(anonymous_3)
FNDA:174,(anonymous_4)
FNDA:54,(anonymous_5)
FNDA:54,(anonymous_6)
FNDA:172,(anonymous_7)
FNDA:2,(anonymous_8)
DA:9,2
DA:18,9
DA:20,9
DA:23,9
DA:36,9
DA:38,9
DA:39,170
DA:40,170
DA:43,170
DA:44,48
DA:45,48
DA:49,170
DA:50,52
DA:51,52
DA:52,52
DA:53,52
DA:57,170
DA:58,166
DA:59,166
DA:62,4
DA:63,4
DA:64,4
DA:67,170
DA:71,170
DA:72,170
DA:73,7
DA:77,170
DA:78,170
DA:82,9
DA:83,9
DA:84,170
DA:86,52
DA:88,9
DA:98,9
DA:100,9
DA:110,11
DA:111,2
DA:114,174
DA:115,9
DA:127,54
DA:128,54
DA:129,54
DA:138,54
DA:139,54
DA:140,54
DA:149,172
DA:150,172
DA:159,2
DA:160,2
DA:162,2
DA:163,3
DA:170,3
DA:176,2
DA:180,2
LF:54
LH:54
BRDA:18,0,0,0
BRDA:40,1,0,170
BRDA:40,1,1,0
BRDA:43,2,0,48
BRDA:43,2,1,122
BRDA:43,3,0,170
BRDA:43,3,1,114
BRDA:49,4,0,52
BRDA:49,4,1,118
BRDA:49,5,0,170
BRDA:49,5,1,67
BRDA:57,6,0,166
BRDA:57,6,1,4
BRDA:72,7,0,7
BRDA:72,7,1,163
BRDA:82,8,0,8
BRDA:82,8,1,1
BRDA:83,9,0,8
BRDA:83,9,1,1
BRDA:110,10,0,2
BRDA:110,10,1,9
BRDA:114,11,0,174
BRDA:114,11,1,0
BRF:23
BRH:20
end_of_record
TN:
SF:src/security/permissions.js
FN:112,(anonymous_0)
FN:120,getImpliedPermissions
FN:135,parsePermission
FN:146,buildPermission
FN:155,isValidPermission
FN:164,getResourcePermissions
FN:165,(anonymous_6)
FNF:7
FNH:1
FNDA:116,(anonymous_0)
FNDA:0,getImpliedPermissions
FNDA:0,parsePermission
FNDA:0,buildPermission
FNDA:0,isValidPermission
FNDA:0,getResourcePermissions
FNDA:0,(anonymous_6)
DA:9,4
DA:61,4
DA:76,4
DA:88,4
DA:112,116
DA:121,0
DA:123,0
DA:124,0
DA:127,0
DA:136,0
DA:137,0
DA:147,0
DA:156,0
DA:165,0
DA:171,4
DA:219,4
LF:16
LH:7
BRDA:123,0,0,0
BRDA:123,0,1,0
BRF:2
BRH:0
end_of_record
TN:
SF:src/security/rbac.js
FN:23,(anonymous_0)
FN:80,(anonymous_1)
FN:82,(anonymous_2)
FN:119,(anonymous_3)
FN:131,(anonymous_4)
FN:142,(anonymous_5)
FN:153,(anonymous_6)
FN:164,(anonymous_7)
FN:174,(anonymous_8)
FN:193,(anonymous_9)
FN:195,(anonymous_10)
FN:211,(anonymous_11)
FN:242,(anonymous_12)
FN:279,(anonymous_13)
FN:301,(anonymous_14)
FN:343,(anonymous_15)
FN:357,(anonymous_16)
FN:393,(anonymous_17)
FNF:18
FNH:0
FNDA:0,(anonymous_0)
FNDA:0,(anonymous_1)
FNDA:0,(anonymous_2)
FNDA:0,(anonymous_3)
FNDA:0,(anonymous_4)
FNDA:0,(anonymous_5)
FNDA:0,(anonymous_6)
FNDA:0,(anonymous_7)
FNDA:0,(anonymous_8)
FNDA:0,(anonymous_9)
FNDA:0,(anonymous_10)
FNDA:0,(anonymous_11)
FNDA:0,(anonymous_12)
FNDA:0,(anonymous_13)
FNDA:0,(anonymous_14)
FNDA:0,(anonymous_15)
FNDA:0,(anonymous_16)
FNDA:0,(anonymous_17)
DA:9,4
DA:10,4
DA:11,4
DA:12,4
DA:24,0
DA:25,0
DA:28,0
DA:36,0
DA:38,0
DA:39,0
DA:49,0
DA:52,0
DA:55,0
DA:62,0
DA:64,0
DA:65,0
DA:75,0
DA:79,0
DA:80,0
DA:81,0
DA:82,0
DA:85,0
DA:87,0
DA:99,0
DA:100,0
DA:103,0
DA:105,0
DA:106,0
DA:120,0
DA:121,0
DA:132,0
DA:143,0
DA:154,0
DA:165,0
DA:175,0
DA:176,0
DA:185,0
DA:187,0
DA:188,0
DA:192,0
DA:193,0
DA:194,0
DA:195,0
DA:198,0
DA:200,0
DA:201,0
DA:212,0
DA:213,0
DA:221,0
DA:223,0
DA:224,0
DA:227,0
DA:229,0
DA:230,0
DA:243,0
DA:245,0
DA:250,0
DA:251,0
DA:252,0
DA:256,0
DA:263,0
DA:265,0
DA:266,0
DA:268,0
DA:269,0
DA:280,0
DA:281,0
DA:287,0
DA:289,0
DA:290,0
DA:292,0
DA:293,0
DA:311,0
DA:313,0
DA:314,0
DA:320,0
DA:321,0
DA:323,0
DA:335,0
DA:344,0
DA:345,0
DA:358,0
DA:360,0
DA:366,0
DA:367,0
DA:370,0
DA:371,0
DA:375,0
DA:378,0
DA:380,0
DA:382,0
DA:383,0
DA:394,0
DA:396,0
DA:401,0
DA:403,0
DA:404,0
DA:407,0
DA:408,0
DA:409,0
DA:413,0
DA:418,0
DA:420,0
DA:421,0
DA:423,0
DA:424,0
DA:430,4
DA:432,4
LF:108
LH:6
BRDA:23,0,0,0
BRDA:25,1,0,0
BRDA:25,2,0,0
BRDA:25,3,0,0
BRDA:38,4,0,0
BRDA:38,4,1,0
BRDA:38,5,0,0
BRDA:38,5,1,0
BRDA:64,6,0,0
BRDA:64,6,1,0
BRDA:64,7,0,0
BRDA:64,7,1,0
BRDA:91,8,0,0
BRDA:91,8,1,0
BRDA:92,9,0,0
BRDA:92,9,1,0
BRDA:99,10,0,0
BRDA:99,10,1,0
BRDA:119,11,0,0
BRDA:187,12,0,0
BRDA:187,12,1,0
BRDA:187,13,0,0
BRDA:187,13,1,0
BRDA:223,14,0,0
BRDA:223,14,1,0
BRDA:223,15,0,0
BRDA:223,15,1,0
BRDA:250,16,0,0
BRDA:250,16,1,0
BRDA:250,17,0,0
BRDA:250,17,1,0
BRDA:311,18,0,0
BRDA:311,18,1,0
BRDA:344,19,0,0
BRDA:344,20,0,0
BRDA:403,21,0,0
BRDA:403,21,1,0
BRDA:403,22,0,0
BRDA:403,22,1,0
BRDA:407,23,0,0
BRDA:407,23,1,0
BRF:41
BRH:0
end_of_record
TN:
SF:utils/databaseAdapter.js
FN:18,(anonymous_0)
FN:47,(anonymous_1)
FN:52,(anonymous_2)
FN:83,(anonymous_3)
FN:87,(anonymous_4)
FN:112,(anonymous_5)
FN:141,(anonymous_6)
FN:162,(anonymous_7)
FN:182,(anonymous_8)
FN:202,(anonymous_9)
FN:207,(anonymous_10)
FN:208,(anonymous_11)
FN:215,(anonymous_12)
FN:219,(anonymous_13)
FN:220,(anonymous_14)
FN:226,(anonymous_15)
FN:243,(anonymous_16)
FN:260,(anonymous_17)
FN:265,(anonymous_18)
FN:266,(anonymous_19)
FN:278,(anonymous_20)
FN:282,(anonymous_21)
FN:283,(anonymous_22)
FN:294,(anonymous_23)
FN:295,(anonymous_24)
FN:299,(anonymous_25)
FN:319,(anonymous_26)
FN:326,(anonymous_27)
FN:328,(anonymous_28)
FN:336,(anonymous_29)
FN:337,(anonymous_30)
FN:340,(anonymous_31)
FN:346,(anonymous_32)
FN:353,(anonymous_33)
FN:355,(anonymous_34)
FN:363,(anonymous_35)
FN:364,(anonymous_36)
FN:368,(anonymous_37)
FN:374,(anonymous_38)
FN:382,(anonymous_39)
FN:388,(anonymous_40)
FN:390,(anonymous_41)
FN:398,(anonymous_42)
FN:399,(anonymous_43)
FN:403,(anonymous_44)
FN:411,(anonymous_45)
FN:417,(anonymous_46)
FN:419,(anonymous_47)
FN:436,(anonymous_48)
FN:451,(anonymous_49)
FN:500,(anonymous_50)
FN:512,(anonymous_51)
FN:537,(anonymous_52)
FN:555,(anonymous_53)
FN:560,(anonymous_54)
FN:563,(anonymous_55)
FN:580,(anonymous_56)
FN:598,(anonymous_57)
FN:600,(anonymous_58)
FN:606,(anonymous_59)
FN:620,(anonymous_60)
FN:634,(anonymous_61)
FN:654,(anonymous_62)
FN:668,(anonymous_63)
FN:695,(anonymous_64)
FN:704,(anonymous_65)
FN:705,(anonymous_66)
FN:727,getDatabaseAdapter
FNF:68
FNH:0
FNDA:0,(anonymous_0)
FNDA:0,(anonymous_1)
FNDA:0,(anonymous_2)
FNDA:0,(anonymous_3)
FNDA:0,(anonymous_4)
FNDA:0,(anonymous_5)
FNDA:0,(anonymous_6)
FNDA:0,(anonymous_7)
FNDA:0,(anonymous_8)
FNDA:0,(anonymous_9)
FNDA:0,(anonymous_10)
FNDA:0,(anonymous_11)
FNDA:0,(anonymous_12)
FNDA:0,(anonymous_13)
FNDA:0,(anonymous_14)
FNDA:0,(anonymous_15)
FNDA:0,(anonymous_16)
FNDA:0,(anonymous_17)
FNDA:0,(anonymous_18)
FNDA:0,(anonymous_19)
FNDA:0,(anonymous_20)
FNDA:0,(anonymous_21)
FNDA:0,(anonymous_22)
FNDA:0,(anonymous_23)
FNDA:0,(anonymous_24)
FNDA:0,(anonymous_25)
FNDA:0,(anonymous_26)
FNDA:0,(anonymous_27)
FNDA:0,(anonymous_28)
FNDA:0,(anonymous_29)
FNDA:0,(anonymous_30)
FNDA:0,(anonymous_31)
FNDA:0,(anonymous_32)
FNDA:0,(anonymous_33)
FNDA:0,(anonymous_34)
FNDA:0,(anonymous_35)
FNDA:0,(anonymous_36)
FNDA:0,(anonymous_37)
FNDA:0,(anonymous_38)
FNDA:0,(anonymous_39)
FNDA:0,(anonymous_40)
FNDA:0,(anonymous_41)
FNDA:0,(anonymous_42)
FNDA:0,(anonymous_43)
FNDA:0,(anonymous_44)
FNDA:0,(anonymous_45)
FNDA:0,(anonymous_46)
FNDA:0,(anonymous_47)
FNDA:0,(anonymous_48)
FNDA:0,(anonymous_49)
FNDA:0,(anonymous_50)
FNDA:0,(anonymous_51)
FNDA:0,(anonymous_52)
FNDA:0,(anonymous_53)
FNDA:0,(anonymous_54)
FNDA:0,(anonymous_55)
FNDA:0,(anonymous_56)
FNDA:0,(anonymous_57)
FNDA:0,(anonymous_58)
FNDA:0,(anonymous_59)
FNDA:0,(anonymous_60)
FNDA:0,(anonymous_61)
FNDA:0,(anonymous_62)
FNDA:0,(anonymous_63)
FNDA:0,(anonymous_64)
FNDA:0,(anonymous_65)
FNDA:0,(anonymous_66)
FNDA:0,getDatabaseAdapter
DA:13,1
DA:14,1
DA:15,1
DA:19,0
DA:20,0
DA:21,0
DA:24,0
DA:25,0
DA:26,0
DA:29,0
DA:30,0
DA:33,0
DA:42,0
DA:43,0
DA:49,0
DA:50,0
DA:51,0
DA:52,0
DA:53,0
DA:54,0
DA:56,0
DA:61,0
DA:62,0
DA:67,0
DA:68,0
DA:69,0
DA:83,0
DA:84,0
DA:87,0
DA:88,0
DA:92,0
DA:93,0
DA:97,0
DA:98,0
DA:99,0
DA:100,0
DA:101,0
DA:119,0
DA:122,0
DA:124,0
DA:125,0
DA:126,0
DA:127,0
DA:130,0
DA:142,0
DA:144,0
DA:145,0
DA:146,0
DA:147,0
DA:150,0
DA:163,0
DA:165,0
DA:166,0
DA:167,0
DA:168,0
DA:171,0
DA:183,0
DA:185,0
DA:186,0
DA:187,0
DA:188,0
DA:191,0
DA:203,0
DA:204,0
DA:207,0
DA:208,0
DA:210,0
DA:216,0
DA:217,0
DA:219,0
DA:220,0
DA:224,0
DA:225,0
DA:226,0
DA:227,0
DA:228,0
DA:230,0
DA:235,0
DA:236,0
DA:237,0
DA:240,0
DA:244,0
DA:245,0
DA:247,0
DA:254,0
DA:255,0
DA:257,0
DA:261,0
DA:262,0
DA:264,0
DA:265,0
DA:266,0
DA:267,0
DA:268,0
DA:269,0
DA:271,0
DA:274,0
DA:275,0
DA:279,0
DA:280,0
DA:282,0
DA:283,0
DA:286,0
DA:287,0
DA:289,0
DA:295,0
DA:296,0
DA:297,0
DA:299,0
DA:300,0
DA:301,0
DA:304,0
DA:305,0
DA:306,0
DA:308,0
DA:309,0
DA:311,0
DA:312,0
DA:313,0
DA:314,0
DA:318,0
DA:319,0
DA:320,0
DA:321,0
DA:323,0
DA:325,0
DA:326,0
DA:328,0
DA:329,0
DA:330,0
DA:337,0
DA:338,0
DA:339,0
DA:340,0
DA:342,0
DA:344,0
DA:345,0
DA:346,0
DA:347,0
DA:348,0
DA:350,0
DA:351,0
DA:352,0
DA:353,0
DA:355,0
DA:356,0
DA:357,0
DA:364,0
DA:365,0
DA:366,0
DA:368,0
DA:369,0
DA:370,0
DA:373,0
DA:374,0
DA:375,0
DA:376,0
DA:379,0
DA:381,0
DA:382,0
DA:383,0
DA:384,0
DA:386,0
DA:387,0
DA:388,0
DA:390,0
DA:391,0
DA:392,0
DA:399,0
DA:400,0
DA:401,0
DA:403,0
DA:404,0
DA:405,0
DA:408,0
DA:410,0
DA:411,0
DA:412,0
DA:413,0
DA:415,0
DA:416,0
DA:417,0
DA:419,0
DA:420,0
DA:421,0
DA:437,0
DA:439,0
DA:440,0
DA:441,0
DA:442,0
DA:444,0
DA:452,0
DA:453,0
DA:455,0
DA:456,0
DA:458,0
DA:463,0
DA:464,0
DA:465,0
DA:468,0
DA:469,0
DA:470,0
DA:473,0
DA:474,0
DA:476,0
DA:477,0
DA:480,0
DA:481,0
DA:484,0
DA:485,0
DA:486,0
DA:489,0
DA:492,0
DA:493,0
DA:501,0
DA:502,0
DA:503,0
DA:505,0
DA:513,0
DA:514,0
DA:515,0
DA:516,0
DA:518,0
DA:521,0
DA:523,0
DA:524,0
DA:525,0
DA:526,0
DA:527,0
DA:529,0
DA:538,0
DA:540,0
DA:541,0
DA:543,0
DA:544,0
DA:545,0
DA:546,0
DA:548,0
DA:556,0
DA:558,0
DA:560,0
DA:561,0
DA:563,0
DA:564,0
DA:565,0
DA:567,0
DA:568,0
DA:570,0
DA:581,0
DA:584,0
DA:587,0
DA:592,0
DA:599,0
DA:600,0
DA:607,0
DA:608,0
DA:610,0
DA:611,0
DA:612,0
DA:613,0
DA:621,0
DA:623,0
DA:624,0
DA:625,0
DA:627,0
DA:635,0
DA:636,0
DA:637,0
DA:640,0
DA:641,0
DA:647,0
DA:648,0
DA:655,0
DA:669,0
DA:671,0
DA:672,0
DA:673,0
DA:674,0
DA:676,0
DA:680,0
DA:681,0
DA:682,0
DA:683,0
DA:685,0
DA:689,0
DA:696,0
DA:698,0
DA:699,0
DA:700,0
DA:703,0
DA:704,0
DA:705,0
DA:706,0
DA:708,0
DA:709,0
DA:716,0
DA:717,0
DA:718,0
DA:725,1
DA:728,0
DA:729,0
DA:731,0
DA:734,1
LF:303
LH:5
BRDA:19,0,0,0
BRDA:19,0,1,0
BRDA:25,1,0,0
BRDA:25,1,1,0
BRDA:42,2,0,0
BRDA:42,2,1,0
BRDA:42,3,0,0
BRDA:42,3,1,0
BRDA:42,3,2,0
BRDA:49,4,0,0
BRDA:49,4,1,0
BRDA:49,5,0,0
BRDA:49,5,1,0
BRDA:51,6,0,0
BRDA:51,6,1,0
BRDA:53,7,0,0
BRDA:53,7,1,0
BRDA:61,8,0,0
BRDA:61,8,1,0
BRDA:61,9,0,0
BRDA:61,9,1,0
BRDA:67,10,0,0
BRDA:67,10,1,0
BRDA:67,11,0,0
BRDA:67,11,1,0
BRDA:67,11,2,0
BRDA:71,12,0,0
BRDA:71,12,1,0
BRDA:72,13,0,0
BRDA:72,13,1,0
BRDA:73,14,0,0
BRDA:73,14,1,0
BRDA:74,15,0,0
BRDA:74,15,1,0
BRDA:76,16,0,0
BRDA:76,16,1,0
BRDA:77,17,0,0
BRDA:77,17,1,0
BRDA:92,18,0,0
BRDA:92,18,1,0
BRDA:92,19,0,0
BRDA:92,19,1,0
BRDA:99,20,0,0
BRDA:99,20,1,0
BRDA:101,21,0,0
BRDA:101,21,1,0
BRDA:112,22,0,0
BRDA:114,23,0,0
BRDA:115,24,0,0
BRDA:116,25,0,0
BRDA:117,26,0,0
BRDA:118,27,0,0
BRDA:124,28,0,0
BRDA:124,28,1,0
BRDA:126,29,0,0
BRDA:126,29,1,0
BRDA:126,30,0,0
BRDA:126,30,1,0
BRDA:144,31,0,0
BRDA:144,31,1,0
BRDA:146,32,0,0
BRDA:146,32,1,0
BRDA:146,33,0,0
BRDA:146,33,1,0
BRDA:165,34,0,0
BRDA:165,34,1,0
BRDA:167,35,0,0
BRDA:167,35,1,0
BRDA:167,36,0,0
BRDA:167,36,1,0
BRDA:185,37,0,0
BRDA:185,37,1,0
BRDA:187,38,0,0
BRDA:187,38,1,0
BRDA:187,39,0,0
BRDA:187,39,1,0
BRDA:217,40,0,0
BRDA:217,40,1,0
BRDA:224,41,0,0
BRDA:224,41,1,0
BRDA:225,42,0,0
BRDA:227,43,0,0
BRDA:227,43,1,0
BRDA:228,44,0,0
BRDA:228,44,1,0
BRDA:230,45,0,0
BRDA:230,45,1,0
BRDA:235,46,0,0
BRDA:235,46,1,0
BRDA:236,47,0,0
BRDA:236,47,1,0
BRDA:245,48,0,0
BRDA:245,48,1,0
BRDA:249,49,0,0
BRDA:249,49,1,0
BRDA:262,50,0,0
BRDA:262,50,1,0
BRDA:267,51,0,0
BRDA:267,51,1,0
BRDA:280,52,0,0
BRDA:280,52,1,0
BRDA:305,53,0,0
BRDA:305,53,1,0
BRDA:308,54,0,0
BRDA:308,54,1,0
BRDA:311,55,0,0
BRDA:311,55,1,0
BRDA:313,56,0,0
BRDA:313,56,1,0
BRDA:318,57,0,0
BRDA:318,57,1,0
BRDA:320,58,0,0
BRDA:320,58,1,0
BRDA:321,59,0,0
BRDA:321,59,1,0
BRDA:323,60,0,0
BRDA:323,60,1,0
BRDA:329,61,0,0
BRDA:329,61,1,0
BRDA:330,62,0,0
BRDA:330,62,1,0
BRDA:344,63,0,0
BRDA:344,63,1,0
BRDA:347,64,0,0
BRDA:347,64,1,0
BRDA:350,65,0,0
BRDA:350,65,1,0
BRDA:356,66,0,0
BRDA:356,66,1,0
BRDA:381,67,0,0
BRDA:381,67,1,0
BRDA:383,68,0,0
BRDA:383,68,1,0
BRDA:386,69,0,0
BRDA:386,69,1,0
BRDA:391,70,0,0
BRDA:391,70,1,0
BRDA:410,71,0,0
BRDA:410,71,1,0
BRDA:412,72,0,0
BRDA:412,72,1,0
BRDA:415,73,0,0
BRDA:415,73,1,0
BRDA:420,74,0,0
BRDA:420,74,1,0
BRDA:436,75,0,0
BRDA:436,76,0,0
BRDA:439,77,0,0
BRDA:439,77,1,0
BRDA:439,78,0,0
BRDA:439,78,1,0
BRDA:441,79,0,0
BRDA:441,79,1,0
BRDA:463,80,0,0
BRDA:463,80,1,0
BRDA:468,81,0,0
BRDA:468,81,1,0
BRDA:473,82,0,0
BRDA:473,82,1,0
BRDA:473,83,0,0
BRDA:473,83,1,0
BRDA:476,84,0,0
BRDA:476,84,1,0
BRDA:476,85,0,0
BRDA:476,85,1,0
BRDA:480,86,0,0
BRDA:480,86,1,0
BRDA:480,87,0,0
BRDA:480,87,1,0
BRDA:480,87,2,0
BRDA:485,88,0,0
BRDA:485,88,1,0
BRDA:489,89,0,0
BRDA:489,89,1,0
BRDA:501,90,0,0
BRDA:501,90,1,0
BRDA:501,91,0,0
BRDA:501,91,1,0
BRDA:514,92,0,0
BRDA:514,92,1,0
BRDA:514,93,0,0
BRDA:514,93,1,0
BRDA:523,94,0,0
BRDA:523,94,1,0
BRDA:525,95,0,0
BRDA:525,95,1,0
BRDA:538,96,0,0
BRDA:538,96,1,0
BRDA:546,97,0,0
BRDA:546,97,1,0
BRDA:556,98,0,0
BRDA:556,98,1,0
BRDA:561,99,0,0
BRDA:561,99,1,0
BRDA:564,100,0,0
BRDA:564,100,1,0
BRDA:567,101,0,0
BRDA:567,101,1,0
BRDA:568,102,0,0
BRDA:568,102,1,0
BRDA:610,103,0,0
BRDA:610,103,1,0
BRDA:621,104,0,0
BRDA:621,104,1,0
BRDA:621,105,0,0
BRDA:621,105,1,0
BRDA:636,106,0,0
BRDA:636,106,1,0
BRDA:659,107,0,0
BRDA:659,107,1,0
BRDA:671,108,0,0
BRDA:671,108,1,0
BRDA:680,109,0,0
BRDA:680,109,1,0
BRDA:698,110,0,0
BRDA:698,110,1,0
BRDA:703,111,0,0
BRDA:703,111,1,0
BRDA:706,112,0,0
BRDA:706,112,1,0
BRDA:716,113,0,0
BRDA:716,113,1,0
BRDA:716,114,0,0
BRDA:716,114,1,0
BRDA:716,114,2,0
BRDA:717,115,0,0
BRDA:717,115,1,0
BRDA:728,116,0,0
BRDA:728,116,1,0
BRF:229
BRH:0
end_of_record
TN:
SF:utils/fileIO.js
FN:10,(anonymous_0)
FN:20,(anonymous_1)
FN:40,(anonymous_2)
FN:69,(anonymous_3)
FN:95,(anonymous_4)
FN:100,(anonymous_5)
FN:111,(anonymous_6)
FN:136,(anonymous_7)
FN:160,getFileIO
FNF:9
FNH:0
FNDA:0,(anonymous_0)
FNDA:0,(anonymous_1)
FNDA:0,(anonymous_2)
FNDA:0,(anonymous_3)
FNDA:0,(anonymous_4)
FNDA:0,(anonymous_5)
FNDA:0,(anonymous_6)
FNDA:0,(anonymous_7)
FNDA:0,getFileIO
DA:5,4
DA:6,4
DA:7,4
DA:11,0
DA:12,0
DA:21,0
DA:23,0
DA:25,0
DA:26,0
DA:28,0
DA:30,0
DA:31,0
DA:41,0
DA:42,0
DA:43,0
DA:46,0
DA:47,0
DA:51,0
DA:52,0
DA:54,0
DA:55,0
DA:56,0
DA:58,0
DA:59,0
DA:70,0
DA:71,0
DA:72,0
DA:74,0
DA:81,0
DA:82,0
DA:83,0
DA:85,0
DA:86,0
DA:96,0
DA:97,0
DA:98,0
DA:100,0
DA:102,0
DA:103,0
DA:112,0
DA:114,0
DA:115,0
DA:118,0
DA:119,0
DA:122,0
DA:124,0
DA:125,0
DA:127,0
DA:128,0
DA:137,0
DA:138,0
DA:139,0
DA:142,0
DA:143,0
DA:144,0
DA:147,0
DA:149,0
DA:151,0
DA:152,0
DA:158,4
DA:161,0
DA:162,0
DA:164,0
DA:167,4
LF:64
LH:5
BRDA:46,0,0,0
BRDA:46,0,1,0
BRDA:54,1,0,0
BRDA:54,1,1,0
BRDA:161,2,0,0
BRDA:161,2,1,0
BRF:6
BRH:0
end_of_record
TN:
SF:utils/legalHeaders.js
FN:7,(anonymous_0)
FN:202,(anonymous_1)
FN:291,(anonymous_2)
FN:301,(anonymous_3)
FNF:4
FNH:0
FNDA:0,(anonymous_0)
FNDA:0,(anonymous_1)
FNDA:0,(anonymous_2)
FNDA:0,(anonymous_3)
DA:7,0
DA:8,0
DA:9,0
DA:10,0
DA:11,0
DA:13,0
DA:199,0
DA:202,0
DA:203,0
DA:204,0
DA:206,0
DA:285,0
DA:291,0
DA:292,0
DA:293,0
DA:295,0
DA:301,0
DA:309,0
DA:311,0
DA:313,0
DA:314,0
DA:317,0
DA:319,0
DA:320,0
DA:323,0
DA:326,0
LF:26
LH:0
BRDA:7,0,0,0
BRDA:7,1,0,0
BRDA:9,2,0,0
BRDA:9,2,1,0
BRDA:10,3,0,0
BRDA:10,3,1,0
BRDA:11,4,0,0
BRDA:11,4,1,0
BRDA:199,5,0,0
BRDA:199,5,1,0
BRDA:199,5,2,0
BRDA:202,6,0,0
BRDA:202,7,0,0
BRDA:204,8,0,0
BRDA:204,8,1,0
BRDA:285,9,0,0
BRDA:285,9,1,0
BRDA:285,9,2,0
BRDA:291,10,0,0
BRDA:291,11,0,0
BRDA:301,12,0,0
BRDA:303,13,0,0
BRDA:304,14,0,0
BRDA:305,15,0,0
BRDA:306,16,0,0
BRDA:307,17,0,0
BRDA:308,18,0,0
BRDA:313,19,0,0
BRDA:313,19,1,0
BRDA:319,20,0,0
BRDA:319,20,1,0
BRF:31
BRH:0
end_of_record
TN:
SF:utils/metricsExporter.js
FN:11,(anonymous_0)
FN:31,(anonymous_1)
FN:575,(anonymous_2)
FN:582,(anonymous_3)
FN:589,(anonymous_4)
FN:605,(anonymous_5)
FN:609,(anonymous_6)
FN:613,(anonymous_7)
FN:617,(anonymous_8)
FN:621,(anonymous_9)
FN:628,(anonymous_10)
FN:633,(anonymous_11)
FN:638,(anonymous_12)
FN:642,(anonymous_13)
FN:649,(anonymous_14)
FN:656,(anonymous_15)
FN:663,(anonymous_16)
FN:667,(anonymous_17)
FN:671,(anonymous_18)
FN:675,(anonymous_19)
FN:682,(anonymous_20)
FN:686,(anonymous_21)
FN:695,(anonymous_22)
FN:699,(anonymous_23)
FN:703,(anonymous_24)
FN:707,(anonymous_25)
FN:711,(anonymous_26)
FN:718,(anonymous_27)
FN:726,(anonymous_28)
FN:730,(anonymous_29)
FN:735,(anonymous_30)
FN:742,(anonymous_31)
FN:750,(anonymous_32)
FN:754,(anonymous_33)
FN:758,(anonymous_34)
FN:765,(anonymous_35)
FN:770,(anonymous_36)
FN:774,(anonymous_37)
FN:778,(anonymous_38)
FN:785,(anonymous_39)
FN:792,(anonymous_40)
FN:796,(anonymous_41)
FN:800,(anonymous_42)
FN:807,(anonymous_43)
FN:811,(anonymous_44)
FN:821,(anonymous_45)
FN:825,(anonymous_46)
FN:832,(anonymous_47)
FN:836,(anonymous_48)
FN:840,(anonymous_49)
FN:844,(anonymous_50)
FN:851,(anonymous_51)
FN:858,(anonymous_52)
FN:862,(anonymous_53)
FN:866,(anonymous_54)
FN:873,(anonymous_55)
FN:880,(anonymous_56)
FN:887,(anonymous_57)
FN:891,(anonymous_58)
FN:895,(anonymous_59)
FNF:60
FNH:2
FNDA:6,(anonymous_0)
FNDA:6,(anonymous_1)
FNDA:0,(anonymous_2)
FNDA:0,(anonymous_3)
FNDA:0,(anonymous_4)
FNDA:0,(anonymous_5)
FNDA:0,(anonymous_6)
FNDA:0,(anonymous_7)
FNDA:0,(anonymous_8)
FNDA:0,(anonymous_9)
FNDA:0,(anonymous_10)
FNDA:0,(anonymous_11)
FNDA:0,(anonymous_12)
FNDA:0,(anonymous_13)
FNDA:0,(anonymous_14)
FNDA:0,(anonymous_15)
FNDA:0,(anonymous_16)
FNDA:0,(anonymous_17)
FNDA:0,(anonymous_18)
FNDA:0,(anonymous_19)
FNDA:0,(anonymous_20)
FNDA:0,(anonymous_21)
FNDA:0,(anonymous_22)
FNDA:0,(anonymous_23)
FNDA:0,(anonymous_24)
FNDA:0,(anonymous_25)
FNDA:0,(anonymous_26)
FNDA:0,(anonymous_27)
FNDA:0,(anonymous_28)
FNDA:0,(anonymous_29)
FNDA:0,(anonymous_30)
FNDA:0,(anonymous_31)
FNDA:0,(anonymous_32)
FNDA:0,(anonymous_33)
FNDA:0,(anonymous_34)
FNDA:0,(anonymous_35)
FNDA:0,(anonymous_36)
FNDA:0,(anonymous_37)
FNDA:0,(anonymous_38)
FNDA:0,(anonymous_39)
FNDA:0,(anonymous_40)
FNDA:0,(anonymous_41)
FNDA:0,(anonymous_42)
FNDA:0,(anonymous_43)
FNDA:0,(anonymous_44)
FNDA:0,(anonymous_45)
FNDA:0,(anonymous_46)
FNDA:0,(anonymous_47)
FNDA:0,(anonymous_48)
FNDA:0,(anonymous_49)
FNDA:0,(anonymous_50)
FNDA:0,(anonymous_51)
FNDA:0,(anonymous_52)
FNDA:0,(anonymous_53)
FNDA:0,(anonymous_54)
FNDA:0,(anonymous_55)
FNDA:0,(anonymous_56)
FNDA:0,(anonymous_57)
FNDA:0,(anonymous_58)
FNDA:0,(anonymous_59)
DA:7,6
DA:8,6
DA:13,6
DA:16,6
DA:23,6
DA:25,6
DA:36,6
DA:43,6
DA:49,6
DA:56,6
DA:67,6
DA:73,6
DA:79,6
DA:86,6
DA:91,6
DA:100,6
DA:107,6
DA:113,6
DA:119,6
DA:125,6
DA:131,6
DA:141,6
DA:147,6
DA:154,6
DA:160,6
DA:167,6
DA:173,6
DA:179,6
DA:185,6
DA:195,6
DA:201,6
DA:207,6
DA:213,6
DA:219,6
DA:226,6
DA:232,6
DA:238,6
DA:248,6
DA:254,6
DA:260,6
DA:266,6
DA:277,6
DA:283,6
DA:289,6
DA:295,6
DA:305,6
DA:310,6
DA:315,6
DA:321,6
DA:326,6
DA:336,6
DA:342,6
DA:348,6
DA:353,6
DA:362,6
DA:368,6
DA:373,6
DA:383,6
DA:389,6
DA:395,6
DA:401,6
DA:407,6
DA:413,6
DA:419,6
DA:430,6
DA:436,6
DA:442,6
DA:448,6
DA:454,6
DA:461,6
DA:467,6
DA:478,6
DA:484,6
DA:490,6
DA:496,6
DA:502,6
DA:510,6
DA:511,6
DA:512,6
DA:513,6
DA:514,6
DA:515,6
DA:516,6
DA:517,6
DA:518,6
DA:519,6
DA:520,6
DA:521,6
DA:522,6
DA:523,6
DA:524,6
DA:525,6
DA:526,6
DA:527,6
DA:528,6
DA:529,6
DA:530,6
DA:531,6
DA:532,6
DA:533,6
DA:534,6
DA:535,6
DA:536,6
DA:537,6
DA:538,6
DA:539,6
DA:540,6
DA:541,6
DA:542,6
DA:543,6
DA:544,6
DA:547,6
DA:548,6
DA:549,6
DA:550,6
DA:551,6
DA:552,6
DA:553,6
DA:556,6
DA:557,6
DA:558,6
DA:559,6
DA:560,6
DA:561,6
DA:562,6
DA:565,6
DA:566,6
DA:567,6
DA:568,6
DA:569,6
DA:576,0
DA:583,0
DA:590,0
DA:591,0
DA:593,0
DA:594,0
DA:597,0
DA:598,0
DA:606,0
DA:610,0
DA:614,0
DA:618,0
DA:622,0
DA:629,0
DA:630,0
DA:634,0
DA:635,0
DA:639,0
DA:643,0
DA:650,0
DA:651,0
DA:652,0
DA:657,0
DA:658,0
DA:659,0
DA:664,0
DA:668,0
DA:672,0
DA:676,0
DA:683,0
DA:687,0
DA:688,0
DA:690,0
DA:691,0
DA:696,0
DA:700,0
DA:704,0
DA:708,0
DA:712,0
DA:719,0
DA:720,0
DA:721,0
DA:722,0
DA:727,0
DA:731,0
DA:732,0
DA:736,0
DA:744,0
DA:745,0
DA:746,0
DA:747,0
DA:751,0
DA:755,0
DA:759,0
DA:766,0
DA:767,0
DA:771,0
DA:775,0
DA:779,0
DA:786,0
DA:787,0
DA:788,0
DA:793,0
DA:797,0
DA:801,0
DA:808,0
DA:812,0
DA:813,0
DA:814,0
DA:822,0
DA:826,0
DA:827,0
DA:828,0
DA:833,0
DA:837,0
DA:841,0
DA:845,0
DA:852,0
DA:853,0
DA:854,0
DA:859,0
DA:863,0
DA:867,0
DA:868,0
DA:869,0
DA:874,0
DA:881,0
DA:882,0
DA:883,0
DA:888,0
DA:892,0
DA:896,0
DA:901,6
DA:903,6
LF:224
LH:132
BRDA:593,0,0,0
BRDA:593,0,1,0
BRDA:597,1,0,0
BRDA:597,1,1,0
BRDA:628,2,0,0
BRDA:651,3,0,0
BRDA:651,3,1,0
BRDA:658,4,0,0
BRDA:658,4,1,0
BRDA:687,5,0,0
BRDA:687,5,1,0
BRDA:687,6,0,0
BRDA:687,6,1,0
BRDA:690,7,0,0
BRDA:690,7,1,0
BRDA:690,8,0,0
BRDA:690,8,1,0
BRDA:719,9,0,0
BRDA:719,9,1,0
BRDA:721,10,0,0
BRDA:721,10,1,0
BRDA:745,11,0,0
BRDA:745,11,1,0
BRDA:746,12,0,0
BRDA:746,12,1,0
BRDA:787,13,0,0
BRDA:787,13,1,0
BRDA:808,14,0,0
BRDA:808,14,1,0
BRDA:812,15,0,0
BRDA:812,15,1,0
BRDA:813,16,0,0
BRDA:813,16,1,0
BRDA:827,17,0,0
BRDA:827,17,1,0
BRDA:853,18,0,0
BRDA:853,18,1,0
BRDA:868,19,0,0
BRDA:868,19,1,0
BRDA:882,20,0,0
BRDA:882,20,1,0
BRF:41
BRH:0
end_of_record
TN:
SF:utils/redisStatsCollector.js
FN:9,(anonymous_0)
FN:27,(anonymous_1)
FN:124,(anonymous_2)
FN:131,(anonymous_3)
FN:142,(anonymous_4)
FN:153,(anonymous_5)
FN:181,(anonymous_6)
FN:194,(anonymous_7)
FN:198,(anonymous_8)
FN:200,(anonymous_9)
FN:214,(anonymous_10)
FN:308,(anonymous_11)
FNF:12
FNH:0
FNDA:0,(anonymous_0)
FNDA:0,(anonymous_1)
FNDA:0,(anonymous_2)
FNDA:0,(anonymous_3)
FNDA:0,(anonymous_4)
FNDA:0,(anonymous_5)
FNDA:0,(anonymous_6)
FNDA:0,(anonymous_7)
FNDA:0,(anonymous_8)
FNDA:0,(anonymous_9)
FNDA:0,(anonymous_10)
FNDA:0,(anonymous_11)
DA:6,0
DA:10,0
DA:11,0
DA:12,0
DA:13,0
DA:14,0
DA:16,0
DA:17,0
DA:18,0
DA:21,0
DA:29,0
DA:36,0
DA:43,0
DA:50,0
DA:57,0
DA:63,0
DA:70,0
DA:78,0
DA:85,0
DA:92,0
DA:99,0
DA:106,0
DA:112,0
DA:118,0
DA:125,0
DA:126,0
DA:129,0
DA:131,0
DA:132,0
DA:136,0
DA:143,0
DA:144,0
DA:145,0
DA:146,0
DA:154,0
DA:155,0
DA:158,0
DA:159,0
DA:162,0
DA:163,0
DA:166,0
DA:168,0
DA:169,0
DA:173,0
DA:174,0
DA:182,0
DA:183,0
DA:184,0
DA:186,0
DA:187,0
DA:195,0
DA:196,0
DA:198,0
DA:199,0
DA:200,0
DA:201,0
DA:202,0
DA:203,0
DA:208,0
DA:215,0
DA:217,0
DA:218,0
DA:221,0
DA:222,0
DA:226,0
DA:227,0
DA:231,0
DA:232,0
DA:235,0
DA:239,0
DA:240,0
DA:244,0
DA:245,0
DA:246,0
DA:247,0
DA:249,0
DA:253,0
DA:254,0
DA:255,0
DA:256,0
DA:258,0
DA:262,0
DA:263,0
DA:264,0
DA:265,0
DA:267,0
DA:270,0
DA:271,0
DA:272,0
DA:273,0
DA:275,0
DA:279,0
DA:280,0
DA:281,0
DA:283,0
DA:284,0
DA:285,0
DA:289,0
DA:290,0
DA:291,0
DA:293,0
DA:294,0
DA:295,0
DA:301,0
DA:309,0
DA:311,0
DA:312,0
DA:318,0
DA:319,0
DA:320,0
DA:321,0
DA:323,0
DA:345,0
LF:113
LH:0
BRDA:13,0,0,0
BRDA:13,0,1,0
BRDA:16,1,0,0
BRDA:16,1,1,0
BRDA:16,2,0,0
BRDA:16,2,1,0
BRDA:21,3,0,0
BRDA:21,3,1,0
BRDA:125,4,0,0
BRDA:125,4,1,0
BRDA:125,5,0,0
BRDA:125,5,1,0
BRDA:143,6,0,0
BRDA:143,6,1,0
BRDA:168,7,0,0
BRDA:168,7,1,0
BRDA:201,8,0,0
BRDA:201,8,1,0
BRDA:201,9,0,0
BRDA:201,9,1,0
BRDA:201,9,2,0
BRDA:217,10,0,0
BRDA:217,10,1,0
BRDA:221,11,0,0
BRDA:221,11,1,0
BRDA:226,12,0,0
BRDA:226,12,1,0
BRDA:231,13,0,0
BRDA:231,13,1,0
BRDA:233,14,0,0
BRDA:233,14,1,0
BRDA:239,15,0,0
BRDA:239,15,1,0
BRDA:244,16,0,0
BRDA:244,16,1,0
BRDA:246,17,0,0
BRDA:246,17,1,0
BRDA:246,18,0,0
BRDA:246,18,1,0
BRDA:253,19,0,0
BRDA:253,19,1,0
BRDA:255,20,0,0
BRDA:255,20,1,0
BRDA:255,21,0,0
BRDA:255,21,1,0
BRDA:262,22,0,0
BRDA:262,22,1,0
BRDA:264,23,0,0
BRDA:264,23,1,0
BRDA:264,24,0,0
BRDA:264,24,1,0
BRDA:270,25,0,0
BRDA:270,25,1,0
BRDA:272,26,0,0
BRDA:272,26,1,0
BRDA:272,27,0,0
BRDA:272,27,1,0
BRDA:279,28,0,0
BRDA:279,28,1,0
BRDA:280,29,0,0
BRDA:280,29,1,0
BRDA:283,30,0,0
BRDA:283,30,1,0
BRDA:291,31,0,0
BRDA:291,31,1,0
BRDA:294,32,0,0
BRDA:294,32,1,0
BRDA:311,33,0,0
BRDA:311,33,1,0
BRDA:318,34,0,0
BRDA:318,34,1,0
BRDA:319,35,0,0
BRDA:319,35,1,0
BRDA:321,36,0,0
BRDA:321,36,1,0
BRDA:328,37,0,0
BRDA:328,37,1,0
BRF:77
BRH:0
end_of_record
